<?xml version="1.0" encoding="UTF-8"?>
<robot generator="Robot 7.0 (Python 3.12.3 on win32)" generated="2025-04-07T12:10:30.668765" rpa="false" schemaversion="5">
<suite id="s1" name="Robot-Automation" source="C:\Users\KaHa\PycharmProjects\Robot-Automation">
<suite id="s1-s1" name="QA Testcases" source="C:\Users\KaHa\PycharmProjects\Robot-Automation\QA_Testcases">
<suite id="s1-s1-s1" name="Test Practice" source="C:\Users\KaHa\PycharmProjects\Robot-Automation\QA_Testcases\Test_Practice.robot">
<test id="s1-s1-s1-t1" name="Wellness" line="8">
<kw name="Open Application" owner="AppiumLibrary">
<arg>http://localhost:4723/wd/hub</arg>
<arg>platformName=Android</arg>
<arg>deviceName=RZCTC0W9DNN</arg>
<arg>appPackage=com.coveiot.android.boat</arg>
<arg>appActivity=com.coveiot.android.leonardo.onboarding.splash.activities.ActivitySplash</arg>
<arg>automationName=Uiautomator2</arg>
<arg>noReset=true</arg>
<arg>fullReset=false</arg>
<doc>Opens a new application to given Appium server.
Capabilities of appium server, Android and iOS,
Please check https://github.com/appium/appium/blob/master/docs/en/writing-running-appium/server-args.md
| *Option*            | *Man.* | *Description*     |
| remote_url          | Yes    | Appium server url |
| alias               | no     | alias             |
| strict_ssl          | No     | allows you to send commands to an invalid certificate host like a self-signed one. |</doc>
<status status="PASS" start="2025-04-07T12:10:30.904800" elapsed="9.159578"/>
</kw>
<kw name="Sleep" owner="BuiltIn">
<msg time="2025-04-07T12:11:10.066162" level="INFO">Slept 30 seconds.</msg>
<arg>30</arg>
<doc>Pauses the test executed for the given time.</doc>
<status status="PASS" start="2025-04-07T12:10:40.065881" elapsed="30.000281"/>
</kw>
<kw name="Wait Until Element Is Visible" owner="AppiumLibrary">
<msg time="2025-04-07T12:11:10.264761" level="INFO">criteria is com.coveiot.android.boat:id/fragmentHealth</msg>
<arg>${wellness_icon}</arg>
<arg>10</arg>
<doc>Waits until element specified with `locator` is visible.</doc>
<status status="PASS" start="2025-04-07T12:11:10.066162" elapsed="0.198599"/>
</kw>
<kw name="Click Element" owner="AppiumLibrary">
<msg time="2025-04-07T12:11:10.272936" level="INFO">Clicking element 'com.coveiot.android.boat:id/fragmentHealth'.</msg>
<msg time="2025-04-07T12:11:11.474839" level="INFO">criteria is com.coveiot.android.boat:id/fragmentHealth</msg>
<arg>${wellness_icon}</arg>
<doc>Click element identified by `locator`.</doc>
<status status="PASS" start="2025-04-07T12:11:10.264761" elapsed="1.210078"/>
</kw>
<kw name="Sleep" owner="BuiltIn">
<msg time="2025-04-07T12:11:16.476289" level="INFO">Slept 5 seconds.</msg>
<arg>5</arg>
<doc>Pauses the test executed for the given time.</doc>
<status status="PASS" start="2025-04-07T12:11:11.475842" elapsed="5.000447"/>
</kw>
<kw name="Create List" owner="BuiltIn">
<msg time="2025-04-07T12:11:16.479319" level="INFO">@{firstFinger} = [ 197 700 ]</msg>
<var>@{firstFinger}</var>
<arg>${197} ${700}</arg>
<doc>Returns a list containing given items.</doc>
<status status="PASS" start="2025-04-07T12:11:16.476289" elapsed="0.003030"/>
</kw>
<kw name="Tap With Positions" owner="AppiumLibrary">
<kw name="Capture Page Screenshot" owner="AppiumLibrary">
<msg time="2025-04-07T12:11:18.220741" level="INFO" html="true">&lt;/td&gt;&lt;/tr&gt;&lt;tr&gt;&lt;td colspan="3"&gt;&lt;img src="data:image/png;base64, iVBORw0KGgoAAAANSUhEUgAABDgAAAloCAYAAACBSQW4AAAAAXNSR0IArs4c6QAAAARzQklUCAgI
CHwIZIgAACAASURBVHic7N19XM13/wfw16lOpXsR3RzFxii3TYS5GSq7WKRmM3HJ3FUm5i4uDEub
Yna5WZmbyTXZhrI1bFOIuQtjSOIyWoqIdCPd6/dHv87V0Tmnc9fNWa/n47HHo/P9fL+f7/u01vq+
z+fzfgssLS0rQURERERERESkxXQaOwAiIiIiIiIiInUxwUFEREREREREWo8JDiIiIiIiIiLSekxw
EBEREREREZHWY4KDiIiIiIiIiLQeExxEREREREREpPWY4CAiIiIiIiIirccEBxERERERERFpPSY4
iIiIiIiIiEjrMcFBRERERERERFqPCQ4iIiIiIiIi0npMcBARERERERGR1mOCg4iIiIiIiIi0HhMc
RERERERERKT19Bo7ACJqPPr6+hgwYABGjRqF3r17w8bGBkKhUOP3KSoqwv3793Hq1CkcPnwYV65c
QXl5ucbvQ0REREREzZfA0tKysrGDIKKG5+zsjE8++QSOjo4Net8XL17gzJkzWLVqFe7evdug9yYi
IiIior8vJjiImiFPT0+EhobCyMio0WJ4+PAhAgMDceXKlUaLgYiIiP6+RCIR+vbtC5FIBEdHR5iZ
mQEATE1NUVBQID7vxo0byMjIwPnz55GSktJY4RKRBjDBQVqlc+fO6Nq1KwoKCpCRkYHc3FxYWFig
Q4cOyM/PR1paGnJyclBSUoKKiorGDldCU4nd2dkZu3btatTkRrWHDx/C29sbDx8+bOxQiIiISEnu
7u5wdHREfn4+YmNjkZ+f39ghwcnJCX5+fuLEhiri4+MRHx+P2NhYDUfXOGxsbAAADx48aORISFUC
gQCGhoYwNzeHvr5+rfHS0lLk5eWhuLgYlZXN+/GeCQ4ZhEIh9PX1UV5ejpKSEqWutba2Rv/+/dGh
QweYmpqisLAQ2dnZSElJwYULF+opYvnUeT+auF5dZmZmsLKygp6eHtq1awdHR0fcunULFy9eRNu2
bWFlZYUHDx4gKysLBgYGMDIyQmlpKXJzc1FUVNTg8TbV2PX19RETE9Pg21LkiYuLw/z585v9L2Mi
IiJtsnbtWowdO1b8Oj8/HwEBAUhKSmqUeLy9vREUFKRyUkOa/Px8REVFITY2FhkZGRqbtyE5Ojpi
1qxZAIAdO3bg8uXL9XIfY2NjDB06FHZ2drC0tIRAIMCTJ09w//59HDt2DIWFhWrf44033kDPnj1h
aWkJAMjJycG1a9dw7tw5lJWVKT2fUCiEm5sbunfvDnNzc+Tl5eHatWtISEhQaT6g6vtQTZPPTWZm
ZujatSuMjY2ho1O7T8iLFy/w7NkzpKSkNIlEY2NiguMlbdu2RUBAALy9vWFkZITTp09j8uTJCl07
ZMgQTJ06FX379oWenvT6rWlpaTh48CC+/PJLlf/DUYY670cT16tr8ODBcHZ2hrW1NbKzs3H79m3c
unULLVq0QF5eHu7duwcdHR0IhUJUVFTAwsICRkZGyMrKQmlpKSorKxutmGVTjP3NN9/E9u3bNTqn
Jri4uCA3N7exwyAiIiIF+Pj4ICwsTOrYxo0bsXHjxgaLRZHExo0bN5Cfn4/z58/XGnN0dISpqSlc
XV3l3mfjxo2IiorSuofHRYsWYcaMGQCA7777DsuWLdPo/M7OzggMDETfvn0lHu5rKiwsxIULF/Dl
l1+qlGD58MMP8d5774lXorwsKysL+/fvV+r5aty4cQgKCpI654MHD7Bx40bs27dPqThXrFiBSZMm
iV+vXr0aUVFRSs0hS+vWreHq6io1uVHtxYsXSEpKwuPHjzVyT23FLir/r1WrVpg5cybeeecd8f48
RRkYGCAkJAReXl5yf+gAoH379vjwww8xbNgwLFiwALdu3VInbJnUeT+auF4TZs+eDaAqe56YmIin
T5/i3r17Uj/pr86O1lzxYGpq2mirN5pq7KNGjdL4nJrg7u6u9P9EiIiIqHHISyYEBQXB1dUVAQEB
9ZoMEIlECAsLk5qYKCgoQEJCAo4cOYKkpCSF43B1dYWHhwfc3NxgZ2cnMRYUFARvb2+EhoYiPj5e
I++hITg5OYm/7tChg0bnXrBgAT744AOpWyZqMjY2xptvvokBAwZgx44d+PzzzxWa38rKCpGRkejV
q5fc86ytrfHhhx9i0KBBCAwMrHPrc2BgIObOnSvzuc3GxgahoaGwsrJCRESEQrEOGDAA48ePF78+
e/asxpIb1ep6zqxrvLlo9gkOU1NTzJw5E++99x5atmyp9PVCoRA7duxAv379JI6XlpYiLS0NBQUF
MDQ0hJ2dHSwsLMTjTk5O2Lx5MyZMmKDRLJu670fd6zVBT08PDg4OOHv2LAoKCqCvr49r164pPU/N
4lENpanH3rt37zrPKSkpQVpaGoCq/X7VBAKBOEFTffzlhE3N19Vfd+rUCbq6unLv6ePjwwQHERGR
FkpKSsL58+fFH+4AVYmCxMREBAcH10sywN3dHWFhYbU+hMvMzMTGjRsRExOj0rxJSUlISkpCSEgI
XF1dMWXKFLi5uYnHRSIRIiMjERUVhdWrV6v1HhqKUCisl3mDgoLg7+8vcaykpAR3795FXl4eAMDc
3BwdOnSAgYEBgKqt0gEBASgqKqozcWBsbIwdO3ZIJGgA4NGjR+JaIjY2NmjTpo14rGfPnti2bRve
f/99mVtiBg8ejNmzZ4uTARkZGdi3bx/S09Ph4OCAcePGwc7ODjo6Opg9ezaSk5Nx8uRJubEaGBjg
448/Fn+v8/PzsXLlSrnXKEJHR0f8PGZqaqrQNaampuK/wZ8+fYoXL16oHYe2abYJDkNDQ0ybNg0T
J05E69atVZ7n008/lUhu5ObmIioqCtHR0Xj69KnEuZ6enpg7dy4cHBwAAK+88gpWrVol3henDnXf
j6a+H5rw2Wef4fLly7h37x7S09Px6NGjRo1HGU09dllL+2q6d+8ePD09NfYL8dy5c3X+THXt2lUj
9yIiIqKGt2HDBpw7dw7h4eHilQ9mZmb1kgwICgpCUFCQxLGCggKsXr1a5cSGNNXJDicnJyxdulRi
pUh1EdOJEydq3ZYVTejfv7/E80teXh62b9+OPXv2iJMb1czNzeHr64upU6fC3NwcADBnzhxcvHhR
6pahaitXrpRIbvz5559Yu3YtEhISJM5zd3fHokWLxKtTnJycsHLlSixcuFDqvDNnzhQnItLT0zFh
wgRkZWWJx2NjY7Fnzx6IRCIIhULMnDmzzgTHokWL0LFjR/HrL7/8En/++afca+QRCARwdHTEq6++
qvS13bp1k3h9+/ZtpKamNqtad81uHYtQKMT06dMRHx+PuXPnSjx4FRQUYOfOnQoXEXJzc8OYMWPE
r//66y+MHz8emzdvrpXcAICffvoJ48ePx927dyXmkLdczN/fHydOnMBvv/2GwMBAjb8fTX4/NMHN
zQ3Pnj3Dq6++irS0tCaXIJBHG2JXJItvaGgos4ZMfWnRokWD3o+IiIg0KykpCZ6enrUeQP38/BAd
Ha2Re4SHh9dKbhw4cABDhgxROLkhEong6upaa2WALCkpKfD19UVoaKjEClsnJyfs3r270bZyN6Z/
/vOf4tW5z58/h7+/PyIjI2slN4Cq5EdERAQCAgLw/PlzAICuri78/Pxkzt+nTx+MHj1a/Do1NRXj
x4+v9bMFVHW8GT9+PG7evCk+Nnr0aLi4uNQ619bWFn369BG/3rJli0RyAwDu37+PLVu2SMRibW0t
M9Z+/frh/fffF79OSkrCjh07ZJ6viNdee02l5IY0HTt2xGuvvaaRubRFs0twtG3bFnPnzpX4JLu0
tBQxMTHw9PREaGiowoUdZ82aJV7elJ+fj6CgINy+fVvuNdnZ2di8ebP4ta6uLjw8PKSe++qrr+Kj
jz6CnZ0dbGxsMGfOnFo/7Oq+H01+P9Tl4OCAp0+fwsLCAocPH8a9e/cUuu4rA5N6jqxu2hz7y0xN
TRs8wUFERERNg4+PD+Li4hAZGan0w3t+fj78/f0RHBwskQxwdXWts4hnXZycnODt7S1xLDg4GAsX
LpS5ikIkEsHPzw+RkZG4ffs2bt++jcTERERHRyMuLk58LC4uDsuWLZOb9Ni5cyd8fX1x48YNiZim
TJmi1vvSBAcHBwwcOFC8QqK+vf766+Kvf/zxR4W6RJ4/fx5xcXHi1/K2Tfv5+YkTKKWlpViyZInU
D4+rPXnyBEuWLEFpaSmAqucraU0R3njjDfGzW1FREX788Uep8x04cADFxcUAqraJvPHGG1LPq96a
Ul2DpKCgAKtWrZIZp6I0nZBobgmOZvcUk5GRgfj4eLz99tuoqKjA0aNHsWHDBomsnyI6dOggkWyI
iorC9evXFbr2l19+wWeffSb+j6F6y8rLbG1tJWoX6OrqwtbWVmLJk7rvR1PfD02wt7eHrq4url+/
jt9//13h6wboCiEA0JgLr7Q59pdVt7X966+/xMcsLS0xc+bMOmtpSFv+JquiNhERETU9y5Ytg6mp
KZycnMTFQpVt/RoTE4N+/fpJtJFVV0ZGBgoKCmBqaoqCggL4+voiJSVF6rmurq7iYqeKcHJygpOT
E/z8/MStYaV1gqlezREdHQ1HR0fxscbUpk0bzJ8/H9bW1rh48SLCw8Pr9X4tW7ZEq1atxK9Pnz6t
8LWnT58WF+Js1aqVuDVrTcbGxhg0aJD4dUJCgkL17K5evYpjx47hrbfeAlDV3dLY2FiiFkfbtm3F
X2dlZcls4VpSUoIHDx6IV9nLWsExb948ieTBli1b6q2BBCmu2SU4AODrr79Gy5YtsXnzZoUyjtLc
vXsXb7/9Nvz9/eHq6oqtW7cqfG1JSQmKiorECY7qwjsvu3TpEu7du4d27doBqPrFfunSpVrnqft+
NPH9UNcHH3yA48ePY8SIEUp9L0foVm256KWji8svKuorPLm0OXZpBAJBrfeSl5cHd3d32NvbN2Jk
REREVN+SkpLEhTXNzMwQHR2tVOtXkUiEiIgIidUQBQUFEisfVJGfnw9PT0/4+PggJiZG6hZqZRMb
0piZmYk7pmzcuBGxsbEy48jIyFA6+aNpdnZ2GDlyJICqwu71neAwMZFcfSxvZcXLXj7X1NS0VoLD
w8MDRkZG4teHDh1SeP6DBw+KExxGRkZwd3fHDz/8IB6vOW9d3Qprjkv7sK5Pnz4SLWEvXryIr776
SuFYVSUQCGBoaAgjIyPxapSSkhIUFhaioqLpPE80pmaZ4Lh69arUZUvKSk9Px7/+9S8IhUKFey4D
VZnPmr8cZC2rKywshK+vL8aNGweBQID9+/dLrQis7vvR1PdDHTo6OhAKhXj8+LFSxS0/1q/6RbW1
hRn6FCr+C1aTtDl2WcaOHSuR4KioqEBoaCgiIiLqXMXR1E2fPh2jRo1Cly5dAFTt6zx06BC2bdvW
yJERERE1vkWLFiE8PFyie4iirV9ldTdZvXq1RopxZmRkYMOGDVLH/Pz8sGzZMqlj1Z1ezp07BwDi
lSDA/1ZvuLm5SXSqEIlECA8Ph7u7O4KDg2vFr8mCpuqo2aJV0U4b6sjKykJpaan4vvb29goneWp+
UFZaWiq1nWvN2hmlpaVITExUOLbjx49LxObi4iKR4Kj5HFVX/beayZBnz55JjAmFQomtKYWFhRrZ
mlKtZmeYl1VUVMDMzAzt27eHrq4uBAIBnjx5gkePHom36DR3zTLBoWnKJDcAYNy4cRIPifKq7N6/
f1/mL/K/Cz09PQiFQrRu3Vqp/1kIBQKYCaoyl4aNtMdDm2OXp2PHjhg4cCBOnTolPnbs2DFs374d
M2bMkGgfqy3s7e2xcePGWtWlu3Xrhm7dumHUqFEICgpCenp6I0VIRETU+KrraMyZM0dq69eAgACp
1y1fvrzWB2aZmZkICAio120cZmZmWLZsWa36HAUFBYiKisLOnTvlJldqPpy7u7vDz89PYgWIu7s7
7OzssHjx4kbfjtIUlJWV4ebNm+jevTsA4K233sK+ffsUurZ6dQVQ9QGTtGeoV155Rfx1RkaGzG0k
0pSUlCAzM1O8teTl2oX3798Xf21jYwMDAwOp8xsaGkrUJ6x5HQB89NFH4i1KAPDVV1+pvUKppiVL
lkg9/uLFC5w6dQqffvop7ty5Iz7eo0cP/Otf/5KojfIydQufapNmV2S0sYlEIkydOlX8uqSkBL/8
8ksjRtT4WrVqhZs3b+LVV19VqoXRu7qSHUGC9JXrxKGrqwuhUCiR+VaWNscuj0AgwOrVqyWy25WV
lVi/fj02btyolT21pSU3aurWrZvCy2+JiIj+7jZs2ICAgACJYqHVW1aGDx8uPmZnZ4e4uLhayY2E
hAR4enrWe1Jg+fLltZIbmzZtwpAhQ7BhwwalVo7Ex8fD19e3VpHU5twxRZqaCY3BgwfD39+/zmv8
/f0lamvs3btX6nk1612kpaUpHVvNa2rW3ACAU6dOibdxGBoawsvLS+ocPj4+4hICFRUVEnVGnJ2d
JX7WL1++jIiICKXjVEVOTg7Onj0rkdwwMjLCgAEDuI28BiY4GpC1tTW2bt0qUZgnNjYWjx8/bsSo
Gt8rr7yCK1euiJcNKipYX3I/3GRd6bVMZNHT04OJiQksLCyUuq4mbY69LiKRCJs2bZJIolRUVGDT
pk2YPHkynjx5Um/31rTp06fLTW5U69atG6ZPn94AERERETUdIpEIly5dqtU5JT4+Hp6enrU+na5Z
X0MkEtWqtxEcHAx/f39xcsHMzAyRkZG4dOkSRCKRRmO3tbWVuLevr6/SiY2XxcTEYMiQIRLv28zM
TOOxa6s9e/aIt44IBALMnz8fW7duxZAhQ2qdO2TIEGzduhXz588XrwA+fvw4vvvuO6lzt2zZUvy1
tLazdal5jaWlpcRYdna2xN/s/v7+Ej8/QNXP84wZM8Svz549i+zsbABVW1NWrVolTn48f/4cK1eu
VDpGVVRUVODmzZs4evSoxHEnJycMHToUrVu3bpA4tAG3qDQQV1dXhIWFSfxi/PPPP/Hvf/+7EaNq
Glq2bIn27dsjNTVV4WsE//9PTfoCASwEOsitVGx1gZGREYyNjdVqg6vNsSui+tOPhQsXSuw/PHv2
LIYNG4bZs2fjvffea5A9n+oYNWqUUueyHgcRETUndnZ2MDMzg7u7O1xdXREcHIz4+HgAVdsEfH19
sXz58jq7oty4cQPBwcESqzZersthZ2cntUCoqjZu3Ijw8HBkZGQgODhY7txOTk4wNTWFq6srMjIy
kJmZiRs3bkhNhlQXE12+fDnc3NyQkJDALSo1zJkzB1988QWGDRsGgUCAYcOGYdiwYSgsLBQXE7W0
tJSoZQEAR48exbx582TOW/P858+fKx1XzWuk1dmIiIiAi4sLDAwM0K5dO3z//feIjY1Feno67O3t
4ePjI15FUlJSgsjISPG1QUFBEsm8bdu2SXTRFAqFcHNzQ/fu3cUdYq5du4aEhASlSxq87OnTpzh1
6pTEChUdHR3Y2dmhsLAQV65cAVD1PW/btm29rfLWBkxwNICPPvoI06ZNk+iWkpmZCX9/f636FLy+
6Ovro1u3bvjrr7+kFlGVZp2B9Naj/xK2wKJSxeYoKSlBZWWlWkkCbY5dEQKBAO7u7jh06BAWL16M
pKQk8faUwsJCrFmzBl988QXGjx+PcePGiQt3NjXKxNVU3wMREVFDqF5tERsbi0WLFgGoethfuHAh
zp07h7CwMKnXHThwACEhIRLJgrVr12q0Vaw0SUlJUlcOVBOJRAgKCoKbm5vMLSbx8fGIioqSWiwz
JCQEISEhGotXFdUtezMyMsSJp8ZWWFiIGTNmwN/fHwsWLBAfNzY2ltp1BADWrVuHLVu2yJzT2NhY
3BkEUD/BoaurW6tVbFJSEtatW4fFixdDV1cXNjY2mDVrVq15KioqsHbtWvHPRM+ePfHBBx+Ix69c
uYJNmzaJX48bNw5BQUEStTuqPXjwABs3blS4Vom0WG7fvo0jR45IHBcIBLh27RoePXokPmZlZYXA
wEB06NBBK2vmaQITHPWod+/eWLZsmbgIT7WUlBTMnj0bf/31VyNF1rRkZWUhJydHqV9iw1+qYVHt
H3r6CicJysvLoaenp9Z//NocuzLs7Oywbds2hIeH45tvvpGoN1JSUoJdu3bhzJkz+PnnnxskHiIi
Iqpf7u7utY7Jq0FRWVlZayVEzU4sjSEoKAhBQUF1nufu7g53d3ckJSXV2SmmMcyePVuc4EhJSUFm
ZmZjh4QOHTpgyZIlePPNNxW+Zv78+ejbty/WrFmDW7du1Rp/uc2pKn/nvnyNtNapO3fuxMOHDzFv
3jy0b9++1nhaWhrWr1+Pw4cPi4+tXLlS/GF1cXGxxNaUwMBAzJ07VyI5U5ONjQ1CQ0NhZWWlUr2O
3NxcnDhxAvfu3av13u7cuSNRk8PBwaHOFrh/d0xw1ANjY2PMnz8f48ePl1ge9OLFC8TGxmLlypUo
Li5uxAibltTUVJmZXmlsBDrQrbXJA9hY9hzRZYq3R7K2toalpSWKiopw8+ZNha+rSZtjV1RlZSX+
+OMPfPLJJ7h27ZrEmJ6eHpycnDBhwgT069evXuNQR2pqqkI1OKrPJSIias6SkpIQHBwsfi2rU0lN
3t7e6NKlCwIDA8XbRDw9PREWFibRlaShhIeHy4y3ZpvYmlxdXREXF4eJEycqvI3GyckJEREREIlE
iI+Pl9pSVl3VySYnJyeIRKJGT3D07t0bmzZtkmhnmpmZidOnT+PWrVvIyckBULVd4rXXXsPAgQNh
a2sLgUCAwYMHo0uXLpg9ezZ+//13iXmLi4tRUVEh7jb58vYWRdS8pqKiQuYz1+HDh3H48GEMHjwY
PXv2FG8puXLlCk6ePClx7ty5cyU+sN6+fbv4b+LBgwdj9uzZ4uRGRkYG9u3bh/T0dDg4OGDcuHGw
s7ODjo4OZs+ejeTk5Frz16WoqAh3796t8zwrKyv885//hIODQ7NdvQEwwaFxgwYNwsqVK+Hg4CBx
/P79+1izZo1EJpCq6Ovrw87ODgYGBhIZSFmW6Vf94ioBsLe8GOtKi6BKTw9jY2O0bNkSxsbGKicJ
tDl2Rbx48QLff/891qxZU2sLTvfu3TFv3jy4uro2+X1+hw4dUjjBcejQoXqOhoiIqOnatGkTNmzY
IH7t5OSENWvWSNQekMXJyQlxcXHiGh7V9Ttebjlb35ycnGolNw4cOICdO3dK1NEQiUTw8fGBn5+f
OOFRfazm90DefWp2V6luKTt69GgNvpumxdTUFOHh4eLkRnl5Ob788kuJ7RrSzJ07FwEBAdDV1UWb
Nm2wZs0aeHp61kpAPH/+XPzvQpUER826G4qssD558qTchEP37t0lOmAmJydL1FCcOXMmhMKq1dnp
6emYMGECsrKyxOOxsbHYs2cPRCIRhEIhZs6cqXSCw9LSEpMnT4abmxsEAgEqKytx9+5d/Pzzz+JE
nLm5Od577z2MHDkSJiYmSs3/d8MuKhoUGBiIrVu3SiQ3KioqsHfvXnh6ejK5IYODgwOsrKwUridx
urwMLs+fwuX5U4SrmCAAqor13L9/H4aGhirOoN2xKyIuLg4hISESyQ1dXV0sXrwY3377LQYNGtTk
kxtAVRGo5OTkOs9LTk5mgVEiImp2kpKSEBoaitGjR0s82Pv4+GD37t21uqTUbKFaXaizWnUNj2XL
lomPbdiwAaNHj0ZoaKjUOheaVnMbR2ZmJkaPHo2FCxfWKhKakZGBDRs2YMiQIRJxVXfakLclR1br
WCcnJ4SHh2vqrTQ506ZNk3jWWb9+fZ3JDQD497//jS+++EL8ukOHDlI711UXKAWgUrfAml1YqleS
qGPFihXipElJSYnE1hRbW1v06dNH/HrLli0SyQ2g6kPumnVH+vTpI9EKVxFGRkbo378/3nnnHfj4
+MDLywsODg7i5JCxsTHee+89vPvuu7U6xzRHTHBoyIoVKzBv3jxxBg+oWuo+ZcoU/Otf/1KpzVFz
UVRUhCdPnqC0VPYWjS0GJrhm1BLXjFpiiYERLv7/13X9M1hGvQugqpikuls8tDn2uty6dQtLly6V
eG8tWrTA3r17MXXq1HpPrmhaUFCQ3CRHcnKyQvt0iYiI/o5eXt2wdu1aie4nQFWXFF9fX4nzqldp
HDhwQGI+Pz8/xMXFia9PSUnBzp076/ld/I+npyd8fX3h6elZZ/eT/Px8+Pr6wtfXF2+++SaSkpLg
7u6OS5cuITExsVYSQyQSSU1uVPP29v7bJjmGDx8u/jotLQ1bt25V+NotW7ZI1CCUVuflwYMH4q9f
XhGviJrXvJxsUNaHH36IXr16iV/v3LkTf/zxh/j1G2+8Id6aUlRUhB9//FHqPAcOHBAnI3R0dPDG
G2+oFVd6ejqSkpLw5MkTCIVCvPXWW/Dx8UHbtm2b9daUakxwaMBHH32ESZMmiV+Xl5dj+/btGDt2
LM6cOdOIkWmHu3fv4s8//0Tnzp1l/kfpX/JM6nF5ylGJkxXSWzIZGhqiVatWaNWqlVqtyrQ5dnle
vHiBxYsXo6SkRHxMX18f3333HXr27KmVvzzT09Ph5eWFsLAwJCcno7y8HOXl5UhOTkZYWBi8vLyQ
np7e2GESERE1KpFIhLi4uFrdTw4cOFAruVGtustKcHCwxOoOJycnJCYmNkoNjvz8fCQlJSlVDyMp
KUn8t1X1qhWRSARHR0eJ86ZMmSJObtRM7GRmZorfv7e3d6O87/pmb28v/rq6Nakyal5Tc65qNbd8
29nZKfWBmqGhIWxtbcWv//zzT6Xjq+bk5IQZM2aIX6ekpNTattS2bVvx11lZWRJ/N9dUUlIikbhR
dgVHTeXl5bh69SrOnDmDyspKeHh4YMqUKWjXrp1W/n1eH5jgUNOgQYMwc+ZM8evCwkLMmzcPa9as
UbvfMQD4+/vjxIkT+O233xAYGKj2fE1RYWEhSkpKYGhoKHdZ1eZS5SoCzygukDnWo0cPFBUVhSfP
FwAAIABJREFUKVUgVBptjl2eq1ev4urVqxLH5s6di65du9bbPRvKtm3b4OXlhS5duqBLly7w8vLi
thQiIqL/Fx0dXWtLSnBwMBYuXFhnsiAmJga+vr5St6yIRKJ6i1kZrq6uCAoKklswtS7nzp1DQUEB
EhISJFrIVq9mqd62U/P7UJfqD6+aMkNDQ4m6GKq0ca257dnExKRWAuPixYvir/X19TF06FCF5x42
bJjE1umacylr5cqV4vdaWlqKVatW1Xq2q/m9qKtzSc1xdf6Gf/z4MS5fvoycnBz07dsXEyZMwCuv
vAI9PZbWrMYEh5rmzp0r/oGqrKzEypUrNVZr49VXX8VHH30EOzs72NjYYM6cOXj11Vc1MndTU1ZW
hmfPnsHS0lJmi6WvyosVrlnxAsCFF7XbQgFVv5x79OiB9PR0jWzx0ObYZfn+++8lXhsZGcHX17fe
7kdERERNg52dnfjr6i0pMTExCl+fkpICX19fiZoWZmZmEvM2FpFIhOjoaAQFBSE8PBxz5sxRaZ74
+Hg4OzvD39+/VtInJSUFQ4YMgaenp8KrR5ydnTFjxgzMmDFDpW0ZDaW4uFhi63LNFQyKsrGxEX9d
UlJSq8jor7/+imfP/rf6+e2331Z47lGjRom/fvbsGY4cOaJ0fAAQEBCA119/Xfw6KiqqVscXQDJZ
U7O4qTQ1kyE135+ybt68icTERLi4uGDWrFno2bMnkxsv4XdDDb169UKPHj3Er0+cOFFr/6E6bG1t
xW2SgKrijra2tmott2qqioqK8OLFC+jp6aFt27YSy7hq6vn8qdTjyujUqRMsLS1RXl6O7OxstefT
5tilKS8vx/HjxyWO6erqYvny5dDR0am1/K2yslJc0fnl40BVBlxaKzYiIiJqekJDQ+Hn54eEhARs
2LBBpZanU6ZMqbU9o+bWlcbi4+Mj8bpv376NFImkd999F+PGjQNQ9XdlzS4dTU1aWhpee+01AEC/
fv1ga2uL+/fvK3Rtu3btJH4u0tLSap1TXFyMxMREcWJj6NCh6NGjR62VxS/r2bOnxGqPxMREmS1i
5encuTP8/f3Fr1NTUyWKo9ZU833b2NjAwMBA6jYVQ0NDicSOot+vlz18+BAnT56Evr4+fHx84OLi
IlH/kaowwaGG6lY91VTNEspy6dIl3Lt3D+3atQNQtezt0qVLGr1HU3Ljxg20a9cOOjo6sLCwQG5u
rsbv0blzZ/EvIEXauipKm2N/WW5ubq3MckFBAeLi4lSab8mSJUxwEBERaYmdO3eqXAy0ejvKy8mN
AwcO1FnosyHExMRItKs9f/68xLiZmRlEIpHUWM3MzODo6FgvXWBq1qKo2ZWjKTp16pQ4wWFkZIT1
69dj6tSpEqsZpDE1NcW6deskVjrIapcaFRWFESNGQCgUQl9fH59++ikmTZok0WGlplatWuHTTz8V
b08pKytT+Wd45cqV4i0kpaWl+OSTT2SWHTh16hQqKiqgq6sLQ0NDeHl51VoFDVQl1gwMDABUddg8
ffq0SrE9fPgQjx8/xvTp0zF69Giu3JCB3xU1dOzYUeJ1QUEBunfvrtJc165dq3WssLAQvr6+GDdu
HAQCAfbv31/nLw9tlpubC2NjYzx//hyWlpawsrLCf//7X43N7+zsjOfPnyM7Oxtnz56V2/lEWdoc
+8sKCwsVbntLREREBFR1xHi56woA7Nq1S6JORWOqrpHRr18/ZGRk1Np6c+LECZiamiI2NlbcZhao
Sm5Ut8s9cOAAFi5c2NChNxnbtm3DmDFjxPVCXFxcEBcXh+3bt+PgwYO1VuqYmppi9OjRmDp1qkQi
5/Hjx9i+fbvUe/zxxx+IjY3Fe++9B6Cqe+B3332Hzz//vNYHyh4eHli4cCE6dOggPhYbG6tSAdQZ
M2ZIJJh2795dKwlWU3Z2Ns6dOyfuiuLv74/ffvtNYoWGSCSSKFZ69uxZlVdh9+jRo1ahU6qNCQ41
vFxUUpEe0LK4urriyZMntY7fv3+/Wf0gZ2Zmok2bNjAzM4OZmRnMzc3VKhAEAAKBABMnTkRJSQky
MzORlpaGy5cvayji/9GG2IuKiurcI1hSUoKKCuk1QOpLfax4ISIiooaxfPlyTJ48WeJYQUEB/P39
62XFgzqSkpKkxlQzMePt7S2xNadm4kbeqtSmsA2nvmVnZ2P58uVYv369uECog4MDQkJCsGzZMqSl
pSEvLw8CgQBmZmZo3769ePVCtaKiIixdulTqs0+1kJAQdO3aFd26dQNQVZswIiICjx8/Fm8Ht7Gx
QevWrSWuu379ukoJtY4dOyIgIED8+tatW/j888/rvC4iIgIuLi4wMDBAu3bt8P333yM2Nhbp6emw
t7eHj4+PuGtKSUkJIiMj65yzevu3pry8jfzvjgkONSjTtogU9+jRI3Tr1g1lZWVo27YtPDw8kJiY
qNKqBXt7e8yfPx/6+vrQ19fHhQsXVF4WpoimHntmZmatlUcv69SpE65fv67WfWpSZG9gcnKyxu5H
REREDcfV1bXWlpSkpCQEBASoVL+jseTn52P16tUICwsDIJnwqP76xo0bWLRoUa1rN23ahL59+2Lj
xo0q3fvRo0fir6UVkX/06BHatGmDsrKyWqu5CwsLUVZWBqFQKDFPtbt374r//UgbV8WRI0fw4Ycf
YtWqVRLFYw0MDNC5c2e512ZkZGDFihU4ceKE3POKi4sxbdo0bN68GS4uLuLjrVu3rpXUqHbp0iUE
BgaqVHtj1apV4uRVWVkZPvnkE5ltX2tKSkrCunXrsHjxYujq6sLGxgazZs2qdV5FRQXWrl2rUMLv
r7/+Qvv27ZV+D/Lma06Y4FADew3Xn2PHjsHKygrl5eUwMTFB586dYWpqitTUVOTk5NR5vaOjIyZN
moSsrCykpqaioKAAt27dkrvMrDnEfvr06ToTHAKBQKLFVkNQdZ8kERERNbyEhIRaSY1qoaGhWvv/
9eotK9VJjpqqO8pIS9qou9r6p59+En8gtG/fvlrj33zzDZydnfHkyROJrTNA1YdXP/zwA1q1aiX1
4TkmJgYWFhbi+2hKdSHQqVOnYujQoejSpYtEc4SaKioqkJqaimPHjmH79u0Kb7l//Pgxxo8fj8DA
QLz77rsyWw3fv38f+/btU3k1/dSpUyV+nvfs2YNz584pfP3OnTvx8OFDzJs3T2piIi0tDevXr1e4
0+bBgwcxbdo0jXyYXlxcjB9//FHtebSJwNLSsnmtWSGtUp0JLi4uRnl5OfLy8uDk5IS2bdvi8uXL
qKyshLm5OQoKClBSUgIvLy8YGxvjxIkTyMrKgomJCUpLS+u1pao2xd67d298++23MtvZNoaKigr0
7t1brZZZRERE1HDMzMwQHR0NR0dH8bHMzEwEBAQ0iWKi6vLx8ZFIcshLbmhKdZcNad34qrtw5Obm
Si202bJlS1hYWODu3btKz60pIpEIffv2hZWVFVq2bInKykrk5uYiOzsb58+fR0ZGhtr36NevH3r1
6gVLS0tUVlbi6dOnuHr1Ks6cOaOBd6AZgwcPRs+ePWFubo68vDxcuXJFZjFVWczMzDBv3jwMHDgQ
BgYGKnVKKSsrQ0lJCU6dOoWQkJAG337emJjgIK1gYmKCLl26wN7eHoWFhbh+/ToqKyvRr18/dO7c
GWlpabh58yYKCwthb2+Pnj17Ql9fHzt37lS5FdPfMXY9PT1s27YNgwYN0ui86tiyZQs+//zzZrc/
kIiISJuZmZnB3d0dIpEI+fn5iImJ0aotKXVxd3eHn58fCgoKsHr1ao08oBMpSldXF+3bt0f79u1r
1X1URE5ODtLS0pCWltaskhsAExykhUxMTCAUCtGmTRv06tULtra2yMnJQUFBAX7//Xc8ePCgXruM
qKMpxN6hQwfs3r0bbdu2rdf7KOLatWvw8/NDXl5eY4dCRERERERajgkOomaoV69e+PLLLxs1yXHt
2jUEBQXh3r17jRYDERERERH9fTSdjfhE1GD++OMPeHt7a7TYlKIqKirw1Vdfwc/Pj8kNIiIiIiLS
GK7gIGrGBAIBzM3N4e7ujnfeeQddu3atl/bHubm5uH79Onbu3ImLFy+isLCQNTeIiIiIiEijmOAg
IiIiIiIiIq3HLSpEREREREREpPWY4CAiIiIiIiIirccEBxERERERERFpPSY4iIiIiIiIiEjrMcFB
RERERERERFqPCQ4iIiIiIiIi0npMcBARERERERGR1mOCg4iIiIiIiIi0HhMcRERERERERKT1mOAg
IiIiIiIiIq3HBAcRERERERERaT0mOIiIiIiIiIhI6zHBQURERERERERaT6+0tLSxYyAiIiIiIiIi
UgtXcBARERERERGR1mOCg4iIiIiIiIi0HhMcRERERERERKT1mOAgIiIiIiIiIq3HBAcRERERERER
aT0mOIiIiIiIiIhI6zHBQURERERERERajwkOIiIiIiIiItJ6THAQERERERERkdZjgoOIiIiIiIiI
tB4THERERERERESk9ZjgICIiIiIiIiKtxwQHEREREREREWk9JjiIiIiIiIiISOsxwUFERERERERE
Wo8JDiIiIiIiIiLSekxwEBEREREREZHWY4KDiIiIiIiIiLQeExxEREREREREpPWY4CAiIiIiIiIi
rccEBxERERERERFpPSY4iIiIiIiIiEjrMcFBRERERERERFqPCQ4iIiIiIiIi0npMcBARERERERGR
1mOCg4iIiIiIiIi0HhMcRERERERERKT1mOAgIiIiIiIiIq3HBAcRERERERERaT0mOIiIiIiIiIhI
6zHBQURERERERERajwkOIiIiIiIiItJ6THAQERERERERkdZjgoOIiIiIiIiItB4THERERERERESk
9ZjgICIiIiIiIiKtxwQHEREREREREWk9JjiIiIiIiIiISOsxwUFEREREREREWo8JDiIiIiIiIiLS
ekxwEBEREREREZHWY4KDiIiIiIiIiLQeExxEREREREREpPWY4CAiIiIiIiIirccEBxERERERERFp
PSY4iIiIiIiIiEjrMcFBRERERERERFqPCQ4iIiIiIiIi0npMcBARERERERGR1mOCg4iIiIiIiIi0
HhMcRERERERERKT1mOAgIiIiIiIiIq3HBAcRERERERERaT0mOIiIiIiIiIhI6zHBQURERERERERa
jwkOIiIiIiIiItJ6THAQERERERERkdZjgoOIiIiIiIiItB4THERERERERESk9ZjgICIiIiIiIiKt
xwQHEREREREREWk9JjiINMDW1hY7d+5EamoqHjx4gGPHjmHEiBGNHRYREREREVGzITAxMals7CD+
ziwsLJCbm9vYYVA9at26NU6cOAF7e3uJ4+Xl5Zg5cyb27t3bSJERERERERE1H0xwaEjv3r0xbNgw
9O3bFx07doS5uTnMzMxgYGCA4uJiPH36FDk5OcjJyUF2djZOnz6NH374AY8ePWrs0ElNmzZtgp+f
n9SxzMxMdOnSpYEjIiIiIiIian6Y4FCDoaEh/Pz8MHnyZHTr1k3p60tKSvDHH3/g5MmT2L17N+7c
uVMPUVJ9O3v2rNx//8OGDcOFCxcaMCIiIiIiIqLmR6+xA9BW77zzDkJCQiASiVSew8DAAK6urnB1
dUVgYCC+/fZbrF27Fvfv39dgpE3XtGnT8Pbbb0sdW7p0Ka5fv64V9xEIBHLHdXV11ZqfiIiIiIiI
6sYEh5JMTEywbt06vP/++9DR0VyNVmNjY0ybNg3vvPMOoqKisHbtWuTn52ts/qaoU6dOGD58uNSx
8PBwrbnPH3/8ga5du0ody87Oxrlz59S+BxEREREREcnHLipKMDIywt69e+Hr66vR5EZNFhYWmDt3
Lo4ePYrevXvXyz1Is0JDQ6XWUqmsrERoaGgjRERERERERNT8MMGhIKFQiN27d2PQoEENcr8uXbrg
p59+wtSpUxvkfqS6e/fuwdPTE4mJiSgqKsKLFy9w584dBAQEYMeOHY0dHhERERERUbPALSoKWrRo
Edzd3eWeU1lZiTNnzuDYsWNISkpCWloaCgsL0alTJzg4OEAkEsHV1RUDBgyAmZlZnfc0NTXFF198
gRYtWmDz5s2aeitUD1JSUuDp6QmhUIiWLVuyOw4REREREVEDY4JDAZ07d8asWbPknpOcnIywsDD8
8MMPtcYeP36Ms2fPil8bGRnBy8sL48aNw/Dhw+UWqUxPT8fevXtVD54aVFlZGZMbREREREREjYBb
VBSwYMECmJqayhzfsmUL+vfvLzW5Ic3z58+xZ88ejB07Fu+8847MFqJFRUUIDAzkAzMRERERERFR
HZjgqINQKISbm5vM8djYWCxcuFDl+Y8cOYJhw4Zh1qxZyM3NlRgLCQnByZMnVZ6biIiIiIiIqLlg
gqMOY8eORevWraWO5efnIzg4WCP3+c9//oNRo0YhOTkZALB//35s2rRJI3MTERERERER/d2xBkcd
unfvLnPs+PHjyMrK0ti9rl69Cnd3dwQHByMsLExj80rj7u4OT09PdOnSBa1bt4alpSXMzc1RUFCA
J0+e4MmTJ0hPT8fPP/+MH374AWVlZfUaD6nmvffew9tvvw07OztYW1ujTZs2KCsrQ05ODrKzs3H+
/Hn88ssvOHbsWIPE07p1a4wZMwbDhg2Dg4MDLC0tYWlpCV1dXWRnZ+PRo0d4+PAhzpw5g2+++QY5
OTkNEpc03bt3x6hRo+Ds7IzOnTvD3NwcJiYmEAgEyMvLQ15eHh4/fowrV67g9OnTSEhIwLNnzxot
XiIiIiIikk9gYmJS2dhBNGVbt27F+++/L3Vs3bp1WLVqVQNHpDo7OzssXrwYb731FqytrRW+7unT
pzh+/Dg+++wzpKamqnTvc+fOoWvXripdK83GjRuxdOnSRrtPTW+99Rb27dsndWzv3r0Ktfp1dnaW
uR3pyJEj8PHxEb+2sLDAkiVLMHr0aIhEojrnBqq6vHz++ef1VrC2T58+WLx4MYYMGQIDAwOFrnn2
7BmOHj2Kr7/+ulYCZunSpVi8eLHU65YvX45///vfKsf6j3/8AwEBARg0aBD09BTP8RYVFeG3335D
dHQ0YmNjVb4/ERERERHVD25RqUOrVq1kjlVWakduyMjICB9//DHOnTsHPz8/pZIbANCyZUt4e3sj
MTERy5cvh1AorKdIqS5vvvkmTpw4gcDAQIWTGwDg5OSEHTt24MCBAzK3XKnCzs4OUVFROHLkCDw8
PBRObgCAiYkJxowZg5iYGISHh8PQ0FBjcUljYWGByMhIfPvttxg6dKhSyQ0AaNGiBTw8PLBr1y4k
Jyfjo48+qqdIiYiIiIhIFUxw1KGwsFDm2CuvvNKAkaimU6dOOHbsGBYuXAgLCwu15jI2NsaiRYtw
/Phx2NnZaShCUtTcuXOxf/9+tX7u3Nzc8Msvv8DJyUnteFxcXPDzzz/Dx8dH6WRBTXp6eggICMDR
o0fh7OysdlzSWFhYIDY2FhMnToSurq7a8zk4OOCTTz7BhQsXMHbsWA1ESERERERE6mKCow7Z2dky
xzw8PJr0g/6QIUNw6NAhjW7ZAICePXti//79sLW11ei8JNu4ceOwYsUKpVZIyNK5c2dERUXBzMxM
5TlGjhyJAwcOoEOHDmrHU61Hjx6Ijo7W6JzVoqOj0adPH43P26VLFyxbtkzj8xIRERERkfKY4KjD
vXv3ZI6Zmppi165dMDExacCIFDN48GB8//33sLGxqZf5u3XrhpiYGFhaWtbL/PQ/bdu2xRdffCFz
lURlZaW4OGx5eblCczo6OuLLL79UKR4nJydEREQotSKovLwcT548QX5+vtytXe3atcPu3bs1ksip
NmvWLAwePLjO80pKSpCRkYG//vqrzjirVVZWalUdHiIiIiKivzN2UalDbGwsli9fDn19fanjrq6u
SExMxIIFC5CYmNjA0UlnZ2eHyMhIGBsbyz0vKysLR48exYkTJ3D9+nXcuXMH5ubmsLe3R9++fTF4
8GC5RSO7deuGkJAQzJo1q86YUlJSUFxcLHGsbdu2MutIJCcno6SkROZ8mZmZjXqfhtSzZ89ax8rL
y3Ho0CEcOnQI8fHxePz4MQBAKBTCzc0NXl5e8Pb2llvXYsyYMXBzc0NCQoLCsZiYmGD79u1ya9MA
VQ/+Fy5cQEJCAn755RckJyeLO/GYmJigf//+cHd3x4gRI2ptuenRowfs7e0Vjqkuc+bMkTn27Nkz
xMXFYdeuXThz5ozEmLW1NUaMGIEBAwZg6NChUpOFhw8fRlxcnMZiJSIiIiIi1bGLigJ+/vlnDBw4
UO45L168QGJiIv7zn/8gJiamgSKT7tChQ3I/sc7Pz8eGDRuwefNmPH/+XO5cPXv2xIoVK+Du7i51
vLy8HD4+Piq1IQ0LC0NgYKDUsREjRtR64FRVfd+nvruo1FRZWYn4+HisWbMGFy5cqHPOrVu3okuX
LjLPOXnyJEaNGlXnfauFhIRg7ty5cs+5fv06QkJCcOjQoTrnEwqF8Pf3x/z58+tMmlRTpouKp6cn
9uzZI3UsJycHEydOxG+//aZQnBMmTMDEiRPRr18/AEBBQQEGDx6M27dvKxQLERERERHVL25RUcD6
9evrXPqvo6ODYcOGISoqCrdv38bXX3+NSZMmqV3YU1n+/v5ykxs3btzAyJEjER4eXmdyAwCuXLkC
b29vbNiwQeq4np4eQkNDVY6XFFdSUoL58+fDx8enzuQGAFy+fBmjRo2S29p30KBBChccbdOmDSZP
niz3nIMHD8LDw0Oh5AYAlJWVYdOmTRg5ciSuX7+u0DXK8PDwkDm2cuVKhZIbQFWcu3btgru7O6ZM
mYLU1FREREQwuUFERERE1IQwwaGA+Ph47Ny5U+Hz27Zti3HjxokfgH777Tds3LgR48ePr9eEh1Ao
REBAgMzxmzdvwsfHB1euXFF67mXLluHIkSNSx7p16wYvLy+l5yTlLF++HNu2bVPqmkePHiEwMBBF
RUVSxwUCAUaOHKnQXHPnzkXLli1ljh87dgzvv/8+8vPzlYoRqNpaNG7cOKSnpyt9rTxt2rSRery0
tBQ//fSTSnPu378fffr0QVhYmDqhERERERGRhjHBoaDg4GDExsYqfZ2BgQF69eqFKVOmYNu2bbh9
+zYSExMRHh6O/v37azRGf39/mS1Enz17hilTpsgtmlqXhQsX4unTp1LH3n//fZXnpbr9+uuviIyM
VOnaCxcuyF1RoejPobxESGZmpkJbceS5d+8epk+fLq7VoQmyiuAKBAK159ZknEREREREpD4mOBRU
VlaGyZMnIzIyUuFOFdIYGBigd+/eCAgIwJEjR3D58mWEh4fLTEwoQ16SYf369bh27Zpa89+5cwdr
1qyROjZ06FC2ja0nlZWV+Pzzz9WaY9euXTLHZBVgralr165yf0a3bNkiLnSqjjNnzmi0aKesbVhC
oVCp2iNERERERNT0McGhpEWLFmHs2LEqbfOQpmPHjggICEBSUhJ2796N3r17qzSPvb29zFoKDx48
wKZNm9QJU2zbtm1StyC0aNEC48aN08g9SFJaWhrOnj2r1hyJiYnIycmROqbItqmRI0fKXPXw5MkT
lVvOSrNx40aNzSUv6fLxxx9j+PDhGrsXERERERE1LiY4VJCYmIiBAwfC398fZ86cwYsXL9Se09DQ
EGPGjMEvv/yCNWvWwMTERKnrx4wZA11dXalj+/fvr9U6VVVlZWW4fPmy1LFevXpp5B4k6c6dOxqZ
JyMjQ+pxc3PzOq+VV4g0KSlJo9s1Ll26hLt372pkrlOnTskca9OmDfbt24dvvvkGAwYM0Mj9iIiI
iIio8TDBoYbo6GiMGDECw4YNQ0REBG7cuIHKSvW67hoaGmLWrFlISEiAg4ODwtfJa2OraEcLRcla
TeDo6KjR+1CViooKjcyTl5cn9biOTt2/BuQVF7106ZLKMcly9epVjcwTExODJ0+eyBwXCoXw8vLC
L7/8gtOnT2PFihUKd5UhIiIiIqKmRa+xA/g7+P333/H7778DAHr06IERI0agX79+6NWrl8wuDnXp
2rUrfvrpJ4wfPx4pKSl1nm9nZyf1eHFxMQYMGKDRgqayHnY7duwIIyMjhdrPUsMrLS1V+Vp5CY6H
Dx+qPK8smqjnAQD5+flYs2YN1q5dK/c8gUCAHj16oEePHpg/fz6uX7+Oo0ePIjY2tl4SOERERERE
pHlMcGjY1atXJT597tOnD95880306dMHvXv3Virh0aFDB0RERODNN9+s89yWLVtKXT1iYGCA5cuX
K3xPRUm7l76+Pvr06YMTJ06oNU99qO/7aGL+hvheSLuHIvc1NTWVeZ6s2h7qyM/P19j3Y8uWLWjf
vj0CAwMVvqZr167o2rUrZs+ejVu3buH48eP49ttvZW7PIiIiIiKixsctKvXswoULWLt2Ld599128
+uqr8PLywrZt28T1ECorK+X+8/rrr2Pp0qV13keROgoNwcrKqrFDoHogrbBsNXmrO1Sl6Z/nxYsX
Y/ny5XLfhzQCgQCdO3eGv78/jh49it27d8PZ2VmjsRERERERkWYwwdHAjh49innz5sHR0RHTp09X
qNbA5MmT6zzH1NRUE+GpTZGOHKR9nj59KnNM1W1Y8rRu3Vrjc27YsAFubm748ccfUVJSovT1enp6
GD16NBISEvDNN9+gY8eOGo+RiIiIiIhUxwRHI/ruu+8wcOBArFmzRu4Dl7W1Nby9veXOVVhYqOnw
VNJUVpKQZslLcLz++usav1+PHj00PicApKamYtKkSRg0aBC2b98us7OMPEKhEGPGjMGhQ4cwePDg
eoiSiIiIiIhUwQRHE/Dpp59ixYoVcmsOeHh4yJ2jPuogqIIrOP6erl+/LnOsb9++EAqFGrvX66+/
rlQHIVWkpqZi3rx5cHJygq+vL/bs2YO0tDSl5rCxscE333zDritERERERE0Ei4w2ERHkJ90iAAAg
AElEQVQREXj77bdltnutaxtATk4O7O3tpR5v3769RmKkxqGpYpvqzHPw4EF8/PHHEAgEtcasrKzg
7++PTZs2qROeWFBQkEbmUdRPP/2En376CQDg4uKCMWPGYODAgejRo0ediZuWLVti8+bNGDZsWEOE
SkREREREcnAFRxNS/ZAlTV01CR48eCD1uKWlJfr27atWXEQ3b97E7du3ZY77+/vD0tJS7fv0798f
np6eas+jqosXL2L58uUYOnQo+vTpgy1bttTZBtfFxQVvvfVWA0VIRERERESyMMHRhMh7gDQ0NJR7
7alTp2SOjR49WuWYSD0N1Qa3IRw+fFjmWLt27bB161a15re1tcVXX32l0e0u6rhz5w4WLVqE7t27
48svv0RFRYXMc8ePH9+AkRERERERkTRMcCjI29sbdnZ29XoPfX19mWN11diIjY1FWVmZ1LGxY8eq
FVd9aaiH/79TkqExffHFF3jy5InMcQ8PD0RFRcHIyEjpuTt37oy9e/c2ye1UxcXFWLJkCb744guZ
57zyyisNGBEREREREUnDBIcChg8fjsjISBw5cgT9+/evt/v07NlT5tjjx4/lXpuZmSmz5Wy7du0w
f/58tWIjysnJwa5du+Se4+3tjV9//RXu7u4KzztjxgwcOnSo3jqnaMpnn32GR48eSR2rj1a5RERE
RESkHCY46tCxY0dERESgRYsWaNeuHWJiYjBp0qR6udfbb78tc0xeF4tq0dHRMsfmzJmDTp06qRRX
Y5BWzFKb7/N3ER4ejsuXL8s9p2fPnti/fz8OHz4s7lRSk1AoxODBgxESEoLff/8d69atq5UgeP78
ucz5lV2RU9f2LkWVlZXh3r17Usf09FivmYiIiIiosTHBIYeRkRF27NgBGxsb8TETExNs2rQJO3fu
1Oiy9EWLFqFbt25Sx168eIEDBw7UOcf27dtx7do1qWMWFhaIjo6GtbW1WnECwOzZszF79my155FX
08DW1lbt+Rv6Ps3B8+fPMWPGDJkrGaoJBAIMHDgQK1euxLlz55CdnY3bt28jLS0Njx49wsGDB2Um
3f773/9i+/btGot59+7d2L9/v0b+e5W1hSY7O1vtuYmIiIiISD1McMgRGRkJZ2fnWsd1dHTg4+OD
U6dOYfXq1TAxMVHrPrNmzcLixYtljl+7dg2pqakKzbVu3TqZY126dEFsbCy6d++udIwAYG1tja+/
/hqhoaH45JNPEBAQoNI81Z4+fSpzTNUYG/M+zcXNmzcxa9Ysud/XlxkYGKBNmzawtLSErq6uzPMe
PHiASZMmyV3BoYwPPvgAHh4e8PDwQGJiIubOnatyEdN3330XrVq1kjqWmZmpTphERERERKQBTHDI
4OHhAS8vL7nnmJiYICgoCJcuXUJkZCT+8Y9/KHUPZ2dn7N27F5999pnMJe6VlZVyixu+7MCBA3JX
e3Tr1g2HDh3CggULFC4G6eDggM8//xwXL17EO++8AwDQ1dVFaGgopk2bpnBsL5P3UDhx4kSZq03M
zMya5H2ak19//RVjx47FnTt3NDbn7du34efnh5SUFI3M165dOyxdulT82sLCAp988gmuXLmCJUuW
wMLCQuG5hg8fjvXr18scP3LkiFqxEhERERGR+rhxXIYjR45g3rx5WL16NYyNjeWea21tDV9fX/j6
+iIrKwunTp1Ceno6srKycP/+ffz1118oLCyElZUVRCIRevXqBVdXV7i4uEBHR36OKSEhAbGxsUrF
HhAQAAcHB7z++utSxy0sLPDxxx9j+vTpOH78OE6cOIHk5GTcvXsXOjo66NSpExwcHODi4oIBAwag
e/fuUj/11tPTQ1hYGMrKyuosPilNfHw8SktLpXaPad26NeLi4rBgwQKcPHkSRkZG6NevHwIDA2Fs
bKxUMqmh7tPcXLp0CSNHjsTq1asxZswYlVdGVFRUIDo6GosXL8azZ880Fl9YWBisrKxqHReJRFiy
ZAlmzZqF8+fP49SpU/j1119r1bkxNDTE4MGDMWXKFLi5ucHAwEDqffLy8rB3716NxU1ERERERKph
gkOOHTt2ICUlBV999ZXC7Sutra3FqxzUdffuXSxYsEDp654/f44pU6bg0KFDEIlEMs+zsbHBhAkT
MGHCBAD/K96oTOFNoVCINWvW4PTp07h9+7ZScT5+/BhJSUkYNGiQ1PEuXbrg4MGDyM3NRYsWLSQe
MMeOHatQXZKGvE9zdP/+fXzwwQfo06cPgoODMWTIEJmJgJcVFRXht99+w9dff43Dhw9LjKlb/HXk
yJEYNWqU3HPMzMzg5uYGNzc3rFy5EqWlpcjNzUVe3v+xd+dxUpV3vse/p9aurl5Zm30RRBABUQRF
VBBFEDdAjRo1ajQ6E6NjkskymZtlnEwyMddckzuTq8YkEx2XuExiIpHFmIiCIAoiCIpBBWQRGnqp
6q79/tF000t1dVV3VZ1zqj5vJ/Pw61N16qHOaV71fOs5z6lTeXm5BgwYkNbioffff7+OHj3ap/4C
AAAA6DsuUenB2rVrdeGFF2rFihUZ372hLz755BNde+212rVrV6+ev2vXLl166aXatGlT2s8xDCPj
geXhw4d1++23ZxxutPrZz37W4/taVVXVZdB8zz33WPJ1itWGDRu0bNkyTZw4Uf/wD/+g559/Xlu2
bNGePXsUCAQUCoW0d+9ebdq0SStWrND3vvc9nXrqqVq2bFmXcENSystH6urqeuzPCy+8oO9///sK
BAJp/x08Ho8GDRqk8ePHq6amJq1w45VXXkl56QoAAACA/CHgSMP+/fu1bNkyXXPNNVq/fn3OX2/t
2rW6/PLL07o1bCo7d+7UokWLcjYDYfPmzbr44ov1u9/9rtf7WL58uR5//PGMnzd16lTdcMMNlnud
Ynfo0CH94he/0HXXXafZs2dr0qRJGjJkiAYOHKiJEyfqnHPO0bJly3Tffffpk08+6XY/3S3mKSnl
89r74Q9/qEWLFmnDhg0Z/z3SsXbtWl1zzTU52TcAAACAzBFwZOCFF17Q/PnzdeONN+rNN9/M+v6P
Hj2qf/3Xf9WCBQvSvmtKTxobG3XjjTfqC1/4gnbs2KFEItHn/23ZskV33nmn5syZk5UFIe+++26t
Xr064350d8lJvl8n1XMzkY19WOE1smHChAnd9vWjjz5Kez9vvfWWzj//fH3hC1/Q2rVrFY/H+3z+
h0IhPfTQQ1q6dKnq6+tz+C4AAAAAyAQBRy8899xzOu+883TJJZfoZz/7md566y1FIpGM9tF+wLR9
+3Z997vf1ZQpU/TDH/4wJ31+/PHHNWPGDH3961/XO++8o3g8ntHzjx49qtWrV+uWW27R7Nmze7Wo
aHeam5t1xRVX6D/+4z/Suj3owYMHde+99+rWW2+15Ougb8aNG6dJkyYl3dbQ0NCrO7c8/vjjWrBg
gRYuXKhnnnlG+/bty3gfTU1NWr58uZYsWaIvf/nLWV0QFQAAAEDfGWVlZdb7+taGhg4dqsWLF2v6
9OkaMGCAqqurVVVVperqalVWVioajSoQCKihoUH19fV67733tHHjRr388stZuy1mJsaNG6fLL79c
Z511lgYNGqR+/fqpX79+cjgcqq2tVW1trY4cOaJt27Zp9erVWr16dcYhTm/7deONN+rss8/WyJEj
VVlZqUgkosOHD2vbtm16+eWX9atf/SqtgMIKr4PM/eQnP9FNN92UdNvKlSuztojv9OnTNW/ePJ1x
xhmqqalRVVWVKisrVVZWpnA4rIaGBtXW1urdd9/VW2+9peeee067d+/OymsDAAAAyD4CDgC9Ulpa
mvUAaPr06Vq+fLlKSkqSbv/qV7+qBx98MKuvCQAAAKAwcIkKgIy53W699NJLuvPOO7O2z7Fjx+pX
v/pVt+HG0aNH9eyzz2bt9QAAAAAUFgIOABm7/fbbNXHiRN1777165JFHNHLkyD7tb+7cuXrmmWc0
atSobh/zn//5nzp06FCfXgcAAABA4eISFQAZcbvd2rhxY4cwIhAI6Nlnn9VPf/pT7dixI+19TZky
RV/4whd01VVXyePxdPu4nTt3atasWXlZBwYAAACAPRFwAMjInXfeqXvvvTfptng8rvfee09vvPGG
1q9fr71792rPnj3as2ePBg4cqAEDBuiEE07Q9OnTdeqpp+q0006T0+lM+XqBQEDXX3+9Vq9enYu/
DgAAAIACQcABIG3JZm/kUigU0h133KFnnnkmL68HAAAAwL5YgwNA2vx+v7Zs2aJEIve5aCAQ0D/+
4z8SbgAAAABIi9Pj8XzH7E4AsIfm5mY9++yz+vjjjzVjxgz5/f6cvM7WrVt1/fXXa/ny5TnZPwAA
AIDCQ8ABIGNbtmzR448/rqamJg0bNkzV1dVZ2e/Bgwf18MMP69Zbb9Xu3buzsk8AAAAAxYE1OAD0
2bJly7R06VJNnTpVQ4cOzei5kUhE27dv19NPP62HHnpIwWAwR70EAAAAUMgIOABk1eTJk3X++edr
4sSJ6tevn6qqqlRZWSm/369gMKj6+nodOXJE+/fv19q1a7Vq1SodPHjQ7G4DAAAAsDkCDgAAAAAA
YHvcRQUAAAAAANgeAQcAAAAAALA9Ag4AAAAAAGB7BBwAAAAAAMD2CDgAAAAAAIDtEXAAAAAAAADb
I+AAAAAAAAC2R8ABAAAAAABsj4ADAAAAAADYHgEHAAAAAACwPQIOAAAAAABgewQcAAAAAADA9gg4
AAAAAACA7RFwAAAAAAAA2yPgAAAAAAAAtkfAAQAAAAAAbI+AAwAAAAAA2B4BBwAAAAAAsD0CDgAA
AAAAYHsEHAAAAAAAwPYIOAAAAAAAgO0RcAAAAAAAANsj4AAAAAAAALZHwAEAAAAAAGyPgAMAAAAA
ANgeAQcAAAAAALA9Ag4AAAAAAGB7BBwAAAAAAMD2CDgAAAAAAIDtEXAAAAAAAADbI+AAAAAAAAC2
R8ABAAAAAABsj4ADAAAAAADYHgEHAAAAAACwPQIOAAAAAABgewQcAAAAAADA9gg4AAAAAACA7RFw
AAAAAAAA2yPgAAAAAAAAtkfAAQAAAAAAbI+AAwAAAAAA2B4BBwAAAAAAsD0CDgAAAAAAYHsuszuA
9CUSCbO7AAAAAABFxTAMs7uANBFwWAwhBgAAAABYR6oxGuGHtRBwmIxAAwAAAADsqfN4jsDDXAQc
eUagAQAAAACFicDDXAQceUCoAQAAAADFp/1YkLAj9wg4coRQAwAAAADQirAj9wg4soxgAwAAAACQ
Suu4kaAjuwg4soBQAwAAAACQKWZ1ZBcBRx8QbAAAAAAAsoFZHX1HwNELhRJsOJ1OOZ1OORxOOZ0O
ORxOORwOGYbR1kr8ggEAAAAwX+s4LJFIKB6Pt7XxeEyxWGvb8j87I+joPQKODNg52HA6XXK7XXK5
XHK53HI6nfzCAAAAALCN9l/AOhyObh+XSCQUi8UUjUYUjUYViUQVi0Xz1c2sIejIHAFHGuwYbDgc
Tnk8brndHrnd7pT/AAAAAABAoTAM49gXu8eHu/F4XJFIRJFIWOFwRPG4fWZ5EHSkzygrK7Pf6D1P
7BZsOJ1Oeb1eeTzeDr/MAAAAAIDjotGowuGQQqGQ7S5pIejoHgFHN+wSbhiGIa+3RF6vV2632+zu
AAAAAICtRCIRhUIhhULNthoHoisCjk7sckK73W55vSUqKSkxuysAAAAAUBCam5sVCjUrEomY3ZW0
EHR0RMDRjh3CDY/HK5+vRG63x+yuAAAAAEBBikTCampqVjgcMrsrPSLkOI6FGmSPYMPr9crnK2Vt
DQAAAADIsZabNXgUjUbV1BRUKGTdoINFSI8r+hkcVg83PB6PfL5S1tcAAAAAAJNEIhE1NQUVDofN
7kpKxR5yFG3AYfVgw+l0qbS0VF6v1+yuAAAAAAAkhUIhBYNBxWJRs7uSUrEGHUUZcFg93Cgt9au0
tNTsbgAAAAAAkggGgwoGA2Z3I6ViDDmKLuCwcrjh8XhUWupnnQ0AAAAAsLhoNKpgMGDpy1aKLeQo
moDDysGGJPn9fvl8zNoAAAAAADtpagoqEGA2hxUUxVQBK4cbLpdLZWXlzNoAAAAAABtquSmER42N
DYpGrbk2RyKRKIqQo+BncFg53CgpKVFZWbnZ3QAAAAAAZEFjY4Oam5vN7ka3Cj3kcJjdgVyycrjh
95cRbgAAAABAASkrK5ffX2Z2N7pl5TFyNhTsdRFWPXCGYai8vEIej8fsrgAAAAAAsszn88npdKqh
od6S49JCvlylIGdwWPEkkiSn06nKyirCDQAAAAAoYB6PR5WVVXI6nWZ3JSmrjpn7quACDqseKLfb
rcrKKhYTBQAAAIAi4HK5VFlZJbfbbXZXkrLq2LkvCirgsOoB8ng8qqiolMNRUG83AAAAACAFh8Oh
iopKy87it+oYurcKZsRt1QPTGm4U6jVOAAAAAIDuGYZByJEnBRFwWPWAtIYbAAAAAIDiRsiRe7YP
OKx6INxut8rLK8zuBgAAAADAIsrLK1iTI4dsHXBY9QA4nU6Vl1dwWQoAAAAAoI1hGCovr+DuKjli
24DDqm986wnLgqIAAAAAgM4cDoelvxC36lg7HbYchVv5DS8vr+BWsAAAAACAbrlcLksvaWDlMXcq
tgw4rMrvL7PsojEAAAAAAOvweDzy+8vM7kZBsV3AYdUkqaSkRD6fz+xuAAAAAABswufzqaSkxOxu
JGXVsXcqtgo4rPoGu1wulZWVm90NAAAAAIDNlJWVW3aZA6uOwbtjm4DDym8s4QYAAAAAoLesPKa0
8li8M9sEHFbl9/stm7YBAAAAAKzP5XLJ7/eb3Q3bs0XAYdXEyOPxyOcrNbsbAAAAAACb8/lKLXvT
CquOyTuzfMBh5TeytJSEDQAAAACQHVYeY1p5bN7K8gGHVZWWcmkKAAAAACB7XC6XpUMOq7N0wGHV
hMjpdKm0lEtTAAAAAADZVVpaKqfTml+mW3WM3sqyAYeV3zjCDQAAAABArlh5zGnlsbplAw6r8ng8
8nq9ZncDAAAAAFCgvF6vZRcctTJLBhxWToS4awoAAAAAINesPPa06pjdkgGHVXm9XrndbrO7AQAA
AAAocG63m6sHMmS5gMOqSZBk7QQNAAAAAFBYrDwGteLY3VIBhxXfoFYej5fbwgIAAAAA8sblcsnj
se4sDquN4S0VcFiZz1didhcAAAAAAEWGsWj6LBNwWC35ac/tdsvtZgVbAAAAAEB+ud0eS68FaaWx
vGUCDivzeknMAAAAAADmYEyaHksEHFZKfDozDEMlJZxMAAAAAABzlJSUyDAMs7vRLauM6S0RcFgZ
SRkAAAAAwGyMTXtmesBhlaSnO9x3GAAAAABgNquPTa0wtjc94LAyp9Np6cVcAAAAAADFwe12y+l0
mt0NSyPgSMHqCRkAAAAAoHgwRk3N1IDDClNYUvF4OHkAAAAAANZg9TGq2WN8l6mvbmEOh1Mulz3f
npkuj4Y7nBrRafrS7lhM78Yi2haLmtQzAAAAAEBvuVwuORxOxeMxs7tiSaaN4M1Odnri8dhr7Y0L
3V5d6CnRhW6vKozUE3PqE3GtiIT0dKhJ66LhPPUQAAAAANBXHo9bzc3WDTgSiYRpt7Q1ysrKTEka
rB5wlJdX2OL6plkuj+72lWmWy5N0+95jyd4wR/LFaNZFw/pJUyNBBwAAAADYQCgUUkNDvdndSImA
w2L69esvh8Paa7De56/UMo+vrd4bj2lFuFlro2GtiISSPudCt1cLPCWa5fJ0CD0eCQX0vWBDzvsM
AAAAAOi9eDyu2trDZncjpaIKOKwebjidLlVXV5vdjW5VGIaeKO+nSc6Wy2gaEnHd39SoR0LBjPZz
d0mZbikpVfmxS1rWRcO6rfGI6i1+fAAAAACgmB05ckQxi6+taEbIQcCRRElJicrKys3uRlKdw42V
kWZ9OVDX61CiwjD0UFm1Zh67xGVbLKLPNNQScgAAAACARTU2Nqi5udnsbqREwGERZWVlKinx9fxA
E7xQ0b8t3Phlc0DfbcrOZSU/9ldq6bHLXdZFw/pMQ21W9guk45vf/IYkqampSfff/xP6AgAAAKTQ
3NykxsZGs7uRkhkBR97vomL1cEOSXC5r3kHlPn9lTsINSfpyoE6StNTj0yyXR9/2lWd1/1ZgGIbG
jBmj0aNHqaqqWqWlvmML9DSqrq5OO3e+r08/PWR2NwEAAAAgJauOWdsz424qpt0m1sqczuR3HDHT
LJenbUHRlZHmnIQPXw7UabjDqZkuj24q8evFSKhg7q4yevQozZ8/X4MGDer2MXPnnqfa2lpt2LBB
b775li3COAAAAADFx4pjViuw9m1CTOB0Ok1b8TWVu31lkloWFG2dbZELtzYeUUMi3uE17czlcmnJ
kit07bXXpgw3WvXr108LFizQbbfdqhEjRuShhwAAAACQGcMwCDmSyOsMDjt8I27Fk+RCt1ezji0C
en9TY04XAK1PJPSL5qDu9pVplsujWS6PrWdxLFlyhcaNG9dW79+/X+vXb9DBgwd15MgR+Xw+VVdX
a/z48Zo48SSVl7csLtu/f39dd921WrVqld54Y6NZ3QcAAACApJxOp2KxmNndSCnfl6lwiUonDof1
Ao4FnhJJ0t54LONbwfbGI6FA2+1jr/T6bBtwTJkypUO4sWrVaq1fv77DYyKRiOrr6/XRRx/ppZde
0hlnzNDs2bPl9XrlcDg0YcJJ2rjxTVuEcwAAAACKhxXHrmbjEpVOnE7rvSUXuL2SpBXh/NwGqD6R
0IpISJLabh9rRzNnzmz78/r1G7qEG53F43GtW/e6Hn74Fzp48KAaGhr03HPPEW4AAAAAsBwrjl3N
xgyOTqyWgs1yeVRhtJy4a/M4k+LFcLOWenwa7nBqktOlbbFo3l47GyorKzVw4IC2eu3a19J+bl1d
nf7rv36jiooKBYOZzZhxu9066aQJmjDhJA0aNFBlZWWKRqNqbAxo7949evfd7frb3/6W0T4lqaqq
SieddJJqagarqqpKVVVV8ng8CgaDOnTokD744ANt2rRZkUgk4323cjqdmjhxoiZNmqjKyir5fCV6
4IGfpvXcmpoaTZo0UaNHj1ZFRYW8Xq8aGxt15MgRvf/+Tm3btlWBQGbvpWEYOvHEEzV16hT1799f
5eXlCoVCOnz4sHbs2KE33tiYt/ApV33J1fnSWW+Obb76BgAAgN6x2tjVCvIWcNjlW3CHw1op2PB2
J23rrIp8aH9ZSmvAYieVlZVtf66rq8t4cB0Oh3XoUGa3jJ00aaLmzZunioqKDj93uVwqKSnRgAH9
NXXqVH388W4tX75chw8f7nGfEyZM0BlnnKERI4Yn3V5RUaGKigqNHTtWZ555pl54Ybl27tyZcp83
3HCDhg8fJkl68MEHdejQYU2YMEGLFi2Uz+dre1w6YUl1dbXOP/98nXji+C7bKisrVVlZqdGjR+u8
887V+vXrtWbNq2ldJzhgQH9dccWSDiGV1PJe+v1+jRw5UpMnT9bzz/8h4+OUqVz1JRfnS7aObS76
BgAAgOyy2ti1O/lch8Me70geWe0OKsNNSuXaL2Q6y4aXqSSO3QlGksrLy+Xx5PbvMG/ePF1++eUd
BoSNjQH97W9/0/vvv99h4Dty5AjdcMP1Gjx4cMp9GoahefPmdgg3QqGQ3n//fW3Y8IbeeGOj/va3
v7UFBmVlZVq2bKkmTDgxo77Pnn2Wli5d0jYADofD2r17j957772UzxszZoxuvvmmDuFGMBjUhx9+
qO3bt2vv3r2Kx1uOg9vt1uzZs3XDDde3LeTancGDB+tzn/tcW6DQ1NSkjz/erQ8++ECBQKDtcUOG
DNHNN9/U4/vYF7nqSy7Ol2R6c2zz1TcAAAD0jdXGrlbAJSqdWDUF2xvP/+q4DYm4ym04e0OSjh49
fitdh8OhU0+dptdfT70GR2/NmzdXs2YdX+/j/fff18qVq3T06NEOjxswYIAuvfQS1dTUyOfz6Zpr
PqMHH3yo28tgEomENmzYoAsvvFCffnpIr732mt5999220KBVeXm5rr76Kg0aNEgOh0OLFi3Snj17
OwzAuzNixEidc845kqT6+nq99NJL2r59R5fX6Gzs2LG66qor235f6urqtHr1au3Y8V6H2VqlpaWa
OfMMnXHGGXI6nfL7/SnvVOR0OrVkyRXyeDzau3evVq1arb1793Z4zLhx47R48cUqLS2Vy+XSokUL
9atf/Trrs8Ry1ZdcnS+d9ebY5qtvAAAA6Durjl3N5PR4PN8xuxNWUlrqt1QSNsvl0Sy3R/WJRF7u
oNLeHSV+eQ1D66Jh291JJRwOa9y4cW2zBcaOHSvJ0N69e7M6EB43bpwWLFjQVj///B/05z+/rObm
rgvCBoNBbd78tsrKylVTUyO32y2/35/y2/RPPz2kAwf2a8WKFfr000+T9j0cDmvr1m064YSxKisr
k9vtViwW00cffZR0n1OnTm37dn7kyBFyuVzasOENPfPMMzpw4ECP709VVZU+85mr22bFfPjhh3r0
0cd04MDBLo+NRCL68MMP9fHHH2n48OF68smndOTIkS6PmzNnjqSWUMHn8+n119fruef+Rw0NDV0e
W1tbq3ff3a5TT50mp9Op8vJyBYMB7du3L2W/05XLvuT6fOnLsc113wAAAJB9TU32+IKJS1TQgRmX
qthx7Y32Xn75Lx3qOXPO1p13flFz587VoEGD+rx/wzB0/vnz2up1617Xli1bUj4nHo/rxRdfbPtG
/JRTTlF1dXW3j49EItq+fUePfQmFQnrtteMLqU6efHKPz5Ekr9erDz74QCtXrkx7gdLzzz+/7ZKH
o0eP6qmnfqtwOHUAtnv3Hj344EOqra3tcf+7du3SSy+9lPIxdXV1Wrt2XVt98smT0+h55rLZl3yc
L+1lcmzz3TcAAAAgF/IygrXLAqOS9a5j2mPCpSmSVNHufbDb7I1Wu3bt0ooVKycKlW8AACAASURB
VLtcMnHmmbP0+c/forvu+pIuu+wynXLK5A4LMKZrwoQJ6t+/vyTp008/1csvv5zW82KxmFauXNVW
T5kyJePXTmbHjvfaLhGorKxUWVlZj88JBoP6wx/+kPZr1NTUdFjjY+XKVYpG07vDTrr/Dqxb93pa
j928eXPbn4cMqUlr35nKZl/yfb5kcmytdi4DAACgZ1Ybu6aSr0zA3l/RF4FtsePfvF7o9ubtddsv
LFqfSL0eg5W98cYbeuSRXya9naXf79fJJ0/SJZdcorvu+pKuv/6zmjFjRso1Ito78cTjA/2tW7f2
uG5Fezt37mz7Vn38+HFpPy+VeDze4W4WrQPWVLZs2ZLRHWYmTz4+O6F10clsisfjXda56E5DQ0Pb
zJHWy0ms3Jd8ny+ZHFurncsAAABAbxBwWNy2WFQNxwKGBZ6SvL1u62vtjce0LZbeN/RWdeDAAT3x
xJP6zW8e1ebNm5OupeBwODRixAhdcMF83XHH7ZoyZUqPiejo0aPa/vz++6lvzdpZIpHQ3r2fSGpZ
sNHl6nm939JSn0aOHKHp00/VqaeeqvHjx2vIkCEqKTl+XrT/u/l8PZ8vH330cUb9PuGEE9r+/Pbb
b2f03HSEQqEeL3dpr66uvu3P6byHZvYl3+dLJsc2330DAAAAcoFPop3k8x696VoRCWmpx6eZebpd
a4Vh6IJjs0XsenlKMrt379bu3bslSYMGDdL48eM0duxYDR06tMOsjYqKCi1efLEmTz5Zv/3t00nX
L3A6nW2XgCQSCc2ceUbG/Wl9vsPh0IABA7R///6kjxs9erTmzZurmprklz4kEgkdOHBAH3/8cYfL
UpzOnn+9k4U93TEMQ/36HV9j4eOPd6f93FxJWGh2Uaq+5PN8aZXusTWjbwAAAOg7Oy0FkS8EHDbw
21CTlnp8Gu5w6u6SMv2kuTGnr3ez19+2wOhvQ005fS2zHDx4UAcPHtSrr74mj8ejMWPG6PTTT9eo
USPbHjN69GgtXnyxnnvuf7o8v7S0tO3PhmH0ee2BZJc0OBwOLVlyRYfLB5IxDEM1NTXdBiCpxDKY
neP3H7/DUCKRSOs2tGiRj/Ols3SPrRl9AwAAAHKBgKMTK87gWBcN6/VoWDNdHt1cUqpHQgHV5yit
qzAM3VzSMuB53Ya3h+2NcDisHTt2aMeOHRoyZIiWLLlClZWVkqSJEydqw4Y3tGfPng7PiWd58df2
l5m0uvDCCzqEG++99542bdqsQ4cOqaGhQSUlJfL5fCor86umZoiGDRuqkSNH5myASULce/k4X3rL
yn0DAABA9/h83hUBRyfxeFwOh/WWJrm/qVFPlPdTheHQg2XV+kxDz7fb7I3W15Ck7wbre3h04dm3
b58effQx3XDD9SovL5ckTZo0qUvAEQw2tYVh0WhUP/7x/1Yslr2B4sSJEzV9+nRJUjQa1ZNPPqWP
Pvqow2MCgYACgYAOHTqkDz9s2bZo0UJNmzYta/1oLxgMtv2dDcOQ3+9XY2NuZxMVilyfL31h5b4B
AACge5ksDF8scj6St1uqZNX+rouG9Uy45XKRWS6P7vNXZv017vNXapLTLUn6ZXPA9ouL9lZdXZ22
b9/RVvfv36/LYxKJhI4cOSKpZUHJ4cOHZ7UPp59+etufly//U5dwwwyJREK1tceDtZEjR5jYG3vJ
9fnSF1buGwAAALpn1bFrd/LRX+tNVTCZlVOwLwfq9PqxS0aWeXxZDTnu81dqmafl0oaVkWZ9tyn9
xScL0b59n7T92eNJvrhr+1vPtr8LRTYMGdKynkY0GtW7776b1X33xc6dH7T9ua9rNRSbXJ4vfWXl
vgEAACA5K49dzULA0Um2r0fPtlsbj+jdWMtdPZZ5fMcuKen9miEVhqEXKvq3hRvvxiL6cqAuK301
24QJJ6q0tHfrUfTv37/tz90tptk+eJg6dVrW1h5wu91tt9psbGxUNJr+TJphw4ZlpQ/deeedd9r+
PHbsWI0bNy6nr1dIcnW+ZIOV+wYAAIDkrD52NQMBRyexmLVTsPpEQlc31LbN5Jjl8mhN5UDd7SvL
KOioMAzd7SvTmsqBbZelrIw06+qG2pwtYJpPI0eO0OWXX64bb7xR/fp1vcQkFZfLpRNPnNBW7969
J+njdu/e07b2RVmZX/Pnn5/R63Q3MyQSibSFGlVVVWkPNidNmqiBAwdm1IdMHThwoMPlOxdcML/D
LXZTcbvdueqWLeTqfMkGK/cNAAAAyVl97GoGAo5O7JCCtYYcv2xumVlQYTh0d0lLWHGfv1IXuL1J
w44Kw9AFbq/u81e2hCIlZW0Liv6yOaBbG492CDdu9pZqlst+AxePx6MrrrhCTqdT1dXVuuWWm3Xm
mWemtXisYRhatGihBg4cIKnlEpGtW7d2+/jVq1e3hRFTpkzRrFmz0urjrFmzdPvtX2i7W0tne/bs
bfvzOefM6XF/o0eP0kUXXZTWa/fV6tWr1dTUsh5MdXW1rrrqyh7Di2HDhunv//7vdMIJJ+Sji5aV
q/Ol0PsGAACAruwwds03p8fj+Y7ZnbCaXN1mM9v+cuw2riOcTg13OOU1DE1yunWpx6c7Ssp0t69M
N5eU6o4Sv77mK9cdJWW61OPTJKdb3mMByOvRsG5rPKKnw80d9r3M49O/+iu1zOvTnnjMVguOxmIx
BQKNOuGEE+RwOOR0OjVmzGidcsop8vtLFQgEFQwGOzzH6/XqxBNP1NKlSzRq1PE1CNasWdNh3YnO
AoGAGhoa227nOmbMGI0YMUK7d+9Rc3PH99Ttduukkybosssu0+TJk+XxeDR27Fht3ry5y/VzwWBQ
kyefLEkaOnSovN4S7du3r8vlKhUVFTrrrLO0YMGFcrvdOny4VqWlLbf53bFjhz799NMufZ46daoq
KiokSRs3blQw2JTy/ewsFArpwIEDOvnkSTIMQ9XV1Zo0aaLq6uraFqts5fP5NHv2bC1atFBer1cn
nTRBe/bsVV1dx8ug5sxpCXGi0ajWrVuXdl+mT58uv98vSVq/fr3C4b7f1jiXfcnV+dKqL8c2130D
AABAdrXe5dBOjD4sr5AObhPbSSwWa7tloh2si4Z1dUOtZrk8utLr0yyXR8Mcxy8ZaJ2h0d7eeEzr
omH9NtSkddHkA8I97dLA1sVMnw5nNhA20zvvbNXhw7VavHhx22yMyspKnXXWWTrrrLMUi8XU2Nio
pqYmVVRUtIUC7b399ttas+bVHl/r7bfflmEYWrjwIjkcDo0ePVp/93d36MCBAzpy5KikhMrLyzV4
8OC2tTWklkWB3nxzY9I1Nj744AO9/vrrmjlzpiTpjDNmaNq0qdq//4COHj0il8ut6uoqDR48uG1m
yurVq9W/f38NGNC/y/6ybdeuXXryySe1ZMkSeb1eVVdX68orl6mxsVEHDhxQKBRSeXmFhg4d0uES
lsOHD3e4E0sxysX5Ugx9AwAAwHGJREKxGDM4OiPgSCIWi3X48G4H647N5pCkSU6XKgxHl8tL1kXD
qk/E05qNsS4a1lcCdW3hhh1Djn379unhhx/WKaecojlzzu4whd7pdKqysjLptPpgMKiXX/6LNm3a
lPZrbd68WYcPH9YFF8zXkCFDJEmDBw/W4MGDkz7+/fff1yuvrNH+/fu73eef//yy4vGEZsw4XS6X
Sx6PRyNHjuhye9bGxoBefPFP2rHjPS1atDDtPvfVrl0f6pFHfqn588/X+PHjJUllZWUqKyvr8tho
NKoNG97QmjVrFIlE8tZHq8rF+VIMfQMAAEALwo3kjLKyspzOabHblBmpZZBWUmKPy1RyrfPtaL8S
qLNVyNFeTU2NTjzxRI0YMVx+f5n8/lJ5vV6FQiEFAkHt2/eJPvzwI23btq1P/2CccMIJOumkCRo+
fLjKysrkdDoVCARUW1urXbs+1Pvvv6/Dhw+nvb+KigrNnHmGBg4cpH79qlVaWqpAIKBDhw7p3Xe3
a/v27Vm5NKMvampqdPLJkzR69GiVl5fL6/UqEAjoyJGj2rlzp7Zu3arGxkZT+2hV2T5fiqVvAAAA
xay5ucmWn69zfaUEAUcSJSUlKisrN7sbllFIIQcAAAAA2F1jY0OXddLsINcBB3dRSSIS4Try9p4O
N+krgeOLQt7nr9QyDzNcAAAAAMAMjFmTI+BIIhaLcieATpKFHHa8hSwAAAAA2Fk8HlfMRne5zCcC
jm6wEGJXnUOOBW6vib0BAAAAgOLDWLV79rpVSB5FImF5vQzgO3s63KT6RFyTnG49EgqY3R0AAAAA
KCqRiLk3GLAyFhnthsPhVL9+/czuBgAAAAAAbWpraxWP2/M2sSwyapJ4PKZolOuaAAAAAADWEI1G
bRtu5AMBRwrhcMjsLgAAAAAAIIkxak8IOFIIhTh5AAAAAADWwBg1NQKOFGKxGCvUAgAAAABMF4lE
FItxeUoqOQ84cr2ISK6RkAEAAAAAzGb3sWk+sgFmcPQgFGo2uwsAAAAAgCLH2LRnBBw9SCQSam7m
RAIAAAAAmKO5uVmJRMLsblgeAUcaSMoAAAAAAGZhTJoeAo40RCIRRSJhs7sBAAAAACgykUiYm1+k
iYAjTU1NJGYAAAAAgPxiLJo+Ao40hcMhRaNRs7sBAAAAACgS0WhU4bC9756STwQcGWhqCprdBQAA
AABAkWAMmpm8BBz5uN9tPoRCIa59AgAAAADkXCQSUShUGLM38pUJMIMjQyRoAAAAAIBcY+yZOQKO
DIXD4YJJ0QAAAAAA1hMKhRQOcyfPTBFw9EIwSJIGAAAAAMgNxpy9Q8DRC7FYlBMOAAAAAJB1wWBQ
sRh38OyNvAUchbLQaKtgMMBtYwEAAAAAWRONRhUMBszuRlblMwtgBkcfFNqJBwAAAAAwD2PMviHg
6INwOMzKtgAAAACAPmtqCrKwaB/lNeAotMtUJCkQ4FIVAAAAAEDvRaNRBQKFN3sj3xkAMziyoLGx
wewuAAAAAABsijFldhBwZEE0GuWEBAAAAABkrLGxgasCsoSAI0uam5vV1NRkdjcAAAAAADbR1NSk
5uZms7tRMPIecBTiOhytAoFGFoUBAAAAAPQoHA4rEGg0uxs5Y8bYnxkcWdbQUM/0IgAAAABAt6LR
qBoa6s3uRsEh4MiyRCKhhoZ6xeNxs7sCAAAAALCYeDyuhoZ6JRIJs7tScEwJOAr5MhVJisVinLAA
AAAAgA5avxCPxWJmdyWnzBrzM4MjRyKRCFOOAAAAAABtGhrqFYlEzO5GwTIt4Cj0WRxSy6Ix9fV1
ZncDAAAAAGCy+vq6orgphZljfWZw5FhryMHlKgAAAABQfBKJRNGEG2Yj4MiD1pCDhUcBAAAAoHjE
43HCjTwyNeAohstUWkUiEdXVHeUWsgAAAABQBKLRqOrqjhbVmhtmj/GZwZFHsVhMdXVHSe8AAAAA
oICFw2HV1R0t+LulWI3pAYfZCU++tV5/1dTUZHZXAAAAAABZ1tTUVJTrMFphbG96wFGsAoFGNTY2
mN0NAAAAAECWNDY2KBBoNLsbRctldgeklqSn2NItSWpublY0GlVZWblcLkscCgAAAABAhqLRqBob
G4p2zUUrzN6QJKOsrMwSyUIxBhzt+f1++XylZncDAAAAAJCBpqagAoGA2d0wlVUCDstMGyjWWRyt
AoGAIpGISkv9zOYAAAAAAIuLRqMKBgNFfxMJq4QbkoUCDrSstBsOh1Va6ldpKbM5AAAAAMCKgsGg
gsHinrVhRZa5RKVVMc/iaM/pdKm0tFRer9fsrgAAAAAAJIVCIQWDQcVixbnWRmdWmr0hEXBYnsfj
kc9XKrfbbXZXAAAAAKAoRSIRNTUFi/5ylM4IONJAyNGV1+uVz1fK+hwAAAAAkCfRaFRNTUGFQiGz
u2I5Vgs3JNbgsI1QKKRQKCSPxyufr0Rut8fsLgEAAABAQYpEwmpqalY4TLBhJ5acwSExi6Mnbrdb
Xm+JSkpKzO4KAAAAABSE5uZmhULNikQiZnfF0qw4e0OycMAhEXKkwzAMeb0l8nq9rNMBAAAAABmK
RCLHZsw3MwZNg1XDDYmAo6A4nU55vV55PF7W6gAAAACAbkSjUYXDLcsAxGIxs7tjKwQcfUDI0TsO
h1Mej1tut0dut1sOh8PsLgEAAACAKeLxuCKRiCKRsMLhiOJxQo3esHK4Idkg4JAIObLB6XTJ7XbJ
5XLJ5XLL6XRa/uQEAAAAgEwlEgnFYjFFoxFFo1FFIlHFYlGzu2V7dhg/ch1DkYjFuv5SO51OOZ1O
ORxOOZ0OORxOORwOGYbR1kr2OJEBAAAAFLbWL74TiYTi8XhbG4/HFIu1tjEuOSlitgg4DMNgFkcO
8MsPAAAAAOiJXb70ts3CDHZ5QwEAAAAAKBR2GovbJuCQ7PXGAgAAAABgZ3Ybg9sq4AAAAAAAAEjG
dgGH3RIkAAAAAADsxo5jb9sFHJI932gAAAAAAOzArmNuWwYckn3fcAAAAAAArMrOY23bBhySvd94
AAAAAACsxO5jbFsHHAAAAAAAAFIBBBx2T5gAAAAAADBbIYytbR9wSIVxIAAAAAAAMEOhjKkLIuCQ
CueAAAAAAACQL4U0li6YgEMqrAMDAAAAAEAuFdoYuqACDqnwDhAAAAAAANlWiGPnggs4pMI8UAAA
AAAAZEOhjpldZncgV1oPWCKRMLknAAAAAACYr1CDjVYFOYOjvUI/gAAAAAAA9KQYxsYFH3BIxXEg
AQAAAABIpljGxEURcEjFc0ABAAAAAGhVTGPhogk4pOI6sAAAAACA4lZsY+CCXWS0Oyw+CgAAAAAo
ZMUWbLQqqhkc7RXrAQcAAAAAFK5iHusWbcAhFfeBBwAAAAAUlmIf4xbdJSqdcckKAAAAAMDOij3Y
aFXUMzja44QAAAAAANgNY9njin4GR3vM5gAAAAAA2AHBRlcEHEkQdAAAAAAArIhgo3tcopICJw4A
AAAAwCoYo6bGDI4eMJsDAAAAAGAmgo30EHCkiaADAAAAAJBPBBuZIeDIEEEHAAAAACCXCDZ6h4Cj
lwg6AAAAAADZRLDRNwQcfUTQAQAAAADoC4KN7CDgyJL2JyRhBwAAAAAgFUKN7CPgyAHCDgAAAABA
Z4QauUXAkWOEHQAAAABQvAg18oeAI48IOwAAAACg8BFqmIOAwySdT3gCDwAAAACwJwINayDgsIhk
vxCEHgAAAABgLYQZ1kXAYWE9/eIQgAAAAABAdhFg2BcBh43xiwcAAAAAQAuH2R0AAAAAAADoKwIO
AAAAAABgewQcAAAAAADA9gg4AAAAAACA7RFwAAAAAAAA2yPgAAAAAAAAtkfAAQAAAAAAbM9lmN0D
AABQ8BJmdwAAABQ8ZnAAAAAAAADbOxZwHJvHYbTO56CmpqampqamznYNAACQO0Z5WRmzRgEAQE7x
YQMAAORapzU4DHX8CEJNTU1NTU1N3fc60aEGAADIPqOCGRwAACDH4mZ3AAAAFLyWNThar42lpaWl
paWlpc1VCwAAkEPM4AAAADnHDA4AAJBrx9bgMCQlWr5hSSSoqampqampqXNQAwAA5I5RyQwOAACQ
YzGzOwAAAApeuzU4jGMtNTU1NTU1NXUOagAAgBxiBgcAAMg5ZnAAAIBsMQxDXq9X/fv3V0VFhXw+
n9xu97E1OAyj5dpYWlpaWlpaWtpctQAAAH3gcDhUUlKikSNHavDgwerXr58qKyvl9Xrl8XhaZnAY
KXaQkMR2trOd7WxnO9vZ3pft0RSPBQAA6Inb7VZNTY3GjBmjoUOHqn///nI4HIpGo4rH40okEjKq
ysoTHT6BdP5EQk1NTU1NTU3dxzrKDA4AANBLHo9HI0aM0IQJEzR8+HB5PB6FQqG2/8XjcRmGIaOK
NTgAAECOMYMDAAD0hsfj0ahRozRx4kSNGjVK0WhUjY2NampqUjQaVTQaVSwWUyKRaL8Gh1q+aenS
JtjOdrazne1sZzvb+7g9IQAAgEy4XC4NHjxY48eP14gRI9Tc3KzGxsa2mRvRaMevUIyqY2twdPv5
hJaWlpaWlpa2j21EAAAAmamurtYpp5yiCRMmyOl0qra2VqFQSOFwWPF4vMvjjWrW4KCmpqampqbO
cR1hBgcAAMiA2+3WmDFjNH36dFVVVamurk5NTU1qbm5WopvPFS4p0fIhpD1qampqampq6mzXAAAA
afL5fBo2bJgqKysVCAQUDocVCoW6DTckySUZMgy1fAhp3x7Tegkt29nOdrazne1sZ3vvtycEAACQ
DofDoYqKCvXv318ej0dHjx5tu1tKyudJiWP/16lNtLRsZzvb2c52trOd7X3dDgAAkC6Xy6Xq6mqV
lpYqHA4rEokoFov1+DyjX3k5HzsAAEBOhZnBAQAA0lRSUqLTTjtNJ598soLBoBoaGnq8PEWSXEwZ
BQAAAAAAVmEYhrxer1wulyKRiOLxeI/hhtRuDY6Ejl8iS01NTU1NTU2dzVqJhAAAANJhGIbcbrec
TqcMw0j7eW1rcChxrKWmpqampqamznoNAACQHsMw2sKNRCKhdGZvSJLRnzU4AABAjoXS/GACAADg
9/t17rnnaty4cTpw4IACgYAikUiPzzu2Boehlq9XaGlpaWlpaWlz0QIAAOSWS4Zx7OMHLS0tLS0t
LW1uWiUEAACQUw4lEi2TOFo/eFBTU1NTU1NTZ7sGAADIMVfnFUmpqampqampqbNdAwAA5BprcNDS
0tLS0tLmoQUAAMgt1uCgpaWlpaWlzXmrhAAAAHLKoYTarpFNqJuW7WxnO9vZzna2s70v2wEAAHLM
1eUSWaOblu1sZzvb2c52trO9t9sBAAByzJVItE0eldTyLUtbZUhsZzvb2c52trOd7X3dDgAAkGsd
7qLS+WOIIUlsZzvb2c52trOd7X3dznUqAAAgxxxtHzjaXTNLTU1NTU1NTZ3VGgAAIMeOr8FhHPt/
RoKampqampqaOrs1MQcAAMgxR9sK5wlJSoiampqampqaOts1AABArrXN4DjWiJqampqampo62zUA
AECudViDg5aWlpaWlpY2Jy0AAECOHZvBYajlWllaWlpaWlpa2hy0JB0AACDHHB2ulaWlpaWlpaWl
zUELAACQa462a2QNSTJETU1NTU1NTZ3tGgAAINccHb9USYiampqampqaOus1AABAjh1fg0OJlrbD
tbLU1NTU1NTU1FmolRAAAEAuORIJKaHU186yne1sZzvb2c52tvdlOwAAQK45DEMyZHS6ZrZjy3a2
s53tbGc729nel+0AAAC5dmwNjtZvVpK0bGc729nO9rS3337nF/X6li3aue8T/e7FFzX99NMs1T+2
s93c7QCAXDvnnHN033336ZFHHtHXv/511dTUmN0lIG+MIeXliY7frCRETU1tTv2Lxx7VRYsXq7OF
556ntzdtMr1/1Knra264Xvf99Kdqb8/u3bronHN1pLbW9P5RU5tZNyTiQmEaP368Zs6cqfHjx2vg
wIHy+/1KJBJqbGxUQ0OD9u3bp23btmnTpk06dOiQ2d0FCtrpp5+ue+65p8PP9u/fr69//esKh8Mm
9QrInN/v17nnnqtx48bpwIEDCgQCikQiPT7PlUhILQuBtXwMoS7MeuLJJ2vVq6/KMNp/+GyxbPFi
vfbKKz3u77obb9SPHnigy/Ml6Ztf+Yp+/dBDPfZn+ukz9PzqVV2en0gkdNE552jL5rct8X6ZVid9
d6WEEi3/3+z+Uaesl1x1lTobPmKEzl9woZ5+/HHT+0dNbWaNwjNq1CjddNNNOvHEE5Nu79evn/r1
66dRo0Zp1qxZSiQS2rJli37/+99r27Ztee4tUBzmzp3b5Wc1NTWaNGmSNm3aZEKPgPzqchcVo9Oq
59SFUW/fulU733tP4ydM6HISzJs/X2tfeaXH/V1w0UVdnttq/oIF+vVDD/fYn3kXXpD0+bs++EDv
vL1F+Twfp00/TZ+77dYuffnNLx7Rxg3rzTle3by/xrH/b5Xzyar1qaedqs/ddluSY/oLbdzwRlr7
S+e86O75brc76fErKSmxxPtDTW1mrW4jXNjRnDlz9PnPf77bf/eSMQxDU6ZM0ZQpU7Rp0yb9/Oc/
V319fQ57mT+DBg3SwoULu/z8xRdf1P79+03oEczU1/OhL893Op1Jf+7xeHp8XaAQuFqa1g8dtIXc
rl2zJmnAMWPWrB6f7/P5dObZZ3d5bquZZ52lioryYx9Uut/PzLPOSvr8tWvW9Prv1dt2+KiRuvKa
a7r05c+rVh0byJp1vLpjjfPIyu3wUaNSHNMNae2nL+fFn1etavf71KLu6FH9ZfXqrP49aWnt26IQ
TJs2Tbfddlu3A6l09/GDH/xAP/rRj7Rr164s9s4cAwYM0IIFC7r8/M033yTgKEJ9PR/68vyNGzdq
ypQpHX7W0NCgrVu39vi6QCFwdf+dMQrNqj+9qBtuuaXLz0+ZOk0VFZVqSPEtysWXX6Hyioput/v9
fl26ZIke+9Wvu32Mt6REU6dPT7rtpRUrle9zsbtXc8jIe196YliwT1aUjWPal3088KP7NHLUKC27
5hq5XC4dPHBA3/nGN7Tn490cP4CQoyC43W7ddNNNKcON5uZmOZ3OHmd3RKNRHThwINtdBIraypUr
NXjwYC1YsEBOp1OHDx/Wz3/+cwUCAbO7BuSFK5FIdPxEnxB1gdarV7yoQ59+qgEDB6q9El+J5l+0
QM8+9VS3z79wYfeXp7Saf9FFevSXv+r29edftEB+v7/L82oPH9af/viHPv/9elUnkTj2n1X606FP
FjqfLFsnkdH7142EEkrn38svf/GLuvd//S+NGj1amza+af77QU1tlRoF4ZxzztHATp8jpJaw4oUX
XtCLL76oI0eOSJIqKys1depUnXbaaZo+fXqHUCQej+vBBx9UMBjMW9+BYvHoo4/qqaeeUlVVlQ4e
PGh2d4C8cnW5P72RoC7g+vXXXtPFl12mzs4+91w999Rvkz7f5fZo9jnn5+t4hAAAIABJREFUdHlO
Z7Nmz1ZpqU9NTc1JX3/Oueclfd6GdevU9u12vt+fJDrMlrBAfzr0yWLnk/VqJZXZ+5diH2n+e3m0
9oiO1h5J+/HU1EVRp0oQYRvTu5mJ+Zvf/EYrV67s8LO6ujr99a9/1V//+lcNHTpUV199tWbMmCFJ
WrFihd55552c9xcoVuFwmHADRanTGhytqAu1fuXPf04acJx2xhntHtfx+Ysvu1RV1dVdntNZeUWF
LlmyRE899ljS1z/tjBlJn/eXP/+502sm7//Z552nCxct0sRJkzRqzBiVV1bK5/OpKRjUpwcPavNb
b+kPzz2nF//4x6TP777uLJFWfzrXLrdbly9bpnkXXKBTpk1Tv/795ff7dfToUR0+dEhvbtig5b//
vV7q9AEwvQ/9LX2aPmOGrv7sZ3Xm2Wdr4ODB8no8OlJbq3fefluP/9d/6U9/+EPa/c20HjJsmG7/
0pd00sSJGjZihIYMHapoLKb6o0e164MP9NbGjXrmiSf03vbtGe3/jDNn6ZIlS3TGrFkaVFOj6upq
NTU16ciRI9q+datWLl+u3z7+uKJtt4XK9Hi2Pib5+Z3+oCvd52enPuPMM3XVdddp5llnacCgQd0c
68z2P236dF392c9q5uzZGlxTI7/fr9raWu3dvVurV6zQk48+qn179/a6/707R6zz7yN1PmrYXU1N
TZefRSIRvfTSSymf98knn+j+++/X3LlzNXfuXP33f/93rrqYkdLSUi1cuFCjR4/W4MGDNWjQIEWj
UTU2NmrPnj3asWOHXnnlFR09ejTvfRs6dKhmz56tyZMnq3///qqoqFAoFFJdXZ127dqldevW6c03
32yZXdgH06ZN0/z58zVy5EhVVVWpvr5e+/bt0yuvvKLXXntN0Wi0w+P9fr/OO+88zZgxQwMHDlR5
ebkCgYA++ugjrVmzRmvWrOlTf1LJ1fHK13ttR0OHDtW8efN0yimnqF+/fvJ4PKqrq9N7772nlStX
aseOHRntb9CgQW37GzBggHw+n+rq6rR//35t2LBBa9as6fPMLiv/XiP3jKHlFQlDx2eS0hZ2W9Wv
nzZs26YSX4naSyQSOu/0Gfpg584uz/uPRx7RpUuXKB3Ln39et332+i6vO3T4cL329uYu1+yGQyHN
mnyKDh48mLS/AwYN0i23367LrlymESNHptWH1199VV/90l3atXNn0vdhT11m/5itXL5cN33mmpTv
69XXX6+/u/sujR03rsf9rV+7Vj/83r9o/WuvddnPQ489qosWL+7ynIvPm6vLli3V5269VR6vN+l+
Y7GYnnz0Mf3LN7+phsbGrJ03brdb93zjG7rhlptVWVWV8u8WDoX0pz/8UT9/4AFt2bQp5X7HjR+v
r3/n27pg4cIeF6rb8e67uvdb/6w/r1qVdH+7e3FMb/7MNVk/Lx54+CFdceWVXR67dOGiLsf7N0//
VnMv6HpXobOnnaqbbv+Cbrj5Zrm7WfE8FovpqUcf03e/+U0FGht7PI6ekhLd++//rmXXfKbbfUrS
kdpa/Z9//5Ee/s//1Lu7P+6y7s6Hf/ub5pw6vcv+nW63vvKNb+j6DM6R//fAA9q8aZMl/l2kzU9b
l4gL9vfggw+qrKysw8+i0ag+//nPKxwO93n/kyZN0re+9a0uP9+4caN+/OMf9/j8BQsW6MYbb+zy
88cee0x/bPcFiGEYWrRokS699FKVl5en3Gc4HNaaNWv0u9/9Tp9++mmHbZkGNa+99pp+9rOfpXxM
ZWWlrr32Ws2ePVsOhyPlY3ft2qWHH3445UKtd911l2bOnNnl53fccYeuvvpqnXde8hm2krR37179
5Cc/0d5j4ff06dN1++23dzkH2tu0aZMefPDBrA4es3W8Osv2e93X8yEb59PNN9+s+fPnd3nsV7/6
1bbj2F5358dtt92mBQsW6LLLLpPL5Ur6+vF4XMuXL9cTTzyhWCyWsq+GYejaa6/VggULut2f1DLz
69FHH9Wrr76qhx56qMvl7Xv37tVXv/rVbl8jF+cJzOH3+3Xuuedq3LhxOnDggAKBgCJtX3h2zyG1
rjdAWwztkdrD2vTmxi4ngmEYumDRwqTPm31u18tTopGIGhsbu/z8rDlz5CnxdtnPgosXJR3Ebn7r
LR08eKDb/v7yySf0xS/fk3a4IUkzZ8/W0y/8USdPOSXpfnsnef+8JV79+D/+r+772U/TCjeklm/m
H/+f53Tjbbcm2W9yX/rqV3TbF7/YbbghtdwW7Nobb9Bvnn2m2/72pv3uD/5Nd375nh4HrpLk8Xp1
6dIl+v2qlfrHf/5Wt/s9+7xz9eTzv9dFixentQr/hIkT9Yv/fkxLr76qm35mLjfnRbqP6/7RX/nW
P+mW229PGUQ4nU5dc+MNevTZZ3o8fmUV5frv557VNTfekHKfklTdr5++84N/0ze+8+2Uf5POr/O9
H/ybvpjhOfK7VSv1tX/+VtbOU1o7tCgETU1NXX7mcrmS3tKyN7Zt26Y9e/Z0+fnUqVNTDqpbnXnm
mV1+Fg6H9Ze//KXDz6666ipdd911PQ6CpJbba86bN08//vGPtWjRoh4f3xejRo3Sv/zLv2jOnDk9
DrglacyYMfr2t7/d5a4Z6bjyyitThhuSNGzYMH3nO99RTU2NTj/9dN1zzz09Hodp06bp+9//flrH
K125OF75fK/t6KqrrtLSpUtThhEOh0MXX3yxvva1r6Xcl8vl0te+9jVdfPHFKfcntYROf//3f6/F
Sb7wk1rGLKn6bMXfa+SXo/XadP4rnv9e++tfk54MM886q8tjF19+ufoPGNDlsW++8YZe7fRhQZIq
q6p08aWXddnPrNnJbzH72l9fSdnXZ594slcn9qDBg/XAQw+ppMTXZZ+90V3/Hn70UV113XUZ78/j
9eqb3/2uTpp0clp9W3DxxWnv+/SZM3XHl+7Kyrmy9OrP6LM335zx38/hdOr1V19Lus+p007V//v1
rzV4yJCM9unxevXD//OAzpt3fk6OaTb20d1ekr+7yV2+bFnar5/Osf7B/T/p9vbM3fm7u++Wv5sP
pvk4R/ivMP9DYaitrU3686uvvlp33nmnTjjhhD6/xurVq7v8zOVy6dxzz035vIEDB2r8+PFdfv7W
W291+FJmypQpuuSSSzLul8Ph0LZt2zJ+XroGDhyof/qnf9KAJJ+7UvF4PLrnnns0evTojJ43d+7c
tB7n9/t111136ZZbbkkrCJCkqqoqXX/99Rn1pzu5OF75fq/tKNkskO5MnjxZ56RYr+9zn/tcxsHQ
NddcI5/Pl/bjrfp7jfxzHP/mkrZY2j/+z/9n774Do6rSPo7/Jpk0AqEElLr0XhSktwiKoJQAskiR
tQuuL+jqqthdQNEVBcS1gGIHld4RkN57LwIRpIUOgUBCyrx/DBkymTstmSGZ8P3sy3vmzLn33DNz
zsS5z9x7zgzDewgbNGrksH17J9HTRfPn67fZWee6sLrvgQcc6mnQqKHDdhaLRfNmzXTZ3h/Gf62/
Dh2y2+fkiRPauG6dlv3+u+IOHFCKk0tiq9Wooaf/71kn9XvLsX3DRowwvMUgQ2pqquKPH9e15GSH
sksJCXrhmWe0b3fGmuSetys5KUmnT550eR/osy/8S7eVLGnYbm/SAYMGGn6ZSU9P15G//tLxo0cz
zY1xw6L587Vs8WKH+swhZn38+Wce/dJvJDwiXK8PHWrQ3uzy9bjwdDvPjud5X99uWH/HrrGK7fGg
y2NcvXpVZ7Jcmmkymdx8ib1xnAGDBrkZI8dcjJGMk5jc/7tIejNS5AdbtmxxWtasWTMNHTpUI0eO
1FNPPaUmTZoozMWVh84sXbrU8EqRVq1audwvJibG8NfdrAGTnj17Ov27FR8fr1OnTjnMOyFJa9as
0aFM30l8yWQy6fnnn8/2VQ+hoaF64oknvD5mhoSEBJfzHpQvX16FCxe2e+7ChQtKSkpysofUsmVL
1axZ06s2GfF1f+XGex3orl27pnPnzrn8PtK3b1+Fh4c7PF+zZk21bdvWZf1JSUkOtzS5/y5iLy9+
rpE7zLr+u4pFJplMksVikFKer8r379ur/fv2qVqNGnaDIbp4cbWIidHq5ctt+7cw+DJxLTlZ036d
pAvnz+nt4e85nKw2b91K5pBQpaWmyGIxqWHjxipZurRDPXEHDmjX9h0u25+akqofvh6vZ1/4l2ZN
naqvPvtcfx48IItF17eT6t15p4Z9NEL1GzoGUbr17KlPR3xkV//C+fMlWX9daNS0qcM+m9avt/uF
avuWLVKW9jVu1kJ9H3vU6DOlo0eOaPQH/9XvC37T6ZOnFBUVpb6PPaaB/35RhaKidCo+Xv/35JNa
u3Klsn7+XF12d/TIEY0Y9q7mzJiupKtJqlCpot4YNszw6o4iRYvqgS6d9e3YcdkeP8Wii6lG7doO
da9esULPPd1fJ08cl8UilbjtNnXsGqu+jz2mGrVqKTkpSR+9955h/U8+809Vr1XL+PX99Ze+HTtO
61avUnCwWc1btdRjAwaoxG232W1Xs05tPdZ/gL4d+6Wt/uz0adb2ZXtcyJP+c3x/XTl65Ig+evdd
zZo2XdeSkvS3ihX11rvDdJ/Tvu6i78aNc+jfxwcMcHqMzRs26MNhw7Ru1WqlpKSoQqWK6vPoo3q8
f3+FGXxBsb2STPUXKRqtGrUd+3P18hV6fkB/nTh2XCZZ59Lp2DVWfR99TDVqW8fIx++95/D+5YW/
j5T7r5w4R/6wePFidezYUVFZ5ujJrGTJkipZsqTatm2rlJQU7du3T1u3btX69es9utc9OTlZq1ev
dvgFuXz58qpQoYLTk5GmTZs6/B2Oj4+3W60lNDRUlSpVcthu8+bN+vTTT22BlbCwMNWvX1+dOnVS
5cqVde3aNf38888Ox1y9erUkqVChQoa/UO/cuVMXL1605Z1NyNiqVStVqlTJsOz48eOaMWOG9u7d
q+DgYNWsWVMPPvigihUrZrddlSpV1Lx5c1ubMnP236eNGzfqu+++05kzZyRJdevW1YABAxzqzmzF
ihWaMGGCLly4IJPJpLvuuktPPvmkQwDEZDKpVatW2rNnj9O63PF1f0n+fa9zOh58NZ5cfZ/0Zvv4
+Hh9++232r59uywWiwoWLKh+/foZXq0RFRWlO++8U2vXrrV7PjY21mn9O3fu1I8//qi//vrLVn+b
Nm3Uo0cPhbq5rTYzf4wTBC6zdOPO2IygnENKeb4rX7typUOAQ5Luvvde260n7e5/4PpVAPY2rlun
+OPWSYpWLVumB7KsylIsOlr3d+6kWVOnSpLatr/PoQ5JWr96tTwZf9+M/VITv/9OF7NEdjPKt2/d
or7dumnRmjUqXbas3TZVqlVT+UoVdSguzrb94w89JEnq1K2b4Ynst19+qemTJzs8n7ld/xr8iuE9
hBvWrtU/H3tM8ceP255LSLioz0eP0urly/TvN97Qu2+9pb27dtnKs75+I2fPnFGvzp11ONPEVofi
4vRknz6aMGOGWhncQ1uvfn3l5PNdrnx5w/8gHdi3z9b/knT61El9O3asvh07Vj379lXpsmW1e8cO
w9f38OOPGb6+rZs2qXeXLnaXEG9av07TJ03SlPnzVapMGbvtO3fvpm++/MJWf3b7NHP7sj0uMr0+
5yzK+NUjYztn/7E36uvDf8bpCTd9nbX+kqXLXL8qy9H8WbP01MMP2z13KC5O7731llYvX65vfv5Z
5pAQh/1MJpPdcf5WwckY+WOfbTUWi4zHyK7rYyQv/n2k3H/lCHyXL1/WuHHj9Nxzz7m9l16yTlRd
p04d1alTR3369NHWrVs1efJklxM1StZlZO+55x6HvzFt2rTRN99847B9xYoVVSbLfyskaXmW23KL
FCli+Hfr8OHDdleNJCcna+3atVq7dq3q16+v4sWL6+zZsw77ZUzwWKtWLcMT0pkzZ2pHpv8mOuPs
0vpdu3Zp+PDhdhM4njhxQuvWrdN7772n27L8CBATE2MY4HBWd9aJW3fs2KGPP/5YQ4YMMfw1fO3a
tfrss89seYvFoo0bN+rq1at6/fXXHd7bnN6y5Ov+kvz7Xud0PPhqPPnChQsX9Oabb9p9N7t8+bI+
//xzhYeHq3Hjxg77VKtWzS7AUaBAAdWpU8ew/mXLlumLL76we+7y5cuaNWuWdu7cqSFDhnj0N0by
zzhB4GIOjlv0f4vmzTccEI2bNbNtc3+XLobbLJo337bNvJmzDLfp0KmTbZvGBhN+SdKi+b951NZr
SclKuHDR5TaXEy7p1x+zLk9rPSGrd+edTvZyxnV7ypYtZzinwaWEBL34zD918vgJw/22b9mqfzzY
Q/t27XZRu7Efvx6vv/48ZLjHpyNGGO5TtFixbIyMG/87e8r4V7Ze/fpp2IgRqlK1msM+k36aoNEf
/Newvjsb3KXyFSs61HfxwgU9/XA/JV5OdNjn6F9H9P47/3HYp37DhqpQsZLP+tRXdTjn+ba+6ut2
HToYfjG4cP68/jP4VaevYdmi3zV5ovNfM/w5Rvhf/v4f8o+NGzdqxIgROnXqlFf7BQUFqUGDBho6
dKj69OnjctsjR45or8Oy49arNIwmpzaanyMtLU1Lliyxe85ognRJ6tSpk/7+9787XIUgWW/LWeiw
xLvv3HbbbSqb5QcayXrbyEcffWS4OkViYqK+/vprh+dr167t8a0XmVeVyezgwYOG771kPcE2smvX
LsXFxTk87+pKH0/4ur9y670ORDNmzHD6/k928qNR1v6uU6eO4ec1ISFB33//vdNj//nnn5o/3/hc
xUhe/Fwj95itv69kXDtKequkSxct1OlTpxwu/69dt64KFymiixfOq3krx8vPrl69qmm//mqrZ86M
6Xrng/cdJiJtdv3WloiIcNW5806Hes6dPauFc+d61e57O9yvWvXqqkLFiipdtqySk5N15tQpHf7z
T/02Z4727NrpcBxJKl7iNif1uuK8HR27dTP8dfuHr8frUNxBj1+PcWps0/p1Ttu1Ye06JSclOdxW
YL3vOfvj5NjRozp54oTDZKChYWF65Kmn1O+JJ7R31y6tXLpUc6ZP15aNm1zW1+Y+4/lKFi9YoCJF
i6hI0aKG++3bs1tnTp9W8RIlbPuYzWY1bt5ch/+M8+j9y/Q7sgev35Xs9Z/x8Y2tX7PGaf0b1q51
0df29ZcrX96w/g1r1ujY0SMuX8ec6dPU6x+uJoezbnfs6BEPxshurVy6RHOmz9CWjRtcHpc0v6fI
T7Zt26YXXnhB7dq1U2xsrIp4MbdScHCwOnfurAIFCuirr75yut2iRYsc5nCIiopSo0aN7H4lNplM
hr8mb9261eG+/itXrujMmTMOk0uGhISoe/fu6tq1qw4ePKhNmzZp3bp1io+P9/h1ZdedBt+TJOvc
ABEREU4nWjx27JjOnz+vokWL2p4LDg5W1apVXc6VkuHw4cNOy44dO6ZaWW4pTU9P119//eVyn6xX
bIQYfF/yhq/7K7fe60Dk6taio0eP6tq1aw63kWTt79tvv11Gtm3b5nLOF8l6u46zlVSyyoufa+Qe
6xwcJhnfO0uar9ONa9c6XKURFh6ue+/voLOnz6h0WcdLPTesWaNzZ88oY9ykpqRq1bJl6vKg/USG
JW67TR06d1JISIjD+tWStHHtWo/b2aFzJ/3fiy9ev+XC2Iuvv67jBmt7S9Ygi9E4d8Z6hZvz9lSu
arwc7Ioli13u50nqzNkzZ53ul5aaogvnzztZlSRn7Zn6yy965vnnDdsUFBSkWnXrqlbdunp64EAd
2LdPX332mSZ+951hfWXLlTOsp1vPnurWs6fzF+9E3TvqadJPnr1/3rwPTmtwMy68Pb4zGUEbo/pT
U1Kd9nXW7Ytk+hKW2Z8HD7p9HZvWrVdqaqrhFSBZt5/2yy8a4HKM1FGtunXsxsiEb7/L9b9/pDc/
dRs/RMBJS0vT/Pnz9fvvv6t+/fpq0KCB6tat63L+hszuuecebdmyRZs2OS5fL0nr1q3Tww8/bHdS
KUmtW7e2C3DUq1fPYRvJOl+IkQULFji9giQoKEhVq1ZV1apV1atXL/3555+aOnWqNm7c6NFryo6s
tz5kaN++vdq3b+91fZUqVfLopPuak0naJRmefKanpxte4ZDBaGJYX/Blf+XWex2IXN26YbFYlJCQ
4HYVGmfLtR5z8p09s7/++ktpaWmGV4AYyWufa+SeIMki672xpLdaunTRIhlpEROjB2KNb0/5bc4c
h3rmTJ9uuG37Tp3U0sn66ssWL/aonaPHjdWXP/zgMrghWX+9KWNwyaG1JuP6nXHXLqNlc69du6aN
69a7fT3uU6etcrmf88mkctae4W+/rQVOLmHNqkr16np/9GjNW7FSlatWcajP2Ql3dpX9298M2u2M
56/baQ0+7r/sHsdZX2fdLjXV+Eto0tUkt68jvECE0y8UWbd/7+13vB4j81euUKUqVd22gzS/pciv
UlJStH79en3xxRd69tln9eqrr2rSpEnas2eP4aoFmT3wwANOy9LS0rTMYEn6evXq2V1ybrS6ypkz
Z5yeeM6aNcthbg5nKlasqBdffFFDhgwxvMzdF5ydBGZXSYP50wKZL/uL99p3XK2okiE9Pd3weVfB
tQxms9mrVVTy2ucauef6HByS6foveuRvnfy8mTOVnJQsk8lk969Bo0Zq1aaNw/NXrlzRjF8nOdQ3
f+YsnT550mH7ljExatikicPzKdeuad70GW7b9877w9X9oYcUFBTkUIdX/5zUL8mr7TPyFovFYZ/g
oCCFhphz3D/O2+R6f6P9JO+Pb5Qf9MST+uaLL3T50iWP3u/a9erqyx9+UPESxe3qy3E/ZvkXWbCg
z96/zHmndfi4/7I7/pz2dZbtL144b1h/1erV3b4fdzVqbNhf1jHluL33Y6SevvzhexUvXiLH45N8
4ORx6zh06JCmTp2qIUOG6JlnntGvv/7q9B756tWru1wtYcGCBQ5XDQQHB9vm3AgNDVWDBg0c9lu5
cqXLE7CxY8dq8uTJSkxM9OQlqWrVqnr55ZezteytO96cxHnC2W0WgcxX/cV7fXNdunTJ8PlyTq7q
zay8k8nuXclLn2vkniBL5l8Ss/6yaJEoz7/lF89fuH5PvL1KVapc/3Xc3prly3Up4cbSVJnrX5Fl
Ei9JKlm6tKoarNSybfNmnT1zxmX7qteqpX4Ga4ynpaVp5uQp6tetu+pXqqwOLVvqqT599eUnn2jX
tu0O29vJ+v6446R95844XrJnDgnRXY2bKOf947o9Lvc33CXn4+fq1at655XBuq9pM3392Wfat3u3
26h99Vq19N7IkXb1n8+0xKovFIiM9O375258+Lr/3Mlh+/7YbXzvbNNWLa2fbxf193y4r1ftuzFG
mno3RkaNdNr+3P77SLk/ynErunz5sqZNm6Zhw4YZ/mobHBys6Ohop/ufP39emzdvdni+ZcuWkqTG
jRs7nGSmp6fr999/d9mutLQ0TZkyRYMGDdKkSZMUFxfn9u9WpUqV9NhjxquB5URCQoJP68uPJ92+
6i/e65vL2Zwt9evXN7yFPbOsy0R7Ii99rpF7zCaZrD/JWay/AN64Z9aal4Xy/Fy+atky24SgGZxF
S3+bM0eScf2zp03Xg717O+xjVNeaFSuulzlvX/deDynUIJo69pNP9P4779iOf/bMGe3esUO/zZ6t
Ji2aa9K8eYZtzzie3et3sZ2r9sUd2G+4X+t72mrZ77/nqH9ccbm/s318+Pk+fuyodfUNk1Sleg11
7BqrVm3aqEHjxoa3M7S57z4VKxat8+fPSRbZLZ2b2WcjR+r9t9+xO27m1L599mnW15ft9y/z63ex
v7Pxn63juzyO8/Z5Wv/iBb8p6WqSwiPsJyQtFh2t9z8ZrQH9+unypcsO9T/y1JNq5+KScVev/9jR
Yxry6quyWKRqNWvogVg3Y6TdfSoaXUznz57Lk38fKfdtOUGO/KNAgQJq3Lixli5d6vE+hw8f1v79
+1W7dm2HsvAsEydntXDhQjXKsux1uXLlVLlyZVugI7OdO3fqzJkzHrXrypUrmjp1qqZOnaoiRYqo
cePGuuuuu1SnTh3DX/ubNm2q8ePHe3SJvaectfWnn37S7NmzfXac/CCn/cV7fXPt2bPHcDLSIkWK
6Omnn9Ynn3xiOK9L06ZNDT/bnsoLn2vkniBZf2aR5OKedMrzbfncGTPkyT10CRcvauakyU7r/33+
PB0/6n7CIIvFonkzZ7ptX5Vq1Rz2TbqapI+HD3f6+lye6Ru9fqfbmly2b9bUqUpNSXHYq89jj6lK
9Wo57B8v2m+3v/P9cjp+ihYt5vD8/r17NOr9D/Rg+/bq0qatDuzb53Dk8PBw1axbx1b/4t8WGLaw
6997qnCRwj4a38ZswRJP6ndeS7aP7834c9c+p0fIsl3CxQQt+914np3Wbdtq3sqVeuKfz6hBw0Yq
V/5viu3xd4396UcNGTHCaZDTWfuKFivq8Pwfe/Zq1Pvv68H2HdSlTRvjMRIRrpp16hi/P3ng7yPl
vi5HfmAymTRo0CD1799fAwYMMJyM2Bln254/f97lfjt27DCclLBTp06qU6eOw/NZl4Y1YnRbzIUL
F7RgwQINHz5czz//vA4dOuSwTVhYmM/nXXA2V0i7du1yvApJfuGr/uK9vrlSU1PtJgTOrHHjxvrg
gw/UsmVLlSxZUgULFlTdunX1zDPPaNCgQS6/iziTlz7XyD1BdvfKkt5y6cF9f+gPF8tAZVi1dJmS
kq66rG/5YteXg0rSnwcOaPeOHW7bFRnpuK74lSuJupaU7HS/mHvvcXpcw+M42bZkmdIu2xd//LjW
rlzlsF9kZKQ++uwzlXayf626dfTrnLm69/4OTuv3qv0+2M9d+rfyFbR4w3qNHjdOZcqVNdxu57at
+uErx/XhJSk6Otq23ZaNG3QoLs5hm9Jly+jTb75RSGiIYf1dHux1i/CMAAAgAElEQVSuBWvWqnXb
Nh6020mfli7j+et2VoebceHq+N4cx137nDHafuwnY5Ti5NeI8hUr6u3339f03xdp1Y4d+uTrr9Sh
c2e3XyiyHudvFcpr8YYNGj1urMqULWfYjp1bt+mHr12MkRyOU9LASJE/9OzZU3fccYckKSYmRiNG
jFCzZs3c7lelShWHJUQl6y0sFy9eNNjDntGKKE2bNnW4OuzChQvasMHx9tvMChYsqFGjRunRRx9V
gQIFDLc5ffq0Zs2aZVjmzUSVnqwoEx8fbxjAue222/Tss886/btcu3ZtDRs2TOWdLAueX/iyv3L7
vfZ0hSF/7Z8bZsyY4XSy4TJlyujZZ5/VyJEjNW7cOL322mtq3bq12+8iRm7m5xp5W1CWH1lIb8F0
7cqVcmf+rFlu65k9ZarbetauXOVRu84ZLE1VLDpaHbp0Nty+QePG6v2Pfzg9rtFx4g4cMNz27336
qGSZ0pLFOl9BlWrVHfYf9cEHhn+s6zdqpKkLF6pH376Kji4ui6SI8Ag92r+/Js6apaatWup/336r
h/7xD8PX4U37fbGfu3Twf/6j6BIl1O2hhzR/1Sq9Nmyo7qjfwG670mXK6p77Oxge//jRY3b1fTd2
nOF2MffcowWrV6vfU0+qZp06qlilirr1fEhf/TxRY8aPV43atfTJ11+rQePGLtvrtE/79lGp0qVl
kdS0ZUtVrl7daT05GRfOusLT7WS0XQ7227B2rb78ZIyrvQylpqQ4X/kgy3EGv5NpjKxepdeHDlW9
Bg3stitdtqzu6eB8jOR0nJIGRorA16hRI8XGxto9d/vtt2vQoEEaMWKEevbsqYoVK9pN2BcVFaWO
HTvq5ZdfNryCY/v27R5dSbpkyRIlJSW53W7VqlUulzKVpN69e6to0aJq3769Ro0apdjYWIflQwsU
KKAmTZoY7n/OYE6pkydPGm7bvn1728lWuXLlVKRIEcPtpjtZka5JkyYaPny4mjZtqujoaEVFRale
vXp69tln9frrr6ty5coaPHiwShkuFZ8/+Lq/bsZ7ndPxkNP985Ljx4/r559/9nq/1NRUt5/lzPzx
uUZgMpskySSZLKS3arpo3jw98vTTTgfJubNnNXvaNLf1rFi6REcOH1Y5F9Ht3+fP96hd69esVqfu
3Rz2Hz56tP5WsaJmTpqsM2dOq2at2ur6UE/9vW9fFXbxR95onO/ZuVOXEhJUKCrKbtuqNWpo8caN
upyQoNtKltQ3X3yh/7wy2G7/DatXa+K336rfk086HKt02bL66PPPlJqaqlPx8SoaHW03CVVERITe
GzVSt91+m8Z8OMKuXm/a74v9XKV3t7tX92daLrhwkSLqP2iQ+g8apLOnT+vc2bMyh4SofMWKhvcz
njl1SpvXr7erd/xnn6lHn96qXa+ew/aVq1XTsI8+cvpaikVH64sfvtcjPXpoz46dhu3es8N5n/6e
tU8HDzZ83TkZF866wrAfnDE52d6T/Qy2/3DoEEUXL67ejz7iYucbriUn6+2XX9ZrQ4c6vAdZj9Pm
Hscx8vSgQXramzGyYX2Oxilp4KQEOQJbcHCwHn74Yae/rJYpU0bdunVTt27W/3YnJiYqODjY5fwa
aWlpmjlzpkfHv3r1qtasWaM2bdo43cZisbidXLRixYq6O9MS9oUKFVKvXr3Uq1cvnT9/XhcuXJDZ
bFaZMmUM/26dO3dOJ06ccHj+7NmzSkxMdJg4sWLFivr000+VmJio6OhoTZkyRVOmTHHYf+XKlbr3
3ntVvXp1h7Ly5cvrueeec/qaihQpotdee03vvPOOzhr8QBTI/NFfN+O9zul4yOn+ec2cOXNUuHBh
de7c2aPtU1JSNGbMGPXv39/tZKSS/z7XCEyZ5uBQlp9byN8q+eW/L9ap+Hg5s3LJUuucEx7Ut3Th
Qqf1nDt7VovmzfWofZN/mqD9e/c61FEsOlqvDx2qtXt2a198vGYvX6Ynn33WZXDDxuB4WzZuNNw0
MjJSt5cqJZPJdGPCxSz7v/HCi1rm4ouU2WxW6bJlDWfYNpvN+tdrr6nF3TFZXr937bfLO9spm+Nj
8Dv/MZwYUpKiS5RQ1Ro1VLFyZadLrk39+WfD+gc98aTOnDrlqtFO3V6qlL6aONEaRHPSfo/71MXr
93xcZN3fBY/6S+77x9P6M+UHDxqk/7wy2OXnXLIGdx7v+ZAmfPOt88tDM9U/+D/v5HyM5LG/h+T9
mUcgS0tL07BhwxRncKuhkcjISLeTh86ZM0eHDx/2uA2//faby/K9e/e6PUl57LHHnP5NKlq0qCpW
rKhy5co53WbBAuP5pCRp165dhs9HRESoePHiMplMat68udP9R40ale1fkYsXL67XXntNBQs63uIb
yPzVXzfjvc7peMjp/nnNhAkT9Omnn7qdAPjAgQN688033d5qlpk/P9cIPEFSxj2ycriX3HT9ZzXK
83/5+tVrnA6S+TNneFz/rMnOo8gbVq/2uH1XLl/WiwMG6JKT5bxMJpPDpa7OTt5Mcv763339Dbdr
ZZcrX17t7r/fcP+neve5fiLvnWvJyRoyeLBWLV2W5fUbc/f+O9snJ+Nj0oSfdPHCBa9fmyRtWrdO
I997z7D+g3/s05O9ehvOx+GOxWLRiiVLFH/8uNP2v/eGh336wP2G+5tM0nsejot7738gy/tpzOj9
dbqtm/7xtP6s+3/zxedq17iJ3vr3v7Vg9mxt27xZB//4QxvXrtXUn3/W03376v7mLbRy6RJVrlpV
kQZf3JKTkuzqn/TThByNkY/ffS9P/P2j/OaUI/CdPn1ab731lmbNmuXR7SKuLFy4UBMnTvRqn8OH
D2ufwYTFGTxZ1WXBggXZXip0x44dLlfa+O6773T16lWXdZQuXVpVq1Y1LLtw4YKGDh2qo0ePet02
i8WiTZs2uf1vV6DxV3/djPc6p+Mhp/vnRatWrdILL7yg0aNHa/ny5dqzZ48OHz6s7du367ffftM7
77yjN998U4cPH1bhwoUN59JITk52eM6fn2sEHmsYy5Llx5ZMKeW3RrmzKy/OnDqludNneFz/utWr
FbffeBnV5YsXe9W+7Zu3aODjT2j39h2G9WXIOOl95f8GOt/GyXH27tqlIa8M1gUXM7gfiouzLhtl
sH9yUpJeeLq/Bg8a5PEJ+8a1a9U3tqu++3Ks8ev3ov3KnDqTzfEx/n+fqcvdbfTzd997fBKbmJio
n74er8f+3lNXr1x1Wv+WjRvV4772mvTTT0q66tmX5G2bNmng44/r1YGDlGK7osix/r07d+k/nvRp
8jWn7dvj4bhIyTIunDF8/11s7LJ/PK3fYP8LFy7o+7Hj9FSfvoq9u43aNmykHve117+e7q8Fs2bb
tuvYvZuMruA4c+q0XX1ff/aZYrMxRn78erwe/3tP6xe3PPD3j/KbU478IS0tTRMmTNDAgQM1a9Ys
Xb582av94+PjNXLkSI0fPz5bx1+0yHh1qMuXL2v16tVu91+5cqVeeuklzZ492+MToitXrmjGjBn6
8MMPXc4JcO7cOf3vf/9zWe+xY8ecz3Ek6/vzxhtvaN68eR4vWbl79269++67mjBhgkfzmQQSf/aX
v9/rnI4HX4ynvCglJUVr167V559/riFDhmjw4MEaPny4vv32W7sAZuPGjQ2/ixhdeePPcYLAYyof
FeXi02mS628llFN+c8r/8dRTatu+vcqUK6fS5copODhYZ0+f1rbNmzXtl1+0cM6cHNVfoVIlPf/q
q6pRu7bKVaigq4mJijtwUOtWrdRnH33kJIJuX785JEQP9u6tu9u1U806dRRdvLgiChRQwoULOnP6
tLZs2KB5M2dmCiblnffXXXmhqCh16dFDDZs2Va26dRVdvLiiChdWalqaTp04ofgTJ/THnj0aN2aM
jtguN/as/irVq6vbQw+pSYsWKle+vAoXLaogk0nnz51X/Inj2rx+vRbPn68VDsv+ua6/QqXKev7V
wVn69IDWrVp1vU+T3LavQqWKBuMio46PdfXqFY/ev9wuv6NBA/V9/HENf+stnbd9MTDev0uPHvrw
f/9TmMGl5f/76CN9OGSI4f7ej5G88/5QfnPKz6anu9gegcpkMqlatWq64447VK1aNRUuXFgFCxZU
oUKFlJaWpitXrujs2bM6ePCgtmzZoq1bt+boeFWrVtUQ29+hGxYuXOh10MRsNqtBgwaqVauWqlat
qiJFiqhgwYJKT0/X6dOndebMGR06dEhz5871KpATFRWlBx98UJUrV1bp0qV19epVHTlyRNu2bdOC
BQs8PpkqUqSIWrRooXr16ql06dKKuj4vUkJCgk6fPq1du3Zp48aNXt3mE8j81V+Sf9/rnI4HX42n
3Hbbbbfpvvvu06+//uo2oFS3bl39+9//Nlz29ccff9Qcw+/9Vv4cJ7i5IiMjFRMToypVqujkyZNK
TEy0/sjphql8IVcBDgBAoBs3cYLadeyoSwkJWrbod+3dtVOHDh7U7h07dfVKoqpUq64q1avrgW5d
1bBpU8NfTJKTktSheQv96WSVGcCdsxYCHPBOSEiI3ZdZk8mkV155xbZMbYa0tDT9+9//VrybeYYA
5J5//vOfatWqlS5fvqz169crLi5O8fHxOnr0qFJSUlSiRAmVKVNGMTExqlu3ruF3kWvXrmngwIHZ
vh0FgSW7AQ6zZL031mIhJSUlJc1v6V1NGqtN+/aSrFdZdOrezXCFIne+HztWfx44kOuvhzRwU25T
gTdCQkI0ZswYbd26Vbt27VJoaKiaNGmiunXrOmy7YsUKghtAHlaqVCnbhKgFCxZU27Zt1bZtW6/r
mTp1KsENuGWdpTHjSwcpKSkpab5Kn33xRYcJeb21dOFCfTTs3ZvabtJ8mgIeuvPOO1W4cGHFxMQo
JibG6XZXr14NiGUygVtZjx49nK665qm1a9d6vKw0bm1mk8n6wHT9/5tkMUgpp5xyyikPxPItGzao
cYsWKliokLyVnp6u6b/8oteef17JycnWX+Hz2OujPHDKr2cBjzRs2NDtNqmpqRo1apTbZScB5K49
e/bojjvuUGRkpNf7pqena8GCBfr++++V3ybRhX8EFwkNeye3GwEA8I/1q1frt1mzZDKZVKpMGcPl
X7NKT0/XxjVrNOSVwfr845FKC7AZ2pE3XSHCAS/07t1bhVwEZhMSEjR27Fht2rTpJrYKQHbExcVp
2bJltrk2jJZ/zSo9PV3bt2/XF198ocWLF9+EViKvCQ0NVYUKFVSsWDHb/BvpHkxYbqpQKMpiuv7D
ikkmWSwWkSdPnjz5/JcPNpvVqs3datSihWrUqqXCRYuq0PWZ4i9fuqRT8fHauXWrlixYoN3bd+R6
e8nnr/zp9MCY6R95g9lsVpMmTdSkSROVLFlSxYoVk8lk0okTJ7R3715NnTpVV664WskKQF5kMplU
qVIl1axZUxUrVlRUVJTtyo7ExESdO3dOf/zxh7Zt28bVWbe4bK+iUiHTKiomZXwRsU8pp5xyyimn
nHLKc1J+mlVUAACAh7K9iorJJGX+SmJyklJOOeWUU0455ZRnt1wWAQAA+JXZ+oUj41sHKSkpKSkp
Kam/UgAAAP8JkkkymUwiJSUlJSUlJfVbCgAA4GfBRVlFBQAA+BmrqAAAAE9ldxWVTHNwZLCQJ0+e
PHny5Mn7Nm8RAACAX5ktFsnk8K3DYveIcsopp5xyyimnPOflAAAA/mO3iop1znP7NOMrCuWUU045
5ZRTTnl2y0WsAwAA+FmQ9QuH5fr/GaeUU0455ZRTTjnlOSoHAADwM7NtZvPrCSkpKSkpKSmpz1MA
AAA/M1ssFplk/aGFlJSUlJSUlNQfKQAAgL/Z5uDI+PJhuv5VhDx58uTJkydP3ld5WQQAAOBXmebg
sFxPyZMnT548efLkfZwHAADwM+bgICUlJSUlJfV/CgAA4Gf2c3CYrD+0kCdPnjx58uTJ+zIPAADg
b7YrODK+e2R8CSFPnjx58uTJk/dVHgAAwN+CZLFYH5GSkpKSkpKS+isFAADws0xzcJCSkpKSkpKS
+ikFAADwsyCLxSLJIlJSUlJSUlJSf6UAAAD+dmMOjjzyAw8pKSkpKSlp/ksBAAD8zfkcHHLyPOWU
U0455ZRTTrm35QAAAH7mfA4OufsphnLKKaeccsopp9zDcgAAAD8LslgsskiyXP+FhTx58uTJkydP
3td5AAAAfzNViyrMNw8AAOBXx9PTcrsJAAAgQERGRiomJkZVqlTRyZMnlZiYqJSUFLf7BUlZ4xvk
yZMnT548efK+zgMAAPiX2aSs98aSJ0+ePHny5Mn7Og8AAOBfdnNwkJKSkpKSkpL6IwUAAPA356uo
kJKSkpKSkpL6KgUAAPCzoNxuAAAAAAAAQE4FSbLdJZs5NTl5nnLKKaeccsoppzw75QAAAP4UpEz3
xlqu/3/L9ccWSZRTTjnllFNOOeU5LwcAAPCvG3Nw2GTJU0455ZRTTjnllOe4HAAAwL+YgwMAAAAA
AAQ8p3NwkJKSkpKSkpL6MgUAAPAnc5TJJJOs98eSkpKSkpKSkvojBQAA8DdzYVNQnvjiQ0pKSkpK
Spp/UwAAAH8zFzaZlDe++pCSkpKSkpLm3xQAAMC/zIVNQZLJJFkspKSkpKSkpKT+SQEAAPzMHGUy
STLJ+uMKKSkpKSkpKakfUgAAAD/jCg5SUlJSUlJS/6cAAAB+Zo4yBVkfZXz5ICUlJSUlJSX1dQoA
AOBn16/gyPSMReTJkydPnjx58r7NAwAA+Nn1OTgyyfplhDx58uTJkydPPqd5AAAAP7txBUfGLy2k
pKSkpKSkpL5OAQAA/OzGFRym699DMr6EkCdPnjx58uTJ+ygPAADgb+bCQUG2jEmSJVMhefLkyZMn
T568L/IAAAD+Zo7K9LUjL3wBIk+ePHny5MnnvzwAAIC/matfPJnbbQAAAAAAAMiRIPebAAAAAAAA
5G0EOAAAAAAAQMAjwAEAAAAAAAIeAQ4AAAAAABDwCHAAAAAAAICAR4ADAAAAAAAEPAIcAAAAAAAg
4BHgAAAAAAAAAY8ABwAAAAAACHgEOAAAAAAAQMAjwAEAAAAAAAIeAQ4AAAAAABDwCHAAAAAAAICA
R4ADAAAAAAAEPAIcAAAAAAAg4BHgAAAAAAAAAY8ABwAAAAAACHgEOAAAAAAAQMAjwAEAAAAAAAIe
AQ4AAAAAABDwCHAAAAAAAICAR4ADAAAAAAAEPAIcAAAAAAAg4BHgAAAAAAAAAY8ABwAAAAAACHgE
OAAAAAAAQMAjwAEAAAAAAAIeAQ4AAAAAABDwCHAAAAAAAICAR4ADAAAAAAAEPAIcAAAAAAAg4BHg
AAAAAAAAAY8ABwAAAAAACHgEOAAAAAAAQMAjwAEAAAAAAAIeAQ4AAAAAABDwCHAAAAAAAICAR4AD
AAAAAAAEPAIcAAAAAAAg4BHgAAAAAAAAAY8ABwAAAAAACHgEOAAAAAAAQMAjwAEAAAAAAAIeAQ4A
AAAAABDwCHAAAAAAAICAR4ADAAAAAAAEPAIcAAAAAAAg4BHgAAAAAAAAAY8ABwAAAAAACHgEOAAA
AAAAQMAjwAEAAAAAAAIeAQ4AAAAAABDwCHAAAAAAAICAR4ADAAAAAAAEPAIcAAAAAAAg4BHgAAAA
AAAAAY8ABwAAAAAACHgEOAAAAAAAQMAjwAEAAAAAAAIeAQ4AAAAAABDwCHAAAAAAAICAR4ADAAAA
AAAEPAIcAAAAAAAg4BHgAAAAAAAAAY8ABwAAAAAACHgEOAAAAAAAQMAjwAEAAAAAAAIeAQ4AAAAA
ABDwCHAAAAAAAICAR4ADAAAAAAAEPAIcAAAAAAAg4BHgAAAAAAAAAY8ABwAAAAAACHgEOAAAAAAA
QMAjwAEAAAAAAAIeAQ4AAAAAABDwCHAAAAAAAICAR4ADAAAAAAAEPAIcAAAAAAAg4BHgAAAAAAAA
AY8ABwAAAAAACHgEOAAAAAAAQMAjwAEAAAAAAAIeAQ4AAAAAABDwCHAAAAAAAICAR4ADAAAAAAAE
PAIcAAAAAAAg4BHgAAAAAAAAAY8ABwAAAAAACHjm3G7ArSo4OFhms1nBwWYFBwcrKChIQUFBMplM
MplMud08H7Bkf8/s7wpkkT8GE5+J/IBO9CU+E9nFG5dfBe5nImAbjjzOu89EzsahxWKRxWJRenq6
0tPTlZaWprS0NKWnp+eoXmQPAY6bxqSwsFCFhIQqJCREQUFcPAMAAAAAgSzjB+qs53cWi0WpqalK
TU1VSkpKLrXu1kOAw8/M5hCFh4cpNDQsn1yZAQAAAABwxWQyKSQkRCEhIYqIiFBKSoquXbumtLS0
3G5avkaAw09CQkIVERGukJDQ3G4KAAAAACAXZQQ7UlNTde3aNaWmpuZ2k/IlAhw+ZjabFRFRQKGh
BDYAAAAAADeYzWaZzWalpqYqOTmZKzp8jACHDxUoUEAREQVyuxkAAAAAgDwsI9CRnJys5OTk3G5O
vkGAwwfMZrMiIwvKbObtBAAAAAB4JiwsTGazWUlJSVzN4QMs5ZFDYWFhKly4CMENAAAAAIDXgoOD
FRkZqZCQkNxuSsDjrDwHIiIKqEABbkkBAAAAAORMRESEgoKCuGUlB7iCI5sKFIgkuAEAAAAA8Jmw
sDCFh4fndjMCFgGObChQIFIRERG53QwAAAAAQD4TGhpKkCObCHB4KSKiAMENAAAAAIDfhIaGKiws
LLebEXAIcHghLCyM21IAAAAAAH4XFhbGxKNeIsDhIbPZrIIFC+V2MwAAAAAAt4iIiAgFBwfndjMC
BgEOD0VGFsztJgAAAAAAbjHMx+E5AhweKFCggMxmVtQFAAAAANxcwcHBzMfhIQIcbpjNZkVEMO8G
AAAAACB3hIWFcauKBwhwuEFwAwAAAACQ27iKwz0CHC6EhIQqNDQ0t5sBAAAAALjFmc1mpk5wgwCH
CxEREbndBAAAAAAAJIkf4N0gwOGE2RzCmsMAAAAAgDzDbDYzF4cLBDicCA/n/iYAAAAAQN7CVRzO
EeAwZFJoKAEOAAAAAEDewp0GzhHgMBAWFiqTyZTbzQAAAAAAwAFBDmMEOAyEhHDJDwAAAAAgb2I1
FWMEOAwQDQMAAAAA5FUEOIwR4MgiODhYQUG8LQAAAACAvMlkMnHeaoB3JAuzmas3AAAAAAB5G8vF
OiLAkQWDBAAAAACQ13Hu6ogARxYMEgAAAABAXsctKo54R7IIDuYtAQAAAADkbQQ4HPGOZGEy8ZYA
AAAAAPI2k8mU203Iczibz4JBAgAAAADI6zh3dUSAIwsGCQAAAAAAgYcABwAAAAAACHgEOAAAAAAA
QMAjwAEAAAAAAAIeAQ4AAAAAABDwCHAAAAAAAICAR4ADAAAAAAAEPAIcAAAAAAAg4BHgAAAAAAAA
AY8ABwAAAAAACHgEOAAAAAAAQMAjwAEAAAAAAAIeAQ4AAAAAABDwCHAAAAAAAICAR4ADAAAAAAAE
PAIcAAAAAAAg4BHgAAAAAAAAAY8ABwAAAAAACHgEOAAAAAAAQMAjwAEAAAAAAAIeAQ4AAAAAABDw
CHAAAAAAAICAR4ADAAAAAAAEPAIcAAAAAAAg4BHgAIA85pNPPtHhw4d1+PBhrVq1KrebAwAAAAQE
AhxAALr77hgdPnzI9m/RooU5rnPZsqV2db766uAc1deiRQu7+pYsWZzjNgIAAACAM+bcbgDyn6Cg
IAUFmRQUFCSTyeTwLzOLxeLwLy0tXenp1n8wtnTpMh07dkxlypSRJFWtWlX169fXli1bslVfw4YN
VaFCBbvnYmJiNHz4+9luY+fOnezyy5Yty3ZdvtazZ0+VLFlSknTs2DFNmTIll1uErB566EYfHT2a
9/so0NoLAACQHxHgQI4FBwcrKChIwcHBCg4OkmSSZPFoX6OghznTqExLS1N6eprS0tKVlpbmu0bn
A8uWLVOfPn1s+a5dY7Md4OjUqaPDczVq1FCNGjW0d+/ebNUZExNje2yxWDRjxoxs1eMPvXv3VoMG
DSRJa9eu5WQ0D+rVq7fuusvaR2vW5P0+CrT2AgAA5EfcooJsCQ4OVmhoqAoUKKDw8HCFhoYqODhY
1uCGb48TEhKq8PBwFShQQGFhGcfBzJmz7PKtW8c42dK9Vq1aOTxnMpnUuXPnbNV39913q3Tp0rb8
/v37tWXL1my3DwAAAADcIcABj5lMJoWEhCgiIkLh4eEKCQlxuPrC38c3m0MUHh6uiIiIm378vGbN
mjU6dOiQLV+pUkU1adLY63rq1aunypUr2/JJSUm2x61bOwY+PJE1MLJ06dJs1QMAAAAAniLAAbdM
JtP1qzUiFBoaqqCg3B82QUFBtitIQkNDb9lAR9Z5Lbp0ifW6js6dO9vev9TUVH3//fe2stq1a6tS
pUpe19mqVUvbY4vFomnTpntdBwAAAAB4I/fPVJGnZQQRQkJC5OvbT3wlJCTEFui41WS9TSUmprXX
dWS+PWXnzl36/vsflJqaKsl6i1CXLl28qq99+/t0++232/J79uzR7t27vW4XAAAAAHiDSUZhyGw2
B9yVESEhITKbzbp27ZrtBD2/27hxow4ePGi7xaRcuXJq3bqVli9f4dH+NWvWVI0a1W35ZcuW6siR
I9qxY6fq179TknVJ2lGjRnncpo4d7ScsXbLE+9tTihcvrk6dOqlp0yaqVKmSSpYsqcjISKWkpCgh
IUFHjx7Vhg0bNGnSZB04cMDr+v0lOjpaXbp00d13360KFSooOjpa4eHhOn/+vE6fPq1169Zp3rx5
Wr9+fbaPUa5cOfXr10/NmzdTyZIlVaxYMV2+fFnx8fFav36DJk6cqF27dvnwVXmmc+fO6tSpk8qW
LaNSpUqrSJHCSkhI0Pnz57V7925t3LhRkydP0aVLl2562yTrmOrcuZOaNGmqypWNx9T69Rs0adKk
PDWmboYbfVdWpUqVUpEiRQz6bnKu9R0AAICnTAULFvRsudhZH68AACAASURBVItbRHR08dxuQq6y
3voRouDgnMa+sj+sLD4YkWlpabp27dotsdTsm2++qSeffMKW/+WXX/Tyy694tO8rr7yif/7zGUlS
enq62rW7TwcOHNC//vW8nn/+eUnW21buvruNjhw54rY+s9ms9evXKTo6WpK1H9q376D9+/d71J52
7drp4Yf7qlmzZgoLC3O7fVJSkiZNmqyhQ4cqOTnZYAvrYBowYIBeffVVj9qQYfTo0fr444892jYi
IkLPPvusHnnkEUVFRbnc1mKxaOXKlRo1apQ2btxouM0nn3yi2Fjr7UZHjx5V8+YtJEnvvPO2+vbt
6/K9uXbtmiZPnqw33njzpgT6mjdvrhdffEGNGjVyu21CQoIWLlyo0aM/sZs/RpKeecb7Pho1yn0f
WcfUw2re3JsxNUlDhjgbUzlp7yin7R03bpzat28vyTop7z333ONV3e3bt9e4ceNs+X79+rldmtna
dy962XejHfouN/jivxO3Jt64/CpwPxMB23Dkcd59JgJ7HCYkJOR2E/wiMjJSMTExqlKlik6ePKnE
xESlpKS43Y9bVGBjNpsVERHug+BG7gsODlZERITM5sB/Le7MmDFDlkx/xVu18vw2lcy3tOzevdv2
y/WMGTNty/KazWZ17erZ3B7339/BFtyQpJ07d3oc3Hj00Uf11VfjdPfddzuciFosFl26dMnhhD08
PFz9+j2sH3/8QYUKFfLoOL5Ws2ZNzZkzRwMHDnQb3JCsc9q0atVKEydO1LPPPuvRMQoVKqQpUybr
8ccfd3uSHhoaqj59+uinn37y6IQ+Jzp0aK9vvhnv0QmyJEVFRenBBx/UvHlz1a9fP7+2TZIee+xR
ff31V2rTxtsx1U8//fRjro2pm6FDhw765ptvstF3825K3wEAAGRH/j/7g0dCQ0Ovz7ORv4SFhSk4
OEjJyddyuyl+s337du3b94ftVpPSpUvpnnvu0e+//+5yvypVqqhmzZq2/LJly22P4+LitGfPHtWp
U0eSFBMTozFjPnXblg4dOtjllyxZ4vHrmDJligYO/D8VL269iuro0aNasGChli1bpg0bNigxMVGS
VL/+nXrggY7q1eshW0ChcePGGjZsqJ577nmPj+cLLVq00JgxY+yCOlevXtXSpUu1cOFC7dmzRwkJ
CapUqZJatmyp9u3bq0KFCpKsn7mXXnpJf/75p+bOnevyOP/97we2E9Fz585p9uw52rt3r7Zv3y5J
atiwoVq3bq22bdvY9mnWrKnee+9dvfjiv339siVZb8cZOnSoIiIiJFkDBmvWrNX06dO0e/cenTp1
SmXKlFb9+g3UpEljtWrVSgUKFJBkvZ1s586dfmlXZpMnT9HAgQOzjKkFtjF1+XLGmKqvjh0fUK9e
vbKMqWF67rnn/N7Om82479Zo+vTp2r179/W+K6P69eurSZMmudJ3AAAA2UGA4xZnMpmuBwGCc7sp
fmM2h8hkClJycrLdlQ75ydKlS+zm0ujY8QG3AY7Y2C62FXEsFotmzpxpV75s2XJbgOPOO+9UqVKl
dOLECaf1hYWFqUWLFrZ8amqqV6unXLp0SRMn/qyWLVvq559/1s8//2y43ZYtW7Vly1ZNnDhR33wz
3hYwiI2N1ZQpUwznH/nqq6/03Xff2fITJ05U/fr1JUnr1q3TI4884rCPu0vgKlSooJEjR9oFN9av
X6+3337bYVLVo0ePavny5froo4/03HPP6amnnlJoaKi+/vprt8GN22+/XR07dlRqaqomT56iESNG
6NSpU3bbbN++XePHj9fjjz+ul19+yXYy2r17d/3yy685mvPDmUceecRuMtlRo0Zp5Ej7uVri4+O1
adNmffXVVypZsqQGDOivXr166ddfJ2nLli12244b95W+/da+jxo0uNFH//iH931kHVMTbWNq4kRn
Y2qLtmzZcn1MfWMbU127Zoyp5Q77eN9ei0eXVd4Mxn030m4ba99tytR3A6733a8OfQcAAJBXcIvK
LSwoKEjh4eH5OriRITg4WOHh4XliiVt/mDZtut18I61bu79NpXXrGNvjvXv3au/evXblM2fOtAWE
QkJC3K6m0rFjRxUtWtSW3759u9f36o8YMUJdu3Z1GtzILC4uTq+8MtjWRpPJZHgSLFmDLVevXrX9
yxzoslgsdmUZ/9zNXzFq1Ci7k8S5c+eqd+/eLleMSU5O1n//+1+99NJLGjdunIYOHer2dWZcWfX5
55/r5ZdfdghuZDZ+/Hh99dXXtnxwcLAef/xxt8fIjhYtmtse79+/3yG4kVV8fLzeeec/6tSpsz78
8EOHcld9lJ6evT6SpA8/HKHY2K5OgxuZHTwYp1deecVuTD3yyD8Mt/VXe2+GzIFIa9+NdLF1Rt+9
o06dOhn2HQAAQF6RP8/24FZ+P+E3kp8DOnv37tWePXts+RIlSjjcLpJZ+fLlVadObVve6Bdqa9Bj
ny2f+fYHIxkTJGZYvHix23bn1Nq1a7VhwwZbvlGjhn4/piT16tXLdgWIZL0CYODAgR6fwE6fPl3D
hg3z+HiLFi3Shx+O8GjbMWPG2AWWGjf2bI4Fb5UoUcL2eP9+z1cdOXDgQJ5ejWPNmqxjyj/vX26y
7zvP5siR8n7fAQAA3Dpnt7AJDg5WWFhYQC0B6yv5+ZacrAGFrMu1ZtalSxfbBKwWi0WzZs023G7F
ihu3e9SvX982l0FWERERdr/op6SkaMqUqR63PSd+++032+MiRYqoQYMGfj9m//79bY+vXbumwYMH
++3XeYvF4tH8JxmSk5O1atUqW7548eKqUqWKz9uVeYWRihUr+Lz+3DR/vv2Yuusu/4+pm8m+7yrm
YksAAAB8iwDHLSYoKOiWDW5kyAhy5LerV6ZOnWZb+USSWrZs4XQVmTZt7rY93r9/v3bs2GG43ezZ
s22X3oeFhSk21vg2ldjYWLsVJzZv3qLjx497/Rqy4/Dhv+zyZcuW8evxmjRpokqVKtny8+bNc7i9
x5fOnz/v9ZwHBw/G2eVLly7tyyZJkuLi/rQ9rlmzpoYPf8/nx8gthw8ftsuXKVM2l1riH3FxN8aH
te+G52JrAAAAfIdJRm8hGSf2t3JwI0PGe5GUlJRvJh6Ni4vT9u07VL/+nZKkYsWKqWPHBzRjhv3k
oaVLl9Ydd9xhyxtNyplh27ZtOnjwoO0KgDZt2ujrr8c7bHfffe3s8osWLcr265CsV4t06NBedevW
VbFi0QoPD9fFixd1/vw5nT17Tn/99ZdWrFihzZs3O8zzUaRIUSe1+kbWW3+yTs7qa1euXPF6n4MH
7W8Z8cdyp6tWrdL99994L/r27asWLVpo4sSfNWHCBF28eNHnx8yJBg3qq337DqpXr66KFStmG1Pn
zp3XuXNnbWNq0ybHMVW0aJFcarV/WPvuflv+Rt9NzJN9BwAA4CkCHLeQ/HjVQk5kXM2SlJSU203x
mcWLF9sCHJJ0//33OwQ4unaNtbuyY/Zs49tTMqxcudIW4GjYsKEKFy5sdwJUqFAhNW3a1JZPTk7W
9Omer56SWe3atfXmm2+oSZMmbsfqCy/8S2fOnNG+ffvsnvf37UfVqlWzPb506ZKWLl3q1+Nlx81Y
Fvn7779X27Zt1LZtW9tzFSpU0KuvDtagQQO1evVqzZ07T7Nnz7a7JeJms46pN9W0qSdj6gXDMRUU
lL9uabP2XVuDvntVgwYNut53c3O97wAAALzF2e4tIjQ0NF/OO5FT1vlIQnO7GT4zbdo0u7kgmjdv
rrCwMLttYmJu3J4SFxfn9vaH2bPn2B5HREQ43KbSrVtXRUZG2vIbN250udKHM927d9ekSb+qWbNm
HgfiihcvbrcixM1QrFgx2+PTp0/nmZUxckP//gM0YcIEh/cgMjJS7dq108iRH2vdurUaPXq0WrVq
ddPb1717d02ePEnNm+ftMZUb+vfv76bvRmrdunW51ncAAADZwRUctwCz2WxbahKOzOYQpaWl54sT
1SNHjmjLli22lR8KFy6szp07afLkKZKk2267TQ0a3Fj9I/Mkos5s2LBBhw4dUoUK1okk77nnHn3/
/Q+28nvvtb89ZeFC729PadOmjYYPf0/h4eG2506ePKkpU6Zq165d2rlzp5KSklSqVEkVL15CJUqU
UK1atVSrVk1Vq1bNL7dgOFOwYEHb41t9RYnk5GQNHvyqJk+eomeeGaDWrVs7BNSKFSumbt26qmvX
WC1ZslQjR47Utm3b/N62tm3b6P33hxuMqSnauTPzmCql4sWLq0SJEqpdu5Zq1ap108dUbrD23WBN
njxZzzzzjIu+66auXbtqyZIlN63vAAAAsosARz5nvQ0j/1yh4C9hYWFKT09Xenp6bjclxxYvXmy3
tGX79h1sAY7Y2C4KDb0xHjJfneHKypWrbAGORo0aKTIyUomJiYqOLma3DOnVq1e9vj3FbDbrjTde
tzsR/fbbb/Xf/36oxMREu23j4+Md9i9fvryWL1/m1TFzInNQI7+fBHtq48aNeuKJJ1W2bFk9+GB3
xcTE6I477rALrJpMJrVt20bNmzfToEGD7FYq8TXrmHrDbkx98823+vDD/+ryZc/G1IoVjksn50fW
vnviet896KLv2qp58+bX+25+LrYYAADAOW5RyedCQ0MkMamoJzKf+AeyadOm69q1G3MwNG/ezHYL
yd1337g95dChQ1q/fr1Hdc6dO9f2ODIyUp07d5Ykde3aVREREbaydevW6/z58161t0uXLnbLmP76
6yS9/fY7DsENZ252UOrcuXO2xyVKlHC6Us2t6OjRoxo9+hN17/6gWrRoqWHDhmnTpk12E/mGh4dr
xIgRatKkid/a4TimftXbb7/tENxwJj8EOr1l7bvR6t69u1q0aJFrfQcAAJATBDjyMbPZrOBgTr48
FRwcnC9OVk+cOKHNmzfb8gULFlRsbKyKFi2qhg0b2p5fuXKVx3WuWrVKR48eteXvvfdeuzTDwoUL
vG5vmzZtbI9PnTqlV1991es6bqbME1AWKlTILmiEG+Lj4zV27Dh169Zdffr01YEDN1Z2iYqK0ksv
/dtvx27b1n5MDR6ct8dUVtmZL8mXq2NZ+26sunXrpj59+hj03Us+OxYAAIAvEeDIx/LLFQk3U355
z7Iu03rffe3UpUsXu0v2M1+V4YlVq24ERJo0aayyZcvqrrvusj2XmJjosGKLJ0qVKml7vG3bdq/n
QrnZk+dmvTy/S5cuTrZEhlWrVqlPn746eDDO9lyDBg1UsGCki72yr1SpUrbH27Zty/NjSpLdak4l
S5Z0saWxokX9szyyte/66ODBg7bnrH1X0MVeAAAAuYMARz4VGhrq01/0bhUmkylfBDmmTZtud8LU
uHFjdejQ3pY/evSoXcDCE3PnzrM9joqK0ltvvWU3KeGaNWuyNelm5ltcgoK8H7M9ejzo9T45sWHD
Bu3fv9+W79Chg6pXr35T2xCI4uPjtXDhQlvebDarcuUqLvbIPvsx5f1/5nr06OHL5ngk861dBQoU
UO3atb3a/4477vB1k2yM+66y344HAACQXQQ48iGTycSqKTkQEhIS8MGhM2fOaMOGDbZ8ZGSkmjVr
Zst7snpKVkuXLrWbkPG+++xXT/ntN+9vT5Gkixcv2h5Xq1bNq30LFSqk3r17Z+u4OfHll1/aHoeF
hemDDz7IF7c3+duxY0ft8leuXPHLcXI6pvr0ufljaseOHXb52NhYj/etWrWq7r//fl83yc6xY8fs
8v7qOwAAgJwgwJEPEdzIufzwHmZdrjVz0Ca7qyBkvuojc30JCQmaNWtWturct+8P2+OyZct6fGIX
GRmpMWM+UfHixb0+ZkJCgu1x4cKFvd5/0qRJdgGk+vXra9SoUR4HOWJjY/XDDz8E9CosY8d+qdGj
Rys6Otrjfe6668YcMImJifrzzz+dbpuTPso8T0rZsmXVtatnY6pgwUiNGTMmV8bUokWL7IIG/fr1
8+gqiYIFC2rMmDFe3aIyduzYbPSd/e1orvoOAAAgtxDgyGesV2/wS3JO5YerOKZPn264EsmJEye0
dGn2llX97TfjpT1Xr16tq1evZqvOOXPm2FatMJlMGjp0iJo2bepynxo1amjixAlq06aN1/MrSLKb
T6BSpUqqUaOG13X861//0on/Z+/Ow6Os772Pf2bmnplM9oVAwr6TgAICAYmKW4u4YEtbxeLSqqgV
PR5tq7bnaR+1PdqnraeluPRYtD22YrXVWrXayqlWEZQdlFVZZAlLyAbZJrM/f8QM2TNZZ+7J+3Vd
XFcmM/Ob770B92d+y7Fj4cfz58/XihUr2h2uYhiGvvOd7+jnP/+55syZo2eeeSa8wo2ZXHvttZo3
b54WLPiy3nzzDd1xxx1NhoW05mtf+5quuOLy8OO1a9e2e+z27z99jMaM6dwx+tvfmp9TP9bs2ZGc
U3/URRd17ZzqTr1S/RCVxiFhUlKSnnjiiXaHqhQWFuqPf/yjJk6cGHHNp4/dAr355pudOHZXhB93
dOwAAACixeZwOB6MdhGxJDExMdoldIvdbmfllB4SCoVMvVykx+NRQUGBRo0a1eT3//jHW1q5smvD
Sfbt26frr7+uxXXy2GOPa/fu3V1q8+jRo8rPz9O4ceMk1S9FuWDBlzVxYn54ssfa2lqdeeaZuvDC
C3Xvvffq+9//ngYPHqxQKKRf/nKpCgsLw+29++572rp1a7uf6XK5wkvdGoahmTNn6tChQ7JYLJo/
f74efvhhvf/++02+lW+usrJSO3bs0AUXXBDeH0OHDtVXvvIV5eXlyW63KxAIyGq1asqUKVq0aJF+
9KMfad68eeGeHkOHDlVlZaU2btzYpO1LL700fINcWVmpZ575bWd2qYYNG9ZkHok33nijybwh3fXI
Iw+HJ8JMSUnRueeeo2uuWahJkyYpOTlZhmHI6/Vq3LhxOu+88/S9731Pt9yyOLzdHo9H9957r44d
O97mZyQmtn+MHnnkYa1a1foxOnr0qPLy8pudUwuUnz+xyTk1efKZuuCCC3Xffffq+9//fqNz6pfN
zql3OzynIqt3Vbvn1K5du3T55ZeHJ/DMzs7Wl770JWVlZSklJUXV1dWaPHmyLr30Ut1666269957
NXjwYPn9fj399NNNVkl65ZVXdPDgwRaf8cgjjzQ7dufqmmuu6eDY3dLKsTvWom0AAND3PB5PtEvo
FQ6HQyNHjlRmZqZqamrk8/kiujezJCcnhzp8VT+SldX5rsmxxOVydWlSvZ7X9dMqFCNnZDAY7HKv
hFixaNEi/eQnjzT53c03L26xykpnPPbYY7ryyvnhx+Xl5SoomNmtb3SzsjK1YsUK5efnt/p8KBRq
0aMmEAho+fLleu65FVq9+vScIg8++JB+97vfNbyzzc989tln213i9e2339ZNN93UYe15eXl6/PHH
wzfTkfL7/Vq2bJl+9atftXhu2bJl4aE6RUVFKiw8p1NtFxYW6oUX/hh+fPvtS/TGG290qo32ZGRk
6IEH/q++/OUvd/rvG7/frx//+D8bHaO2/f73HR+jG29s/RhlZWVpxYoVmjixc+fUb36zXM8995zW
rFkd/v0DDzzYg/Xe2G4bc+bM0RNPPBHxMJeG82jXrl1avnx5+PfXX3+93nuvZU+t+mP3QDeO3Y8j
2he9LVb+nTAfdly8Mu81YdrCEeM6d02Y+zxs78sTM0tKStL555+vsWPHqri4OBxydCQW7oTRQ2w2
W4yEG52XmZmphQsX6j/+4z/06KOPhv98+9v36LzzzuuwC3VvsFqtUVkusie9+uqrTVY2OXHiRLfC
DUlaubLpMJU1az7odnf1srJyLVx4jZ555retDqtpfiN68OBBfetb39JPfvL/uvyZDz30kHbu3Nnm
89OnT49odZTdu3dr/vz5euyxxyL+B2bt2rVatGhRq+GGGVRUVOjuu+/RokXXauXKlfJ6vRG976OP
PtJtt30r4hvkhx56SDt2dO0YlZWVaeHChXrmmWciPqduu+1b+slPfhJRbT1db4NVq1bpuuuu044d
Ozr8vKNHj2rJkiVaunRpxDXWH7u7tWjRoi4cu9tiItwAAABoCz04mjFzDw6HwxFDk2NGflqde+65
WrhwocaPH6+srKwmYUZlZaUOHz6sPXv2aMWK5yP6T39P8vt98ngiuwFAzxg9erRuu+1WTZkyVUOG
DFZiYqLcbrdKS8v0ySef6M0339Qbb7wRYajS/nloGIa++93vqrCwMDyUp6ioSJs2bdLjjz/eZNWY
SGRlZenKK6/URRddFO5S53Q6dfLkSZWUlGjDhg168803tXbt2k61G+vfzI0cOVLz5l2igoICjRs3
Tunp6UpOTtbJkyd19OhRFRUd0cqVb+kvf3ml020bhqF77216jA4fLtLmzZv02GORHaMxY0br1ltv
09SpUzRkyJBG51Rp+Jz6298iPae6U+9jnTqnrrrqKs2bN0+TJk1SRkaGLBaLTpw4oaKiIr3++ut6
8cUXu11z/bGb186xK9LKlSv1l7/8pVuf09Ni/ZqIXey4eGXea8K0haOXXXzxxSooKJDb7daHH36o
9evXd+r99OAwv6724CDgaMbMAUdiYmIMTYwZ2Wl11VVX6aqrrmoykd7+/Z+poqJcGRmZGj26/gbB
5/Np69at+sMfnut2D4TOCIVCLIdoavHx15t5/+OK0ziIPYlroqvYcfHKvNeEaQtHL7r88st1zz33
aMyYMfJ4PNq0aZOeeuoprVq1KuI2CDjMr6sBB7NRxgmbzRZD4UbHEhIS9NWvflXXXXedhg8fLkl6
5513tGbNGh0+XKTa2lolJiZq2LChKiw8RxdffJEKCgqUkpKi8vJybd68uU/qtFgsstlsCgQCffJ5
AAAAQH+2ePHi8GTrdrtds2fPlmEYCoVCev/99zt4N/o7Ao44Yaa5NxISEnTbbbfpiiuu0ODBgyXV
z/i/YsUK7d27V17v6WTObrfro48+0sGDB3TTTTcpLy9P3/rWbbrrrn9XXV1dn9Rrs1kJOAAAAIA+
kJub2+Sxw+FQQUGB7rzzToVCIa1evbqNdwIsE9uCWZeJdTgcpgg5cnJydOutt+qrX/2qsrOzVVdX
p+XLl+uFF17Q3r17Wyz9EwwGVVJSqj179mrkyJEaNWqkcnNztX79eh05cqTP6u6JsfkAAAAA2peb
m9tk6XOpvrd6Tk6Ohg0bpiNHjujw4cNRqi72sExsUwQczZg14HA6HZJie4hKTk6O/v3f/11XXHGF
UlNTVVxcrOeee07PP/98hxPv1dbW6sSJYi1YsEA2m01er1fvvttyCcTeYLVaIxrvBQAAAKB7tmzZ
ovHjx2vMmDFNfm+z2ZSbm6vhw4fr0KFDffplZywj4Ggq9r/yR4fqe27EdrgxYsQI3XvvvZo3b56S
kpJUXFysZcuW6YUXXtDJkycjauPjj7fp4MGDkqQLLrigN8ttwQy9YwAAAACzq6qq0ne/+12tXLmy
xXOGYWjmzJm67777NG3atChUh1jHXVsciPWb74SEBC1ZskTz5s2Tw+HQxx9/rEcffVRvvvmmKioq
Im7H6/Vqz549kqSBAwf2VrmtivV9DAAAAMSL8vJyfec739Hrr7/eYqi4zWbTrFmz9OCDD2rGjBn8
Px1NcDbEgVi/qAsLCzV37lxJ0rZt2/TYY4/pzTfflNfr7XRbhhGdeXFjfR8DAAAA8aSiokIPPvig
/va3v7U6DGPatGn6wQ9+oLPOOitq9wiIPdy1xYFYXR72jDPO0Lhx43TVVVfJ4XDI4/Ho73//u9LT
08NLw3aG0+nUqFGjJEknTpzo6XLbFav7GAAAAIhXxcXF+ulPf6o33nhDtbW1LZ6fMWOGfvjDH2rq
[...]
	at io.netty.handler.codec.ByteToMessageDecoder.fireChannelRead(ByteToMessageDecoder.java:293)
	at io.netty.handler.codec.ByteToMessageDecoder.channelRead(ByteToMessageDecoder.java:267)
	at io.netty.channel.CombinedChannelDuplexHandler.channelRead(CombinedChannelDuplexHandler.java:250)
	at io.netty.channel.AbstractChannelHandlerContext.invokeChannelRead(AbstractChannelHandlerContext.java:366)
	at io.netty.channel.AbstractChannelHandlerContext.invokeChannelRead(AbstractChannelHandlerContext.java:352)
	at io.netty.channel.AbstractChannelHandlerContext.fireChannelRead(AbstractChannelHandlerContext.java:345)
	at io.netty.handler.timeout.IdleStateHandler.channelRead(IdleStateHandler.java:266)
	at io.netty.channel.AbstractChannelHandlerContext.invokeChannelRead(AbstractChannelHandlerContext.java:366)
	at io.netty.channel.AbstractChannelHandlerContext.invokeChannelRead(AbstractChannelHandlerContext.java:352)
	at io.netty.channel.AbstractChannelHandlerContext.fireChannelRead(AbstractChannelHandlerContext.java:345)
	at io.netty.channel.DefaultChannelPipeline$HeadContext.channelRead(DefaultChannelPipeline.java:1294)
	at io.netty.channel.AbstractChannelHandlerContext.invokeChannelRead(AbstractChannelHandlerContext.java:366)
	at io.netty.channel.AbstractChannelHandlerContext.invokeChannelRead(AbstractChannelHandlerContext.java:352)
	at io.netty.channel.DefaultChannelPipeline.fireChannelRead(DefaultChannelPipeline.java:911)
	at io.netty.channel.nio.AbstractNioByteChannel$NioByteUnsafe.read(AbstractNioByteChannel.java:131)
	at io.netty.channel.nio.NioEventLoop.processSelectedKey(NioEventLoop.java:611)
	at io.netty.channel.nio.NioEventLoop.processSelectedKeysOptimized(NioEventLoop.java:552)
	at io.netty.channel.nio.NioEventLoop.processSelectedKeys(NioEventLoop.java:466)
	at io.netty.channel.nio.NioEventLoop.run(NioEventLoop.java:438)
	at io.netty.util.concurrent.SingleThreadEventExecutor$2.run(SingleThreadEventExecutor.java:140)
	at io.netty.util.concurrent.DefaultThreadFactory$DefaultRunnableDecorator.run(DefaultThreadFactory.java:144)
	at java.lang.Thread.run(Thread.java:1012)
</msg>
<arg>${1000}</arg>
<arg>@{firstFinger}</arg>
<doc>Taps on a particular place with up to five fingers, holding for a
certain time</doc>
<status status="FAIL" start="2025-04-07T12:11:16.479319" elapsed="1.797290">InvalidElementStateException: Message: Unable to perform W3C actions. Check the logcat output for possible error reports and make sure your input actions chain is valid.
Stacktrace:
io.appium.uiautomator2.common.exceptions.InvalidElementStateException: Unable to perform W3C actions. Check the logcat output for possible error reports and make sure your input actions chain is valid.
	at io.appium.uiautomator2.handler.W3CActions.safeHandle(W3CActions.java:87)
	at io.appium.uiautomator2.handler.request.SafeRequestHandler.handle(SafeRequestHandler.java:59)
	at io.appium.uiautomator2.server.AppiumServlet.handleRequest(AppiumServlet.java:266)
	at io.appium.uiautomator2.server.AppiumServlet.handleHttpRequest(AppiumServlet.java:260)
	at io.appium.uiautomator2.http.ServerHandler.channelRead(ServerHandler.java:68)
	at io.netty.channel.AbstractChannelHandlerContext.invokeChannelRead(AbstractChannelHandlerContext.java:366)
	at io.netty.channel.AbstractChannelHandlerContext.invokeChannelRead(AbstractChannelHandlerContext.java:352)
    [ Message content over the limit has been removed. ]
	at io.netty.channel.AbstractChannelHandlerContext.invokeChannelRead(AbstractChannelHandlerContext.java:366)
	at io.netty.channel.AbstractChannelHandlerContext.invokeChannelRead(AbstractChannelHandlerContext.java:352)
	at io.netty.channel.DefaultChannelPipeline.fireChannelRead(DefaultChannelPipeline.java:911)
	at io.netty.channel.nio.AbstractNioByteChannel$NioByteUnsafe.read(AbstractNioByteChannel.java:131)
	at io.netty.channel.nio.NioEventLoop.processSelectedKey(NioEventLoop.java:611)
	at io.netty.channel.nio.NioEventLoop.processSelectedKeysOptimized(NioEventLoop.java:552)
	at io.netty.channel.nio.NioEventLoop.processSelectedKeys(NioEventLoop.java:466)
	at io.netty.channel.nio.NioEventLoop.run(NioEventLoop.java:438)
	at io.netty.util.concurrent.SingleThreadEventExecutor$2.run(SingleThreadEventExecutor.java:140)
	at io.netty.util.concurrent.DefaultThreadFactory$DefaultRunnableDecorator.run(DefaultThreadFactory.java:144)
	at java.lang.Thread.run(Thread.java:1012)</status>
</kw>
<kw name="Element Should Be Visible" owner="AppiumLibrary">
<arg>${wellness_moment}</arg>
<doc>Verifies that element identified with locator is visible.</doc>
<status status="NOT RUN" start="2025-04-07T12:11:18.276609" elapsed="0.000000"/>
</kw>
<kw name="Element Should Be Visible" owner="AppiumLibrary">
<arg>${wellness_vitals}</arg>
<doc>Verifies that element identified with locator is visible.</doc>
<status status="NOT RUN" start="2025-04-07T12:11:18.276609" elapsed="0.000000"/>
</kw>
<kw name="Element Should Be Visible" owner="AppiumLibrary">
<arg>${wellness_restore}</arg>
<doc>Verifies that element identified with locator is visible.</doc>
<status status="NOT RUN" start="2025-04-07T12:11:18.277608" elapsed="0.000000"/>
</kw>
<kw name="Sleep" owner="BuiltIn">
<arg>3</arg>
<doc>Pauses the test executed for the given time.</doc>
<status status="NOT RUN" start="2025-04-07T12:11:18.277608" elapsed="0.000000"/>
</kw>
<kw name="Click Element" owner="AppiumLibrary">
<arg>${Share_Icon}</arg>
<doc>Click element identified by `locator`.</doc>
<status status="NOT RUN" start="2025-04-07T12:11:18.278111" elapsed="0.000000"/>
</kw>
<kw name="Sleep" owner="BuiltIn">
<arg>1</arg>
<doc>Pauses the test executed for the given time.</doc>
<status status="NOT RUN" start="2025-04-07T12:11:18.278111" elapsed="0.000000"/>
</kw>
<kw name="Click Element" owner="AppiumLibrary">
<arg>${Close_ShareCard}</arg>
<doc>Click element identified by `locator`.</doc>
<status status="NOT RUN" start="2025-04-07T12:11:18.278111" elapsed="0.000000"/>
</kw>
<kw name="Sleep" owner="BuiltIn">
<arg>1</arg>
<doc>Pauses the test executed for the given time.</doc>
<status status="NOT RUN" start="2025-04-07T12:11:18.278111" elapsed="0.000000"/>
</kw>
<kw name="Click Element" owner="AppiumLibrary">
<arg>${Week_Text}</arg>
<doc>Click element identified by `locator`.</doc>
<status status="NOT RUN" start="2025-04-07T12:11:18.278111" elapsed="0.000000"/>
</kw>
<kw name="Sleep" owner="BuiltIn">
<arg>1</arg>
<doc>Pauses the test executed for the given time.</doc>
<status status="NOT RUN" start="2025-04-07T12:11:18.279159" elapsed="0.000000"/>
</kw>
<kw name="Click Element" owner="AppiumLibrary">
<arg>${Share_Icon}</arg>
<doc>Click element identified by `locator`.</doc>
<status status="NOT RUN" start="2025-04-07T12:11:18.279159" elapsed="0.000000"/>
</kw>
<kw name="Sleep" owner="BuiltIn">
<arg>1</arg>
<doc>Pauses the test executed for the given time.</doc>
<status status="NOT RUN" start="2025-04-07T12:11:18.279159" elapsed="0.000000"/>
</kw>
<kw name="Click Element" owner="AppiumLibrary">
<arg>${Close_ShareCard}</arg>
<doc>Click element identified by `locator`.</doc>
<status status="NOT RUN" start="2025-04-07T12:11:18.279159" elapsed="0.000000"/>
</kw>
<kw name="Sleep" owner="BuiltIn">
<arg>1</arg>
<doc>Pauses the test executed for the given time.</doc>
<status status="NOT RUN" start="2025-04-07T12:11:18.280164" elapsed="0.000000"/>
</kw>
<kw name="Click Element" owner="AppiumLibrary">
<arg>${Month_text}</arg>
<doc>Click element identified by `locator`.</doc>
<status status="NOT RUN" start="2025-04-07T12:11:18.280164" elapsed="0.000000"/>
</kw>
<kw name="Sleep" owner="BuiltIn">
<arg>1</arg>
<doc>Pauses the test executed for the given time.</doc>
<status status="NOT RUN" start="2025-04-07T12:11:18.280164" elapsed="0.000000"/>
</kw>
<kw name="Click Element" owner="AppiumLibrary">
<arg>${Share_Icon}</arg>
<doc>Click element identified by `locator`.</doc>
<status status="NOT RUN" start="2025-04-07T12:11:18.280164" elapsed="0.000000"/>
</kw>
<kw name="Sleep" owner="BuiltIn">
<arg>1</arg>
<doc>Pauses the test executed for the given time.</doc>
<status status="NOT RUN" start="2025-04-07T12:11:18.280164" elapsed="0.000000"/>
</kw>
<kw name="Click Element" owner="AppiumLibrary">
<arg>${Close_ShareCard}</arg>
<doc>Click element identified by `locator`.</doc>
<status status="NOT RUN" start="2025-04-07T12:11:18.281376" elapsed="0.000000"/>
</kw>
<kw name="Click Element" owner="AppiumLibrary">
<arg>${activities_moment_wellness}</arg>
<doc>Click element identified by `locator`.</doc>
<status status="NOT RUN" start="2025-04-07T12:11:18.281376" elapsed="0.000000"/>
</kw>
<kw name="Click Element" owner="AppiumLibrary">
<arg>${wellness_vitals}</arg>
<doc>Click element identified by `locator`.</doc>
<status status="NOT RUN" start="2025-04-07T12:11:18.281879" elapsed="0.000000"/>
</kw>
<kw name="Sleep" owner="BuiltIn">
<arg>3</arg>
<doc>Pauses the test executed for the given time.</doc>
<status status="NOT RUN" start="2025-04-07T12:11:18.281879" elapsed="0.000000"/>
</kw>
<kw name="Click Element" owner="AppiumLibrary">
<arg>${Share_Icon}</arg>
<doc>Click element identified by `locator`.</doc>
<status status="NOT RUN" start="2025-04-07T12:11:18.281879" elapsed="0.000000"/>
</kw>
<kw name="Sleep" owner="BuiltIn">
<arg>1</arg>
<doc>Pauses the test executed for the given time.</doc>
<status status="NOT RUN" start="2025-04-07T12:11:18.281879" elapsed="0.000000"/>
</kw>
<kw name="Click Element" owner="AppiumLibrary">
<arg>${Close_ShareCard}</arg>
<doc>Click element identified by `locator`.</doc>
<status status="NOT RUN" start="2025-04-07T12:11:18.281879" elapsed="0.000000"/>
</kw>
<kw name="Sleep" owner="BuiltIn">
<arg>1</arg>
<doc>Pauses the test executed for the given time.</doc>
<status status="NOT RUN" start="2025-04-07T12:11:18.282891" elapsed="0.000000"/>
</kw>
<kw name="Click Element" owner="AppiumLibrary">
<arg>${Week_Text}</arg>
<doc>Click element identified by `locator`.</doc>
<status status="NOT RUN" start="2025-04-07T12:11:18.282891" elapsed="0.000000"/>
</kw>
<kw name="Sleep" owner="BuiltIn">
<arg>1</arg>
<doc>Pauses the test executed for the given time.</doc>
<status status="NOT RUN" start="2025-04-07T12:11:18.282891" elapsed="0.000000"/>
</kw>
<kw name="Click Element" owner="AppiumLibrary">
<arg>${Share_Icon}</arg>
<doc>Click element identified by `locator`.</doc>
<status status="NOT RUN" start="2025-04-07T12:11:18.282891" elapsed="0.000000"/>
</kw>
<kw name="Sleep" owner="BuiltIn">
<arg>1</arg>
<doc>Pauses the test executed for the given time.</doc>
<status status="NOT RUN" start="2025-04-07T12:11:18.282891" elapsed="0.000000"/>
</kw>
<kw name="Click Element" owner="AppiumLibrary">
<arg>${Close_ShareCard}</arg>
<doc>Click element identified by `locator`.</doc>
<status status="NOT RUN" start="2025-04-07T12:11:18.282891" elapsed="0.001024"/>
</kw>
<kw name="Sleep" owner="BuiltIn">
<arg>1</arg>
<doc>Pauses the test executed for the given time.</doc>
<status status="NOT RUN" start="2025-04-07T12:11:18.283915" elapsed="0.000000"/>
</kw>
<kw name="Click Element" owner="AppiumLibrary">
<arg>${Month_text}</arg>
<doc>Click element identified by `locator`.</doc>
<status status="NOT RUN" start="2025-04-07T12:11:18.283915" elapsed="0.000000"/>
</kw>
<kw name="Sleep" owner="BuiltIn">
<arg>1</arg>
<doc>Pauses the test executed for the given time.</doc>
<status status="NOT RUN" start="2025-04-07T12:11:18.283915" elapsed="0.000000"/>
</kw>
<kw name="Click Element" owner="AppiumLibrary">
<arg>${Share_Icon}</arg>
<doc>Click element identified by `locator`.</doc>
<status status="NOT RUN" start="2025-04-07T12:11:18.283915" elapsed="0.000000"/>
</kw>
<kw name="Sleep" owner="BuiltIn">
<arg>1</arg>
<doc>Pauses the test executed for the given time.</doc>
<status status="NOT RUN" start="2025-04-07T12:11:18.283915" elapsed="0.000000"/>
</kw>
<kw name="Click Element" owner="AppiumLibrary">
<arg>${Close_ShareCard}</arg>
<doc>Click element identified by `locator`.</doc>
<status status="NOT RUN" start="2025-04-07T12:11:18.285150" elapsed="0.000000"/>
</kw>
<kw name="Click Element" owner="AppiumLibrary">
<arg>${SPO2_text}</arg>
<doc>Click element identified by `locator`.</doc>
<status status="NOT RUN" start="2025-04-07T12:11:18.285150" elapsed="0.000000"/>
</kw>
<kw name="Click Element" owner="AppiumLibrary">
<arg>${Share_Icon}</arg>
<doc>Click element identified by `locator`.</doc>
<status status="NOT RUN" start="2025-04-07T12:11:18.285150" elapsed="0.000000"/>
</kw>
<kw name="Sleep" owner="BuiltIn">
<arg>1</arg>
<doc>Pauses the test executed for the given time.</doc>
<status status="NOT RUN" start="2025-04-07T12:11:18.285150" elapsed="0.000000"/>
</kw>
<kw name="Click Element" owner="AppiumLibrary">
<arg>${Close_ShareCard}</arg>
<doc>Click element identified by `locator`.</doc>
<status status="NOT RUN" start="2025-04-07T12:11:18.286155" elapsed="0.000000"/>
</kw>
<kw name="Click Element" owner="AppiumLibrary">
<arg>${Energy_Meter_Card}</arg>
<doc>Click element identified by `locator`.</doc>
<status status="NOT RUN" start="2025-04-07T12:11:18.286155" elapsed="0.000000"/>
</kw>
<kw name="Click Element" owner="AppiumLibrary">
<arg>${Share_Icon}</arg>
<doc>Click element identified by `locator`.</doc>
<status status="NOT RUN" start="2025-04-07T12:11:18.286155" elapsed="0.000000"/>
</kw>
<kw name="Sleep" owner="BuiltIn">
<arg>1</arg>
<doc>Pauses the test executed for the given time.</doc>
<status status="NOT RUN" start="2025-04-07T12:11:18.286155" elapsed="0.000000"/>
</kw>
<kw name="Click Element" owner="AppiumLibrary">
<arg>${Close_ShareCard}</arg>
<doc>Click element identified by `locator`.</doc>
<status status="NOT RUN" start="2025-04-07T12:11:18.287172" elapsed="0.000000"/>
</kw>
<kw name="Click Element" owner="AppiumLibrary">
<arg>${wellness_restore}</arg>
<doc>Click element identified by `locator`.</doc>
<status status="NOT RUN" start="2025-04-07T12:11:18.287172" elapsed="0.000000"/>
</kw>
<kw name="Sleep" owner="BuiltIn">
<arg>2</arg>
<doc>Pauses the test executed for the given time.</doc>
<status status="NOT RUN" start="2025-04-07T12:11:18.287172" elapsed="0.000000"/>
</kw>
<kw name="Click Element" owner="AppiumLibrary">
<arg>${Share_Icon}</arg>
<doc>Click element identified by `locator`.</doc>
<status status="NOT RUN" start="2025-04-07T12:11:18.287172" elapsed="0.001109"/>
</kw>
<kw name="Sleep" owner="BuiltIn">
<arg>1</arg>
<doc>Pauses the test executed for the given time.</doc>
<status status="NOT RUN" start="2025-04-07T12:11:18.288281" elapsed="0.000000"/>
</kw>
<kw name="Click Element" owner="AppiumLibrary">
<arg>${Close_ShareCard}</arg>
<doc>Click element identified by `locator`.</doc>
<status status="NOT RUN" start="2025-04-07T12:11:18.288281" elapsed="0.000000"/>
</kw>
<kw name="Sleep" owner="BuiltIn">
<arg>3</arg>
<doc>Pauses the test executed for the given time.</doc>
<status status="NOT RUN" start="2025-04-07T12:11:18.288281" elapsed="0.000000"/>
</kw>
<kw name="Click Element" owner="AppiumLibrary">
<arg>${Week_Text}</arg>
<doc>Click element identified by `locator`.</doc>
<status status="NOT RUN" start="2025-04-07T12:11:18.288281" elapsed="0.000000"/>
</kw>
<kw name="Sleep" owner="BuiltIn">
<arg>1</arg>
<doc>Pauses the test executed for the given time.</doc>
<status status="NOT RUN" start="2025-04-07T12:11:18.288281" elapsed="0.000000"/>
</kw>
<kw name="Click Element" owner="AppiumLibrary">
<arg>${Share_Icon}</arg>
<doc>Click element identified by `locator`.</doc>
<status status="NOT RUN" start="2025-04-07T12:11:18.288281" elapsed="0.000000"/>
</kw>
<kw name="Sleep" owner="BuiltIn">
<arg>1</arg>
<doc>Pauses the test executed for the given time.</doc>
<status status="NOT RUN" start="2025-04-07T12:11:18.289788" elapsed="0.000000"/>
</kw>
<kw name="Click Element" owner="AppiumLibrary">
<arg>${Close_ShareCard}</arg>
<doc>Click element identified by `locator`.</doc>
<status status="NOT RUN" start="2025-04-07T12:11:18.289788" elapsed="0.000000"/>
</kw>
<kw name="Sleep" owner="BuiltIn">
<arg>3</arg>
<doc>Pauses the test executed for the given time.</doc>
<status status="NOT RUN" start="2025-04-07T12:11:18.289788" elapsed="0.000000"/>
</kw>
<kw name="Click Element" owner="AppiumLibrary">
<arg>${Month_text}</arg>
<doc>Click element identified by `locator`.</doc>
<status status="NOT RUN" start="2025-04-07T12:11:18.289788" elapsed="0.000000"/>
</kw>
<kw name="Sleep" owner="BuiltIn">
<arg>1</arg>
<doc>Pauses the test executed for the given time.</doc>
<status status="NOT RUN" start="2025-04-07T12:11:18.290817" elapsed="0.000000"/>
</kw>
<kw name="Click Element" owner="AppiumLibrary">
<arg>${Share_Icon}</arg>
<doc>Click element identified by `locator`.</doc>
<status status="NOT RUN" start="2025-04-07T12:11:18.290817" elapsed="0.000000"/>
</kw>
<kw name="Sleep" owner="BuiltIn">
<arg>1</arg>
<doc>Pauses the test executed for the given time.</doc>
<status status="NOT RUN" start="2025-04-07T12:11:18.290817" elapsed="0.000000"/>
</kw>
<kw name="Click Element" owner="AppiumLibrary">
<arg>${Close_ShareCard}</arg>
<doc>Click element identified by `locator`.</doc>
<status status="NOT RUN" start="2025-04-07T12:11:18.290817" elapsed="0.000000"/>
</kw>
<status status="FAIL" start="2025-04-07T12:10:30.904800" elapsed="47.386840">InvalidElementStateException: Message: Unable to perform W3C actions. Check the logcat output for possible error reports and make sure your input actions chain is valid.
Stacktrace:
io.appium.uiautomator2.common.exceptions.InvalidElementStateException: Unable to perform W3C actions. Check the logcat output for possible error reports and make sure your input actions chain is valid.
	at io.appium.uiautomator2.handler.W3CActions.safeHandle(W3CActions.java:87)
	at io.appium.uiautomator2.handler.request.SafeRequestHandler.handle(SafeRequestHandler.java:59)
	at io.appium.uiautomator2.server.AppiumServlet.handleRequest(AppiumServlet.java:266)
	at io.appium.uiautomator2.server.AppiumServlet.handleHttpRequest(AppiumServlet.java:260)
	at io.appium.uiautomator2.http.ServerHandler.channelRead(ServerHandler.java:68)
	at io.netty.channel.AbstractChannelHandlerContext.invokeChannelRead(AbstractChannelHandlerContext.java:366)
	at io.netty.channel.AbstractChannelHandlerContext.invokeChannelRead(AbstractChannelHandlerContext.java:352)
    [ Message content over the limit has been removed. ]
	at io.netty.channel.AbstractChannelHandlerContext.invokeChannelRead(AbstractChannelHandlerContext.java:366)
	at io.netty.channel.AbstractChannelHandlerContext.invokeChannelRead(AbstractChannelHandlerContext.java:352)
	at io.netty.channel.DefaultChannelPipeline.fireChannelRead(DefaultChannelPipeline.java:911)
	at io.netty.channel.nio.AbstractNioByteChannel$NioByteUnsafe.read(AbstractNioByteChannel.java:131)
	at io.netty.channel.nio.NioEventLoop.processSelectedKey(NioEventLoop.java:611)
	at io.netty.channel.nio.NioEventLoop.processSelectedKeysOptimized(NioEventLoop.java:552)
	at io.netty.channel.nio.NioEventLoop.processSelectedKeys(NioEventLoop.java:466)
	at io.netty.channel.nio.NioEventLoop.run(NioEventLoop.java:438)
	at io.netty.util.concurrent.SingleThreadEventExecutor$2.run(SingleThreadEventExecutor.java:140)
	at io.netty.util.concurrent.DefaultThreadFactory$DefaultRunnableDecorator.run(DefaultThreadFactory.java:144)
	at java.lang.Thread.run(Thread.java:1012)</status>
</test>
<status status="FAIL" start="2025-04-07T12:10:30.705797" elapsed="47.586852"/>
</suite>
<status status="FAIL" start="2025-04-07T12:10:30.704796" elapsed="47.587853"/>
</suite>
<status status="FAIL" start="2025-04-07T12:10:30.670272" elapsed="47.623553"/>
</suite>
<statistics>
<total>
<stat pass="0" fail="1" skip="0">All Tests</stat>
</total>
<tag>
</tag>
<suite>
<stat pass="0" fail="1" skip="0" id="s1" name="Robot-Automation">Robot-Automation</stat>
<stat pass="0" fail="1" skip="0" id="s1-s1" name="QA Testcases">Robot-Automation.QA Testcases</stat>
<stat pass="0" fail="1" skip="0" id="s1-s1-s1" name="Test Practice">Robot-Automation.QA Testcases.Test Practice</stat>
</suite>
</statistics>
<errors>
</errors>
</robot>
