<?xml version="1.0" encoding="UTF-8"?>
<robot generator="Robot 7.0 (Python 3.12.3 on win32)" generated="2025-04-07T12:40:56.899498" rpa="false" schemaversion="5">
<suite id="s1" name="Robot-Automation" source="C:\Users\KaHa\PycharmProjects\Robot-Automation">
<suite id="s1-s1" name="QA Testcases" source="C:\Users\KaHa\PycharmProjects\Robot-Automation\QA_Testcases">
<suite id="s1-s1-s1" name="Test Practice" source="C:\Users\KaHa\PycharmProjects\Robot-Automation\QA_Testcases\Test_Practice.robot">
<test id="s1-s1-s1-t1" name="Wellness" line="9">
<kw name="Open Application" owner="AppiumLibrary">
<arg>http://localhost:4723/wd/hub</arg>
<arg>platformName=Android</arg>
<arg>deviceName=RZCTC0W9DNN</arg>
<arg>appPackage=com.coveiot.android.boat</arg>
<arg>appActivity=com.coveiot.android.leonardo.onboarding.splash.activities.ActivitySplash</arg>
<arg>automationName=Uiautomator2</arg>
<arg>noReset=true</arg>
<arg>fullReset=false</arg>
<doc>Opens a new application to given Appium server.
Capabilities of appium server, Android and iOS,
Please check https://github.com/appium/appium/blob/master/docs/en/writing-running-appium/server-args.md
| *Option*            | *Man.* | *Description*     |
| remote_url          | Yes    | Appium server url |
| alias               | no     | alias             |
| strict_ssl          | No     | allows you to send commands to an invalid certificate host like a self-signed one. |</doc>
<status status="PASS" start="2025-04-07T12:40:57.141866" elapsed="9.028472"/>
</kw>
<kw name="Sleep" owner="BuiltIn">
<msg time="2025-04-07T12:41:36.170486" level="INFO">Slept 30 seconds.</msg>
<arg>30</arg>
<doc>Pauses the test executed for the given time.</doc>
<status status="PASS" start="2025-04-07T12:41:06.170338" elapsed="30.000148"/>
</kw>
<kw name="Verify_Welness_page_details" owner="keywords">
<kw name="Wait Until Element Is Visible" owner="AppiumLibrary">
<msg time="2025-04-07T12:41:36.361964" level="INFO">criteria is com.coveiot.android.boat:id/fragmentHealth</msg>
<arg>${wellness_icon}</arg>
<arg>10</arg>
<doc>Waits until element specified with `locator` is visible.</doc>
<status status="PASS" start="2025-04-07T12:41:36.170989" elapsed="0.190975"/>
</kw>
<kw name="Click Element" owner="AppiumLibrary">
<msg time="2025-04-07T12:41:36.369496" level="INFO">Clicking element 'com.coveiot.android.boat:id/fragmentHealth'.</msg>
<msg time="2025-04-07T12:41:37.551904" level="INFO">criteria is com.coveiot.android.boat:id/fragmentHealth</msg>
<arg>${wellness_icon}</arg>
<doc>Click element identified by `locator`.</doc>
<status status="PASS" start="2025-04-07T12:41:36.361964" elapsed="1.189940"/>
</kw>
<kw name="Sleep" owner="BuiltIn">
<msg time="2025-04-07T12:41:42.551955" level="INFO">Slept 5 seconds.</msg>
<arg>5</arg>
<doc>Pauses the test executed for the given time.</doc>
<status status="PASS" start="2025-04-07T12:41:37.551904" elapsed="5.000051"/>
</kw>
<kw name="Create List" owner="BuiltIn">
<msg time="2025-04-07T12:41:42.553967" level="INFO">@{firstFinger} = [ 197 700 ]</msg>
<var>@{firstFinger}</var>
<arg>${197} ${700}</arg>
<doc>Returns a list containing given items.</doc>
<status status="PASS" start="2025-04-07T12:41:42.551955" elapsed="0.002012"/>
</kw>
<kw name="Tap With Positions" owner="AppiumLibrary">
<arg>${1000}</arg>
<arg>@{firstFinger}</arg>
<doc>Taps on a particular place with up to five fingers, holding for a
certain time</doc>
<status status="PASS" start="2025-04-07T12:41:42.554970" elapsed="1.362994"/>
</kw>
<kw name="Element Should Be Visible" owner="AppiumLibrary">
<msg time="2025-04-07T12:41:44.244619" level="INFO">xpath criteria: //android.widget.TextView[@text="Movement"]</msg>
<arg>${wellness_moment}</arg>
<doc>Verifies that element identified with locator is visible.</doc>
<status status="PASS" start="2025-04-07T12:41:43.917964" elapsed="0.326655"/>
</kw>
<kw name="Element Should Be Visible" owner="AppiumLibrary">
<msg time="2025-04-07T12:41:44.404724" level="INFO">xpath criteria: //android.widget.TextView[@text="Vitals"]</msg>
<arg>${wellness_vitals}</arg>
<doc>Verifies that element identified with locator is visible.</doc>
<status status="PASS" start="2025-04-07T12:41:44.245622" elapsed="0.159102"/>
</kw>
<kw name="Element Should Be Visible" owner="AppiumLibrary">
<msg time="2025-04-07T12:41:44.549228" level="INFO">xpath criteria: //android.widget.TextView[@text="Restore"]</msg>
<arg>${wellness_restore}</arg>
<doc>Verifies that element identified with locator is visible.</doc>
<status status="PASS" start="2025-04-07T12:41:44.404724" elapsed="0.144504"/>
</kw>
<status status="PASS" start="2025-04-07T12:41:36.170989" elapsed="8.378239"/>
</kw>
<kw name="Verify_Steps_Wellness" owner="keywords">
<kw name="Wait Until Page Contains Element" owner="AppiumLibrary">
<msg time="2025-04-07T12:41:44.617010" level="INFO">criteria is com.coveiot.android.boat:id/tvDay</msg>
<arg>${Days_tab}</arg>
<arg>20</arg>
<doc>Waits until element specified with `locator` appears on current page.</doc>
<status status="PASS" start="2025-04-07T12:41:44.550243" elapsed="0.066767"/>
</kw>
<kw name="Click Element" owner="AppiumLibrary">
<msg time="2025-04-07T12:41:44.626841" level="INFO">Clicking element 'com.coveiot.android.boat:id/tvDay'.</msg>
<msg time="2025-04-07T12:41:45.418856" level="INFO">criteria is com.coveiot.android.boat:id/tvDay</msg>
<arg>${Days_tab}</arg>
<doc>Click element identified by `locator`.</doc>
<status status="PASS" start="2025-04-07T12:41:44.618015" elapsed="0.801843"/>
</kw>
<kw name="Wait Until Page Contains Element" owner="AppiumLibrary">
<msg time="2025-04-07T12:41:45.531703" level="INFO">criteria is com.coveiot.android.boat:id/ibShareVitals</msg>
<arg>${Share_Icon}</arg>
<arg>20</arg>
<doc>Waits until element specified with `locator` appears on current page.</doc>
<status status="PASS" start="2025-04-07T12:41:45.419858" elapsed="0.111845"/>
</kw>
<kw name="Click Element" owner="AppiumLibrary">
<msg time="2025-04-07T12:41:45.542292" level="INFO">Clicking element 'com.coveiot.android.boat:id/ibShareVitals'.</msg>
<msg time="2025-04-07T12:41:46.863304" level="INFO">criteria is com.coveiot.android.boat:id/ibShareVitals</msg>
<arg>${Share_Icon}</arg>
<doc>Click element identified by `locator`.</doc>
<status status="PASS" start="2025-04-07T12:41:45.531703" elapsed="1.331601"/>
</kw>
<kw name="Sleep" owner="BuiltIn">
<msg time="2025-04-07T12:41:50.863772" level="INFO">Slept 4 seconds.</msg>
<arg>4</arg>
<doc>Pauses the test executed for the given time.</doc>
<status status="PASS" start="2025-04-07T12:41:46.863304" elapsed="4.000468"/>
</kw>
<kw name="Wait Until Page Contains Element" owner="AppiumLibrary">
<msg time="2025-04-07T12:41:50.925245" level="INFO">criteria is com.coveiot.android.boat:id/iv_app_logo</msg>
<arg>${Cove_logo}</arg>
<arg>20</arg>
<doc>Waits until element specified with `locator` appears on current page.</doc>
<status status="PASS" start="2025-04-07T12:41:50.863772" elapsed="0.061473"/>
</kw>
<kw name="Wait Until Page Contains Element" owner="AppiumLibrary">
<msg time="2025-04-07T12:41:50.966091" level="INFO">criteria is com.coveiot.android.boat:id/iv_powered_cove</msg>
<arg>${Powerd_by_covetext}</arg>
<arg>20</arg>
<doc>Waits until element specified with `locator` appears on current page.</doc>
<status status="PASS" start="2025-04-07T12:41:50.925749" elapsed="0.040342"/>
</kw>
<kw name="Wait Until Page Contains Element" owner="AppiumLibrary">
<msg time="2025-04-07T12:41:51.008008" level="INFO">criteria is com.coveiot.android.boat:id/disclaimer_info</msg>
<arg>${desclimer_text}</arg>
<arg>20</arg>
<doc>Waits until element specified with `locator` appears on current page.</doc>
<status status="PASS" start="2025-04-07T12:41:50.966091" elapsed="0.041917"/>
</kw>
<kw name="Wait Until Page Contains Element" owner="AppiumLibrary">
<msg time="2025-04-07T12:41:51.048296" level="INFO">criteria is com.coveiot.android.boat:id/share_button</msg>
<arg>${Share_button}</arg>
<arg>20</arg>
<doc>Waits until element specified with `locator` appears on current page.</doc>
<status status="PASS" start="2025-04-07T12:41:51.008008" elapsed="0.040288"/>
</kw>
<kw name="Wait Until Page Contains Element" owner="AppiumLibrary">
<msg time="2025-04-07T12:41:51.089072" level="INFO">criteria is com.coveiot.android.boat:id/share_close_image</msg>
<arg>${Close_ShareCard}</arg>
<arg>20</arg>
<doc>Waits until element specified with `locator` appears on current page.</doc>
<status status="PASS" start="2025-04-07T12:41:51.048296" elapsed="0.040776"/>
</kw>
<kw name="Click Element" owner="AppiumLibrary">
<msg time="2025-04-07T12:41:51.097239" level="INFO">Clicking element 'com.coveiot.android.boat:id/share_close_image'.</msg>
<msg time="2025-04-07T12:41:52.225150" level="INFO">criteria is com.coveiot.android.boat:id/share_close_image</msg>
<arg>${Close_ShareCard}</arg>
<doc>Click element identified by `locator`.</doc>
<status status="PASS" start="2025-04-07T12:41:51.089072" elapsed="1.136078"/>
</kw>
<kw name="Wait Until Page Contains Element" owner="AppiumLibrary">
<msg time="2025-04-07T12:41:52.337385" level="INFO">criteria is com.coveiot.android.boat:id/tvWeek</msg>
<arg>${Week_text}</arg>
<arg>20</arg>
<doc>Waits until element specified with `locator` appears on current page.</doc>
<status status="PASS" start="2025-04-07T12:41:52.225150" elapsed="0.112235"/>
</kw>
<kw name="Click Element" owner="AppiumLibrary">
<msg time="2025-04-07T12:41:52.346428" level="INFO">Clicking element 'com.coveiot.android.boat:id/tvWeek'.</msg>
<msg time="2025-04-07T12:41:53.164910" level="INFO">criteria is com.coveiot.android.boat:id/tvWeek</msg>
<arg>${Week_text}</arg>
<doc>Click element identified by `locator`.</doc>
<status status="PASS" start="2025-04-07T12:41:52.337385" elapsed="0.827525"/>
</kw>
<kw name="Wait Until Page Contains Element" owner="AppiumLibrary">
<msg time="2025-04-07T12:41:53.268735" level="INFO">criteria is com.coveiot.android.boat:id/ibShareVitals</msg>
<arg>${Share_Icon}</arg>
<arg>20</arg>
<doc>Waits until element specified with `locator` appears on current page.</doc>
<status status="PASS" start="2025-04-07T12:41:53.165922" elapsed="0.102813"/>
</kw>
<kw name="Click Element" owner="AppiumLibrary">
<msg time="2025-04-07T12:41:53.275251" level="INFO">Clicking element 'com.coveiot.android.boat:id/ibShareVitals'.</msg>
<msg time="2025-04-07T12:41:53.428501" level="INFO">criteria is com.coveiot.android.boat:id/ibShareVitals</msg>
<arg>${Share_Icon}</arg>
<doc>Click element identified by `locator`.</doc>
<status status="PASS" start="2025-04-07T12:41:53.268735" elapsed="0.159766"/>
</kw>
<kw name="Sleep" owner="BuiltIn">
<msg time="2025-04-07T12:41:57.428693" level="INFO">Slept 4 seconds.</msg>
<arg>4</arg>
<doc>Pauses the test executed for the given time.</doc>
<status status="PASS" start="2025-04-07T12:41:53.428501" elapsed="4.000192"/>
</kw>
<kw name="Wait Until Page Contains Element" owner="AppiumLibrary">
<msg time="2025-04-07T12:41:57.485790" level="INFO">criteria is com.coveiot.android.boat:id/iv_app_logo</msg>
<arg>${Cove_logo}</arg>
<arg>20</arg>
<doc>Waits until element specified with `locator` appears on current page.</doc>
<status status="PASS" start="2025-04-07T12:41:57.428693" elapsed="0.057097"/>
</kw>
<kw name="Wait Until Page Contains Element" owner="AppiumLibrary">
<msg time="2025-04-07T12:41:57.530529" level="INFO">criteria is com.coveiot.android.boat:id/iv_powered_cove</msg>
<arg>${Powerd_by_covetext}</arg>
<arg>20</arg>
<doc>Waits until element specified with `locator` appears on current page.</doc>
<status status="PASS" start="2025-04-07T12:41:57.485790" elapsed="0.044739"/>
</kw>
<kw name="Wait Until Page Contains Element" owner="AppiumLibrary">
<msg time="2025-04-07T12:41:57.577785" level="INFO">criteria is com.coveiot.android.boat:id/disclaimer_info</msg>
<arg>${desclimer_text}</arg>
<arg>20</arg>
<doc>Waits until element specified with `locator` appears on current page.</doc>
<status status="PASS" start="2025-04-07T12:41:57.531537" elapsed="0.046248"/>
</kw>
<kw name="Wait Until Page Contains Element" owner="AppiumLibrary">
<msg time="2025-04-07T12:41:57.622070" level="INFO">criteria is com.coveiot.android.boat:id/share_button</msg>
<arg>${Share_button}</arg>
<arg>20</arg>
<doc>Waits until element specified with `locator` appears on current page.</doc>
<status status="PASS" start="2025-04-07T12:41:57.577785" elapsed="0.044285"/>
</kw>
<kw name="Wait Until Page Contains Element" owner="AppiumLibrary">
<msg time="2025-04-07T12:41:57.670259" level="INFO">criteria is com.coveiot.android.boat:id/share_close_image</msg>
<arg>${Close_ShareCard}</arg>
<arg>20</arg>
<doc>Waits until element specified with `locator` appears on current page.</doc>
<status status="PASS" start="2025-04-07T12:41:57.622070" elapsed="0.048189"/>
</kw>
<kw name="Click Element" owner="AppiumLibrary">
<msg time="2025-04-07T12:41:57.676768" level="INFO">Clicking element 'com.coveiot.android.boat:id/share_close_image'.</msg>
<msg time="2025-04-07T12:41:58.819857" level="INFO">criteria is com.coveiot.android.boat:id/share_close_image</msg>
<arg>${Close_ShareCard}</arg>
<doc>Click element identified by `locator`.</doc>
<status status="PASS" start="2025-04-07T12:41:57.670259" elapsed="1.149598"/>
</kw>
<kw name="Wait Until Page Contains Element" owner="AppiumLibrary">
<msg time="2025-04-07T12:41:58.950223" level="INFO">criteria is com.coveiot.android.boat:id/tvMonth</msg>
<arg>${Month_text}</arg>
<arg>20</arg>
<doc>Waits until element specified with `locator` appears on current page.</doc>
<status status="PASS" start="2025-04-07T12:41:58.819857" elapsed="0.130366"/>
</kw>
<kw name="Click Element" owner="AppiumLibrary">
<msg time="2025-04-07T12:41:58.957231" level="INFO">Clicking element 'com.coveiot.android.boat:id/tvMonth'.</msg>
<msg time="2025-04-07T12:41:59.784413" level="INFO">criteria is com.coveiot.android.boat:id/tvMonth</msg>
<arg>${Month_text}</arg>
<doc>Click element identified by `locator`.</doc>
<status status="PASS" start="2025-04-07T12:41:58.950223" elapsed="0.834190"/>
</kw>
<kw name="Wait Until Page Contains Element" owner="AppiumLibrary">
<msg time="2025-04-07T12:41:59.909858" level="INFO">criteria is com.coveiot.android.boat:id/ibShareVitals</msg>
<arg>${Share_Icon}</arg>
<arg>20</arg>
<doc>Waits until element specified with `locator` appears on current page.</doc>
<status status="PASS" start="2025-04-07T12:41:59.784413" elapsed="0.125445"/>
</kw>
<kw name="Click Element" owner="AppiumLibrary">
<msg time="2025-04-07T12:41:59.916784" level="INFO">Clicking element 'com.coveiot.android.boat:id/ibShareVitals'.</msg>
<msg time="2025-04-07T12:42:00.065189" level="INFO">criteria is com.coveiot.android.boat:id/ibShareVitals</msg>
<arg>${Share_Icon}</arg>
<doc>Click element identified by `locator`.</doc>
<status status="PASS" start="2025-04-07T12:41:59.909858" elapsed="0.155331"/>
</kw>
<kw name="Sleep" owner="BuiltIn">
<msg time="2025-04-07T12:42:04.065540" level="INFO">Slept 4 seconds.</msg>
<arg>4</arg>
<doc>Pauses the test executed for the given time.</doc>
<status status="PASS" start="2025-04-07T12:42:00.065189" elapsed="4.000351"/>
</kw>
<kw name="Wait Until Page Contains Element" owner="AppiumLibrary">
<msg time="2025-04-07T12:42:04.122967" level="INFO">criteria is com.coveiot.android.boat:id/iv_app_logo</msg>
<arg>${Cove_logo}</arg>
<arg>20</arg>
<doc>Waits until element specified with `locator` appears on current page.</doc>
<status status="PASS" start="2025-04-07T12:42:04.065540" elapsed="0.057427"/>
</kw>
<kw name="Wait Until Page Contains Element" owner="AppiumLibrary">
<msg time="2025-04-07T12:42:04.168739" level="INFO">criteria is com.coveiot.android.boat:id/iv_powered_cove</msg>
<arg>${Powerd_by_covetext}</arg>
<arg>20</arg>
<doc>Waits until element specified with `locator` appears on current page.</doc>
<status status="PASS" start="2025-04-07T12:42:04.122967" elapsed="0.045772"/>
</kw>
<kw name="Wait Until Page Contains Element" owner="AppiumLibrary">
<msg time="2025-04-07T12:42:04.208122" level="INFO">criteria is com.coveiot.android.boat:id/disclaimer_info</msg>
<arg>${desclimer_text}</arg>
<arg>20</arg>
<doc>Waits until element specified with `locator` appears on current page.</doc>
<status status="PASS" start="2025-04-07T12:42:04.168739" elapsed="0.039383"/>
</kw>
<kw name="Wait Until Page Contains Element" owner="AppiumLibrary">
<msg time="2025-04-07T12:42:04.250605" level="INFO">criteria is com.coveiot.android.boat:id/share_button</msg>
<arg>${Share_button}</arg>
<arg>20</arg>
<doc>Waits until element specified with `locator` appears on current page.</doc>
<status status="PASS" start="2025-04-07T12:42:04.208122" elapsed="0.042483"/>
</kw>
<kw name="Wait Until Page Contains Element" owner="AppiumLibrary">
<msg time="2025-04-07T12:42:04.283981" level="INFO">criteria is com.coveiot.android.boat:id/share_close_image</msg>
<arg>${Close_ShareCard}</arg>
<arg>20</arg>
<doc>Waits until element specified with `locator` appears on current page.</doc>
<status status="PASS" start="2025-04-07T12:42:04.251612" elapsed="0.032369"/>
</kw>
<kw name="Click Element" owner="AppiumLibrary">
<msg time="2025-04-07T12:42:04.292264" level="INFO">Clicking element 'com.coveiot.android.boat:id/share_close_image'.</msg>
<msg time="2025-04-07T12:42:05.424495" level="INFO">criteria is com.coveiot.android.boat:id/share_close_image</msg>
<arg>${Close_ShareCard}</arg>
<doc>Click element identified by `locator`.</doc>
<status status="PASS" start="2025-04-07T12:42:04.283981" elapsed="1.140514"/>
</kw>
<status status="PASS" start="2025-04-07T12:41:44.550243" elapsed="20.874252"/>
</kw>
<kw name="verify_activities_wellness" owner="keywords">
<kw name="Wait Until Element Is Visible" owner="AppiumLibrary">
<msg time="2025-04-07T12:42:05.600476" level="INFO">xpath criteria: //android.widget.TextView[@resource-id="com.coveiot.android.boat:id/tvWellnessTitle" and @text="Activities"]</msg>
<arg>${activities_moment_wellness}</arg>
<arg>10</arg>
<doc>Waits until element specified with `locator` is visible.</doc>
<status status="PASS" start="2025-04-07T12:42:05.425373" elapsed="0.175103"/>
</kw>
<kw name="Click Element" owner="AppiumLibrary">
<msg time="2025-04-07T12:42:05.608567" level="INFO">Clicking element '//android.widget.TextView[@resource-id="com.coveiot.android.boat:id/tvWellnessTitle" and @text="Activities"]'.</msg>
<msg time="2025-04-07T12:42:05.819763" level="INFO">xpath criteria: //android.widget.TextView[@resource-id="com.coveiot.android.boat:id/tvWellnessTitle" and @text="Activities"]</msg>
<arg>${activities_moment_wellness}</arg>
<doc>Click element identified by `locator`.</doc>
<status status="PASS" start="2025-04-07T12:42:05.600476" elapsed="0.219287"/>
</kw>
<status status="PASS" start="2025-04-07T12:42:05.425373" elapsed="0.394390"/>
</kw>
<kw name="verify_vitals_wellness" owner="keywords">
<kw name="Wait Until Element Is Visible" owner="AppiumLibrary">
<msg time="2025-04-07T12:42:06.422154" level="INFO">xpath criteria: //android.widget.TextView[@text="Vitals"]</msg>
<arg>${wellness_vitals}</arg>
<doc>Waits until element specified with `locator` is visible.</doc>
<status status="PASS" start="2025-04-07T12:42:05.819763" elapsed="0.602391"/>
</kw>
<kw name="Click Element" owner="AppiumLibrary">
<msg time="2025-04-07T12:42:06.432195" level="INFO">Clicking element '//android.widget.TextView[@text="Vitals"]'.</msg>
<msg time="2025-04-07T12:42:06.592410" level="INFO">xpath criteria: //android.widget.TextView[@text="Vitals"]</msg>
<arg>${wellness_vitals}</arg>
<doc>Click element identified by `locator`.</doc>
<status status="PASS" start="2025-04-07T12:42:06.422154" elapsed="0.170256"/>
</kw>
<status status="PASS" start="2025-04-07T12:42:05.819763" elapsed="0.772647"/>
</kw>
<kw name="Verify_HR_Vitals_welness" owner="keywords">
<kw name="Wait Until Page Contains Element" owner="AppiumLibrary">
<msg time="2025-04-07T12:42:06.852165" level="INFO">xpath criteria: //android.widget.TextView[@text="Heart Rate"]</msg>
<arg>${Heart_rate_text}</arg>
<arg>10</arg>
<doc>Waits until element specified with `locator` appears on current page.</doc>
<status status="PASS" start="2025-04-07T12:42:06.593914" elapsed="0.258251"/>
</kw>
<kw name="Click Element" owner="AppiumLibrary">
<msg time="2025-04-07T12:42:06.859980" level="INFO">Clicking element '//android.widget.TextView[@text="Heart Rate"]'.</msg>
<msg time="2025-04-07T12:42:07.501038" level="INFO">xpath criteria: //android.widget.TextView[@text="Heart Rate"]</msg>
<arg>${Heart_rate_text}</arg>
<doc>Click element identified by `locator`.</doc>
<status status="PASS" start="2025-04-07T12:42:06.852165" elapsed="0.648873"/>
</kw>
<kw name="Wait Until Page Contains Element" owner="AppiumLibrary">
<msg time="2025-04-07T12:42:07.671791" level="INFO">criteria is com.coveiot.android.boat:id/tvDay</msg>
<arg>${Days_tab}</arg>
<arg>20</arg>
<doc>Waits until element specified with `locator` appears on current page.</doc>
<status status="PASS" start="2025-04-07T12:42:07.501038" elapsed="0.170753"/>
</kw>
<kw name="Click Element" owner="AppiumLibrary">
<msg time="2025-04-07T12:42:07.681028" level="INFO">Clicking element 'com.coveiot.android.boat:id/tvDay'.</msg>
<msg time="2025-04-07T12:42:08.880310" level="INFO">criteria is com.coveiot.android.boat:id/tvDay</msg>
<arg>${Days_tab}</arg>
<doc>Click element identified by `locator`.</doc>
<status status="PASS" start="2025-04-07T12:42:07.672985" elapsed="1.207325"/>
</kw>
<kw name="Wait Until Page Contains Element" owner="AppiumLibrary">
<msg time="2025-04-07T12:42:08.976938" level="INFO">criteria is com.coveiot.android.boat:id/ibShareVitals</msg>
<arg>${Share_Icon}</arg>
<arg>20</arg>
<doc>Waits until element specified with `locator` appears on current page.</doc>
<status status="PASS" start="2025-04-07T12:42:08.880310" elapsed="0.096628"/>
</kw>
<kw name="Click Element" owner="AppiumLibrary">
<msg time="2025-04-07T12:42:08.986118" level="INFO">Clicking element 'com.coveiot.android.boat:id/ibShareVitals'.</msg>
<msg time="2025-04-07T12:42:10.293558" level="INFO">criteria is com.coveiot.android.boat:id/ibShareVitals</msg>
<arg>${Share_Icon}</arg>
<doc>Click element identified by `locator`.</doc>
<status status="PASS" start="2025-04-07T12:42:08.976938" elapsed="1.317620"/>
</kw>
<kw name="Sleep" owner="BuiltIn">
<msg time="2025-04-07T12:42:18.294737" level="INFO">Slept 8 seconds.</msg>
<arg>8</arg>
<doc>Pauses the test executed for the given time.</doc>
<status status="PASS" start="2025-04-07T12:42:10.294558" elapsed="8.000179"/>
</kw>
<kw name="Wait Until Page Contains Element" owner="AppiumLibrary">
<msg time="2025-04-07T12:42:18.359783" level="INFO">criteria is com.coveiot.android.boat:id/iv_app_logo</msg>
<arg>${Cove_logo}</arg>
<arg>20</arg>
<doc>Waits until element specified with `locator` appears on current page.</doc>
<status status="PASS" start="2025-04-07T12:42:18.294737" elapsed="0.065046"/>
</kw>
<kw name="Wait Until Page Contains Element" owner="AppiumLibrary">
<msg time="2025-04-07T12:42:18.400256" level="INFO">criteria is com.coveiot.android.boat:id/iv_powered_cove</msg>
<arg>${Powerd_by_covetext}</arg>
<arg>20</arg>
<doc>Waits until element specified with `locator` appears on current page.</doc>
<status status="PASS" start="2025-04-07T12:42:18.360285" elapsed="0.039971"/>
</kw>
<kw name="Wait Until Page Contains Element" owner="AppiumLibrary">
<msg time="2025-04-07T12:42:18.441986" level="INFO">criteria is com.coveiot.android.boat:id/disclaimer_info</msg>
<arg>${desclimer_text}</arg>
<arg>20</arg>
<doc>Waits until element specified with `locator` appears on current page.</doc>
<status status="PASS" start="2025-04-07T12:42:18.400256" elapsed="0.041730"/>
</kw>
<kw name="Wait Until Page Contains Element" owner="AppiumLibrary">
<msg time="2025-04-07T12:42:18.481994" level="INFO">criteria is com.coveiot.android.boat:id/share_button</msg>
<arg>${Share_button}</arg>
<arg>20</arg>
<doc>Waits until element specified with `locator` appears on current page.</doc>
<status status="PASS" start="2025-04-07T12:42:18.441986" elapsed="0.040008"/>
</kw>
<kw name="Wait Until Page Contains Element" owner="AppiumLibrary">
<msg time="2025-04-07T12:42:18.521913" level="INFO">criteria is com.coveiot.android.boat:id/share_close_image</msg>
<arg>${Close_ShareCard}</arg>
<arg>20</arg>
<doc>Waits until element specified with `locator` appears on current page.</doc>
<status status="PASS" start="2025-04-07T12:42:18.482994" elapsed="0.039921"/>
</kw>
<kw name="Click Element" owner="AppiumLibrary">
<msg time="2025-04-07T12:42:18.530493" level="INFO">Clicking element 'com.coveiot.android.boat:id/share_close_image'.</msg>
<msg time="2025-04-07T12:42:19.225510" level="INFO">criteria is com.coveiot.android.boat:id/share_close_image</msg>
<arg>${Close_ShareCard}</arg>
<doc>Click element identified by `locator`.</doc>
<status status="PASS" start="2025-04-07T12:42:18.522915" elapsed="0.702595"/>
</kw>
<kw name="Wait Until Page Contains Element" owner="AppiumLibrary">
<msg time="2025-04-07T12:42:19.336883" level="INFO">criteria is com.coveiot.android.boat:id/tvWeek</msg>
<arg>${Week_text}</arg>
<arg>20</arg>
<doc>Waits until element specified with `locator` appears on current page.</doc>
<status status="PASS" start="2025-04-07T12:42:19.225510" elapsed="0.111373"/>
</kw>
<kw name="Click Element" owner="AppiumLibrary">
<msg time="2025-04-07T12:42:19.344933" level="INFO">Clicking element 'com.coveiot.android.boat:id/tvWeek'.</msg>
<msg time="2025-04-07T12:42:20.088240" level="INFO">criteria is com.coveiot.android.boat:id/tvWeek</msg>
<arg>${Week_text}</arg>
<doc>Click element identified by `locator`.</doc>
<status status="PASS" start="2025-04-07T12:42:19.336883" elapsed="0.751357"/>
</kw>
<kw name="Wait Until Page Contains Element" owner="AppiumLibrary">
<msg time="2025-04-07T12:42:20.191038" level="INFO">criteria is com.coveiot.android.boat:id/ibShareVitals</msg>
<arg>${Share_Icon}</arg>
<arg>20</arg>
<doc>Waits until element specified with `locator` appears on current page.</doc>
<status status="PASS" start="2025-04-07T12:42:20.088240" elapsed="0.103813"/>
</kw>
<kw name="Click Element" owner="AppiumLibrary">
<msg time="2025-04-07T12:42:20.198127" level="INFO">Clicking element 'com.coveiot.android.boat:id/ibShareVitals'.</msg>
<msg time="2025-04-07T12:42:20.350937" level="INFO">criteria is com.coveiot.android.boat:id/ibShareVitals</msg>
<arg>${Share_Icon}</arg>
<doc>Click element identified by `locator`.</doc>
<status status="PASS" start="2025-04-07T12:42:20.192053" elapsed="0.158884"/>
</kw>
<kw name="Sleep" owner="BuiltIn">
<msg time="2025-04-07T12:42:28.351183" level="INFO">Slept 8 seconds.</msg>
<arg>8</arg>
<doc>Pauses the test executed for the given time.</doc>
<status status="PASS" start="2025-04-07T12:42:20.350937" elapsed="8.000246"/>
</kw>
<kw name="Wait Until Page Contains Element" owner="AppiumLibrary">
<msg time="2025-04-07T12:42:28.410497" level="INFO">criteria is com.coveiot.android.boat:id/iv_app_logo</msg>
<arg>${Cove_logo}</arg>
<arg>20</arg>
<doc>Waits until element specified with `locator` appears on current page.</doc>
<status status="PASS" start="2025-04-07T12:42:28.351183" elapsed="0.059314"/>
</kw>
<kw name="Wait Until Page Contains Element" owner="AppiumLibrary">
<msg time="2025-04-07T12:42:28.456472" level="INFO">criteria is com.coveiot.android.boat:id/iv_powered_cove</msg>
<arg>${Powerd_by_covetext}</arg>
<arg>20</arg>
<doc>Waits until element specified with `locator` appears on current page.</doc>
<status status="PASS" start="2025-04-07T12:42:28.410497" elapsed="0.045975"/>
</kw>
<kw name="Wait Until Page Contains Element" owner="AppiumLibrary">
<msg time="2025-04-07T12:42:28.500075" level="INFO">criteria is com.coveiot.android.boat:id/disclaimer_info</msg>
<arg>${desclimer_text}</arg>
<arg>20</arg>
<doc>Waits until element specified with `locator` appears on current page.</doc>
<status status="PASS" start="2025-04-07T12:42:28.456472" elapsed="0.043603"/>
</kw>
<kw name="Wait Until Page Contains Element" owner="AppiumLibrary">
<msg time="2025-04-07T12:42:28.542361" level="INFO">criteria is com.coveiot.android.boat:id/share_button</msg>
<arg>${Share_button}</arg>
<arg>20</arg>
<doc>Waits until element specified with `locator` appears on current page.</doc>
<status status="PASS" start="2025-04-07T12:42:28.500579" elapsed="0.042783"/>
</kw>
<kw name="Wait Until Page Contains Element" owner="AppiumLibrary">
<msg time="2025-04-07T12:42:28.588721" level="INFO">criteria is com.coveiot.android.boat:id/share_close_image</msg>
<arg>${Close_ShareCard}</arg>
<arg>20</arg>
<doc>Waits until element specified with `locator` appears on current page.</doc>
<status status="PASS" start="2025-04-07T12:42:28.543362" elapsed="0.045359"/>
</kw>
<kw name="Click Element" owner="AppiumLibrary">
<msg time="2025-04-07T12:42:28.596731" level="INFO">Clicking element 'com.coveiot.android.boat:id/share_close_image'.</msg>
<msg time="2025-04-07T12:42:29.715004" level="INFO">criteria is com.coveiot.android.boat:id/share_close_image</msg>
<arg>${Close_ShareCard}</arg>
<doc>Click element identified by `locator`.</doc>
<status status="PASS" start="2025-04-07T12:42:28.589722" elapsed="1.125282"/>
</kw>
<kw name="Wait Until Page Contains Element" owner="AppiumLibrary">
<msg time="2025-04-07T12:42:29.813110" level="INFO">criteria is com.coveiot.android.boat:id/tvMonth</msg>
<arg>${Month_text}</arg>
<arg>20</arg>
<doc>Waits until element specified with `locator` appears on current page.</doc>
<status status="PASS" start="2025-04-07T12:42:29.715004" elapsed="0.098106"/>
</kw>
<kw name="Click Element" owner="AppiumLibrary">
<msg time="2025-04-07T12:42:29.820775" level="INFO">Clicking element 'com.coveiot.android.boat:id/tvMonth'.</msg>
<msg time="2025-04-07T12:42:30.547790" level="INFO">criteria is com.coveiot.android.boat:id/tvMonth</msg>
<arg>${Month_text}</arg>
<doc>Click element identified by `locator`.</doc>
<status status="PASS" start="2025-04-07T12:42:29.813110" elapsed="0.734680"/>
</kw>
<kw name="Wait Until Page Contains Element" owner="AppiumLibrary">
<msg time="2025-04-07T12:42:30.648997" level="INFO">criteria is com.coveiot.android.boat:id/ibShareVitals</msg>
<arg>${Share_Icon}</arg>
<arg>20</arg>
<doc>Waits until element specified with `locator` appears on current page.</doc>
<status status="PASS" start="2025-04-07T12:42:30.547790" elapsed="0.102208"/>
</kw>
<kw name="Click Element" owner="AppiumLibrary">
<msg time="2025-04-07T12:42:30.655151" level="INFO">Clicking element 'com.coveiot.android.boat:id/ibShareVitals'.</msg>
<msg time="2025-04-07T12:42:30.798651" level="INFO">criteria is com.coveiot.android.boat:id/ibShareVitals</msg>
<arg>${Share_Icon}</arg>
<doc>Click element identified by `locator`.</doc>
<status status="PASS" start="2025-04-07T12:42:30.649998" elapsed="0.148653"/>
</kw>
<kw name="Sleep" owner="BuiltIn">
<msg time="2025-04-07T12:42:38.799134" level="INFO">Slept 8 seconds.</msg>
<arg>8</arg>
<doc>Pauses the test executed for the given time.</doc>
<status status="PASS" start="2025-04-07T12:42:30.798651" elapsed="8.000483"/>
</kw>
<kw name="Wait Until Page Contains Element" owner="AppiumLibrary">
<msg time="2025-04-07T12:42:38.854406" level="INFO">criteria is com.coveiot.android.boat:id/iv_app_logo</msg>
<arg>${Cove_logo}</arg>
<arg>20</arg>
<doc>Waits until element specified with `locator` appears on current page.</doc>
<status status="PASS" start="2025-04-07T12:42:38.799134" elapsed="0.055272"/>
</kw>
<kw name="Wait Until Page Contains Element" owner="AppiumLibrary">
<msg time="2025-04-07T12:42:38.895893" level="INFO">criteria is com.coveiot.android.boat:id/iv_powered_cove</msg>
<arg>${Powerd_by_covetext}</arg>
<arg>20</arg>
<doc>Waits until element specified with `locator` appears on current page.</doc>
<status status="PASS" start="2025-04-07T12:42:38.854406" elapsed="0.041487"/>
</kw>
<kw name="Wait Until Page Contains Element" owner="AppiumLibrary">
<msg time="2025-04-07T12:42:38.931830" level="INFO">criteria is com.coveiot.android.boat:id/disclaimer_info</msg>
<arg>${desclimer_text}</arg>
<arg>20</arg>
<doc>Waits until element specified with `locator` appears on current page.</doc>
<status status="PASS" start="2025-04-07T12:42:38.895893" elapsed="0.035937"/>
</kw>
<kw name="Wait Until Page Contains Element" owner="AppiumLibrary">
<msg time="2025-04-07T12:42:38.967825" level="INFO">criteria is com.coveiot.android.boat:id/share_button</msg>
<arg>${Share_button}</arg>
<arg>20</arg>
<doc>Waits until element specified with `locator` appears on current page.</doc>
<status status="PASS" start="2025-04-07T12:42:38.931830" elapsed="0.035995"/>
</kw>
<kw name="Wait Until Page Contains Element" owner="AppiumLibrary">
<msg time="2025-04-07T12:42:39.010318" level="INFO">criteria is com.coveiot.android.boat:id/share_close_image</msg>
<arg>${Close_ShareCard}</arg>
<arg>20</arg>
<doc>Waits until element specified with `locator` appears on current page.</doc>
<status status="PASS" start="2025-04-07T12:42:38.967825" elapsed="0.042493"/>
</kw>
<kw name="Click Element" owner="AppiumLibrary">
<msg time="2025-04-07T12:42:39.018893" level="INFO">Clicking element 'com.coveiot.android.boat:id/share_close_image'.</msg>
<msg time="2025-04-07T12:42:39.751387" level="INFO">criteria is com.coveiot.android.boat:id/share_close_image</msg>
<arg>${Close_ShareCard}</arg>
<doc>Click element identified by `locator`.</doc>
<status status="PASS" start="2025-04-07T12:42:39.010318" elapsed="0.741069"/>
</kw>
<status status="PASS" start="2025-04-07T12:42:06.592410" elapsed="33.158977"/>
</kw>
<kw name="Verify_SPO2_vitals_welness" owner="keywords">
<kw name="Wait Until Page Contains Element" owner="AppiumLibrary">
<msg time="2025-04-07T12:42:39.845433" level="INFO">xpath criteria: //android.widget.TextView[@text="SpO2"]</msg>
<arg>${SPO2_text}</arg>
<arg>20</arg>
<doc>Waits until element specified with `locator` appears on current page.</doc>
<status status="PASS" start="2025-04-07T12:42:39.752420" elapsed="0.093013"/>
</kw>
<kw name="Click Element" owner="AppiumLibrary">
<msg time="2025-04-07T12:42:39.851939" level="INFO">Clicking element '//android.widget.TextView[@text="SpO2"]'.</msg>
<msg time="2025-04-07T12:42:40.014171" level="INFO">xpath criteria: //android.widget.TextView[@text="SpO2"]</msg>
<arg>${SPO2_text}</arg>
<doc>Click element identified by `locator`.</doc>
<status status="PASS" start="2025-04-07T12:42:39.846436" elapsed="0.167735"/>
</kw>
<kw name="Wait Until Page Contains Element" owner="AppiumLibrary">
<msg time="2025-04-07T12:42:40.148060" level="INFO">criteria is com.coveiot.android.boat:id/ibShareVitals</msg>
<arg>${Share_Icon}</arg>
<arg>20</arg>
<doc>Waits until element specified with `locator` appears on current page.</doc>
<status status="PASS" start="2025-04-07T12:42:40.014171" elapsed="0.133889"/>
</kw>
<kw name="Click Element" owner="AppiumLibrary">
<msg time="2025-04-07T12:42:40.156695" level="INFO">Clicking element 'com.coveiot.android.boat:id/ibShareVitals'.</msg>
<msg time="2025-04-07T12:42:40.719545" level="INFO">criteria is com.coveiot.android.boat:id/ibShareVitals</msg>
<arg>${Share_Icon}</arg>
<doc>Click element identified by `locator`.</doc>
<status status="PASS" start="2025-04-07T12:42:40.148060" elapsed="0.571485"/>
</kw>
<kw name="Sleep" owner="BuiltIn">
<msg time="2025-04-07T12:42:44.721075" level="INFO">Slept 4 seconds.</msg>
<arg>4</arg>
<doc>Pauses the test executed for the given time.</doc>
<status status="PASS" start="2025-04-07T12:42:40.719545" elapsed="4.001530"/>
</kw>
<kw name="Wait Until Page Contains Element" owner="AppiumLibrary">
<msg time="2025-04-07T12:42:44.750201" level="INFO">criteria is com.coveiot.android.boat:id/iv_app_logo</msg>
<arg>${Cove_logo}</arg>
<arg>20</arg>
<doc>Waits until element specified with `locator` appears on current page.</doc>
<status status="PASS" start="2025-04-07T12:42:44.721075" elapsed="0.029126"/>
</kw>
<kw name="Wait Until Page Contains Element" owner="AppiumLibrary">
<msg time="2025-04-07T12:42:44.775539" level="INFO">criteria is com.coveiot.android.boat:id/iv_powered_cove</msg>
<arg>${Powerd_by_covetext}</arg>
<arg>20</arg>
<doc>Waits until element specified with `locator` appears on current page.</doc>
<status status="PASS" start="2025-04-07T12:42:44.750201" elapsed="0.025338"/>
</kw>
<kw name="Wait Until Page Contains Element" owner="AppiumLibrary">
<msg time="2025-04-07T12:42:44.799853" level="INFO">criteria is com.coveiot.android.boat:id/disclaimer_info</msg>
<arg>${desclimer_text}</arg>
<arg>20</arg>
<doc>Waits until element specified with `locator` appears on current page.</doc>
<status status="PASS" start="2025-04-07T12:42:44.775539" elapsed="0.024314"/>
</kw>
<kw name="Wait Until Page Contains Element" owner="AppiumLibrary">
<msg time="2025-04-07T12:42:44.826389" level="INFO">criteria is com.coveiot.android.boat:id/share_button</msg>
<arg>${Share_button}</arg>
<arg>20</arg>
<doc>Waits until element specified with `locator` appears on current page.</doc>
<status status="PASS" start="2025-04-07T12:42:44.799853" elapsed="0.026536"/>
</kw>
<kw name="Wait Until Page Contains Element" owner="AppiumLibrary">
<msg time="2025-04-07T12:42:44.856564" level="INFO">criteria is com.coveiot.android.boat:id/share_close_image</msg>
<arg>${Close_ShareCard}</arg>
<arg>20</arg>
<doc>Waits until element specified with `locator` appears on current page.</doc>
<status status="PASS" start="2025-04-07T12:42:44.826389" elapsed="0.030175"/>
</kw>
<kw name="Click Element" owner="AppiumLibrary">
<msg time="2025-04-07T12:42:44.863511" level="INFO">Clicking element 'com.coveiot.android.boat:id/share_close_image'.</msg>
<msg time="2025-04-07T12:42:45.977809" level="INFO">criteria is com.coveiot.android.boat:id/share_close_image</msg>
<arg>${Close_ShareCard}</arg>
<doc>Click element identified by `locator`.</doc>
<status status="PASS" start="2025-04-07T12:42:44.856564" elapsed="1.122250"/>
</kw>
<kw name="Wait Until Page Contains Element" owner="AppiumLibrary">
<msg time="2025-04-07T12:42:46.110662" level="INFO">xpath criteria: //android.widget.TextView[@text="SpO2"]</msg>
<arg>${SPO2_text}</arg>
<arg>20</arg>
<doc>Waits until element specified with `locator` appears on current page.</doc>
<status status="PASS" start="2025-04-07T12:42:45.978814" elapsed="0.131848"/>
</kw>
<status status="PASS" start="2025-04-07T12:42:39.752420" elapsed="6.358242"/>
</kw>
<kw name="Verify_Energy_Meter_Vitals_wellness" owner="keywords">
<kw name="Wait Until Page Contains Element" owner="AppiumLibrary">
<msg time="2025-04-07T12:42:46.207825" level="INFO">xpath criteria: //android.widget.TextView[@text="Energy Meter"]</msg>
<arg>${Energy_meter_text}</arg>
<arg>20</arg>
<doc>Waits until element specified with `locator` appears on current page.</doc>
<status status="PASS" start="2025-04-07T12:42:46.111669" elapsed="0.097166"/>
</kw>
<kw name="Click Element" owner="AppiumLibrary">
<msg time="2025-04-07T12:42:46.216215" level="INFO">Clicking element '//android.widget.TextView[@text="Energy Meter"]'.</msg>
<msg time="2025-04-07T12:42:46.391439" level="INFO">xpath criteria: //android.widget.TextView[@text="Energy Meter"]</msg>
<arg>${Energy_meter_text}</arg>
<doc>Click element identified by `locator`.</doc>
<status status="PASS" start="2025-04-07T12:42:46.208835" elapsed="0.183611"/>
</kw>
<kw name="Wait Until Page Contains Element" owner="AppiumLibrary">
<msg time="2025-04-07T12:42:46.625832" level="INFO">criteria is com.coveiot.android.boat:id/ibShareVitals</msg>
<arg>${Share_Icon}</arg>
<arg>20</arg>
<doc>Waits until element specified with `locator` appears on current page.</doc>
<status status="PASS" start="2025-04-07T12:42:46.392446" elapsed="0.233386"/>
</kw>
<kw name="Click Element" owner="AppiumLibrary">
<msg time="2025-04-07T12:42:46.631894" level="INFO">Clicking element 'com.coveiot.android.boat:id/ibShareVitals'.</msg>
<msg time="2025-04-07T12:42:47.656375" level="INFO">criteria is com.coveiot.android.boat:id/ibShareVitals</msg>
<arg>${Share_Icon}</arg>
<doc>Click element identified by `locator`.</doc>
<status status="PASS" start="2025-04-07T12:42:46.626337" elapsed="1.030038"/>
</kw>
<kw name="Sleep" owner="BuiltIn">
<msg time="2025-04-07T12:42:51.656761" level="INFO">Slept 4 seconds.</msg>
<arg>4</arg>
<doc>Pauses the test executed for the given time.</doc>
<status status="PASS" start="2025-04-07T12:42:47.656375" elapsed="4.000386"/>
</kw>
<kw name="Wait Until Page Contains Element" owner="AppiumLibrary">
<msg time="2025-04-07T12:42:51.687686" level="INFO">criteria is com.coveiot.android.boat:id/iv_app_logo</msg>
<arg>${Cove_logo}</arg>
<arg>20</arg>
<doc>Waits until element specified with `locator` appears on current page.</doc>
<status status="PASS" start="2025-04-07T12:42:51.656761" elapsed="0.030925"/>
</kw>
<kw name="Wait Until Page Contains Element" owner="AppiumLibrary">
<msg time="2025-04-07T12:42:51.719016" level="INFO">criteria is com.coveiot.android.boat:id/iv_powered_cove</msg>
<arg>${Powerd_by_covetext}</arg>
<arg>20</arg>
<doc>Waits until element specified with `locator` appears on current page.</doc>
<status status="PASS" start="2025-04-07T12:42:51.687686" elapsed="0.031330"/>
</kw>
<kw name="Wait Until Page Contains Element" owner="AppiumLibrary">
<msg time="2025-04-07T12:42:51.749185" level="INFO">criteria is com.coveiot.android.boat:id/disclaimer_info</msg>
<arg>${desclimer_text}</arg>
<arg>20</arg>
<doc>Waits until element specified with `locator` appears on current page.</doc>
<status status="PASS" start="2025-04-07T12:42:51.720021" elapsed="0.029164"/>
</kw>
<kw name="Wait Until Page Contains Element" owner="AppiumLibrary">
<msg time="2025-04-07T12:42:51.778765" level="INFO">criteria is com.coveiot.android.boat:id/share_button</msg>
<arg>${Share_button}</arg>
<arg>20</arg>
<doc>Waits until element specified with `locator` appears on current page.</doc>
<status status="PASS" start="2025-04-07T12:42:51.749185" elapsed="0.029580"/>
</kw>
<kw name="Wait Until Page Contains Element" owner="AppiumLibrary">
<msg time="2025-04-07T12:42:51.807821" level="INFO">criteria is com.coveiot.android.boat:id/share_close_image</msg>
<arg>${Close_ShareCard}</arg>
<arg>20</arg>
<doc>Waits until element specified with `locator` appears on current page.</doc>
<status status="PASS" start="2025-04-07T12:42:51.778765" elapsed="0.029056"/>
</kw>
<kw name="Click Element" owner="AppiumLibrary">
<msg time="2025-04-07T12:42:51.814944" level="INFO">Clicking element 'com.coveiot.android.boat:id/share_close_image'.</msg>
<msg time="2025-04-07T12:42:52.939313" level="INFO">criteria is com.coveiot.android.boat:id/share_close_image</msg>
<arg>${Close_ShareCard}</arg>
<doc>Click element identified by `locator`.</doc>
<status status="PASS" start="2025-04-07T12:42:51.807821" elapsed="1.131492"/>
</kw>
<status status="PASS" start="2025-04-07T12:42:46.111669" elapsed="6.829186"/>
</kw>
<kw name="verify_Restore_wellness" owner="keywords">
<kw name="Wait Until Element Is Visible" owner="AppiumLibrary">
<msg time="2025-04-07T12:42:53.065216" level="INFO">xpath criteria: //android.widget.TextView[@text="Restore"]</msg>
<arg>${wellness_restore}</arg>
<arg>10</arg>
<doc>Waits until element specified with `locator` is visible.</doc>
<status status="PASS" start="2025-04-07T12:42:52.940855" elapsed="0.124361"/>
</kw>
<kw name="Click Element" owner="AppiumLibrary">
<msg time="2025-04-07T12:42:53.071758" level="INFO">Clicking element '//android.widget.TextView[@text="Restore"]'.</msg>
<msg time="2025-04-07T12:42:53.269839" level="INFO">xpath criteria: //android.widget.TextView[@text="Restore"]</msg>
<arg>${wellness_restore}</arg>
<doc>Click element identified by `locator`.</doc>
<status status="PASS" start="2025-04-07T12:42:53.065216" elapsed="0.204623"/>
</kw>
<status status="PASS" start="2025-04-07T12:42:52.940855" elapsed="0.328984"/>
</kw>
<kw name="Verify_Sleep_Vitals_Wellness" owner="keywords">
<kw name="Wait Until Page Contains Element" owner="AppiumLibrary">
<msg time="2025-04-07T12:42:54.524202" level="INFO">xpath criteria: //android.widget.TextView[@text="Sleep"]
xpath criteria: //android.widget.TextView[@text="Sleep"]</msg>
<arg>${Sleep_text}</arg>
<arg>10</arg>
<doc>Waits until element specified with `locator` appears on current page.</doc>
<status status="PASS" start="2025-04-07T12:42:53.271509" elapsed="1.252693"/>
</kw>
<kw name="Click Element" owner="AppiumLibrary">
<msg time="2025-04-07T12:42:54.532782" level="INFO">Clicking element '//android.widget.TextView[@text="Sleep"]'.</msg>
<msg time="2025-04-07T12:42:55.907866" level="INFO">xpath criteria: //android.widget.TextView[@text="Sleep"]</msg>
<arg>${Sleep_text}</arg>
<doc>Click element identified by `locator`.</doc>
<status status="PASS" start="2025-04-07T12:42:54.525880" elapsed="1.381986"/>
</kw>
<kw name="Wait Until Page Contains Element" owner="AppiumLibrary">
<msg time="2025-04-07T12:42:56.005757" level="INFO">criteria is com.coveiot.android.boat:id/tvDay</msg>
<arg>${Days_tab}</arg>
<arg>20</arg>
<doc>Waits until element specified with `locator` appears on current page.</doc>
<status status="PASS" start="2025-04-07T12:42:55.907866" elapsed="0.097891"/>
</kw>
<kw name="Click Element" owner="AppiumLibrary">
<msg time="2025-04-07T12:42:56.012062" level="INFO">Clicking element 'com.coveiot.android.boat:id/tvDay'.</msg>
<msg time="2025-04-07T12:42:56.154399" level="INFO">criteria is com.coveiot.android.boat:id/tvDay</msg>
<arg>${Days_tab}</arg>
<doc>Click element identified by `locator`.</doc>
<status status="PASS" start="2025-04-07T12:42:56.005757" elapsed="0.148642"/>
</kw>
<kw name="Wait Until Page Contains Element" owner="AppiumLibrary">
<msg time="2025-04-07T12:42:57.256614" level="INFO">criteria is com.coveiot.android.boat:id/ibShareVitals</msg>
<arg>${Share_Icon}</arg>
<arg>20</arg>
<doc>Waits until element specified with `locator` appears on current page.</doc>
<status status="PASS" start="2025-04-07T12:42:56.154399" elapsed="1.102215"/>
</kw>
<kw name="Click Element" owner="AppiumLibrary">
<msg time="2025-04-07T12:42:57.264034" level="INFO">Clicking element 'com.coveiot.android.boat:id/ibShareVitals'.</msg>
<msg time="2025-04-07T12:42:57.400193" level="INFO">criteria is com.coveiot.android.boat:id/ibShareVitals</msg>
<arg>${Share_Icon}</arg>
<doc>Click element identified by `locator`.</doc>
<status status="PASS" start="2025-04-07T12:42:57.256614" elapsed="0.143579"/>
</kw>
<kw name="Sleep" owner="BuiltIn">
<msg time="2025-04-07T12:43:01.400323" level="INFO">Slept 4 seconds.</msg>
<arg>4</arg>
<doc>Pauses the test executed for the given time.</doc>
<status status="PASS" start="2025-04-07T12:42:57.400193" elapsed="4.000130"/>
</kw>
<kw name="Wait Until Page Contains Element" owner="AppiumLibrary">
<msg time="2025-04-07T12:43:01.452936" level="INFO">criteria is com.coveiot.android.boat:id/iv_app_logo</msg>
<arg>${Cove_logo}</arg>
<arg>20</arg>
<doc>Waits until element specified with `locator` appears on current page.</doc>
<status status="PASS" start="2025-04-07T12:43:01.400834" elapsed="0.052102"/>
</kw>
<kw name="Wait Until Page Contains Element" owner="AppiumLibrary">
<msg time="2025-04-07T12:43:01.493476" level="INFO">criteria is com.coveiot.android.boat:id/iv_powered_cove</msg>
<arg>${Powerd_by_covetext}</arg>
<arg>20</arg>
<doc>Waits until element specified with `locator` appears on current page.</doc>
<status status="PASS" start="2025-04-07T12:43:01.452936" elapsed="0.041047"/>
</kw>
<kw name="Wait Until Page Contains Element" owner="AppiumLibrary">
<msg time="2025-04-07T12:43:01.539858" level="INFO">criteria is com.coveiot.android.boat:id/disclaimer_info</msg>
<arg>${desclimer_text}</arg>
<arg>20</arg>
<doc>Waits until element specified with `locator` appears on current page.</doc>
<status status="PASS" start="2025-04-07T12:43:01.493983" elapsed="0.045875"/>
</kw>
<kw name="Wait Until Page Contains Element" owner="AppiumLibrary">
<msg time="2025-04-07T12:43:01.577729" level="INFO">criteria is com.coveiot.android.boat:id/share_button</msg>
<arg>${Share_button}</arg>
<arg>20</arg>
<doc>Waits until element specified with `locator` appears on current page.</doc>
<status status="PASS" start="2025-04-07T12:43:01.539858" elapsed="0.037871"/>
</kw>
<kw name="Wait Until Page Contains Element" owner="AppiumLibrary">
<msg time="2025-04-07T12:43:01.613826" level="INFO">criteria is com.coveiot.android.boat:id/share_close_image</msg>
<arg>${Close_ShareCard}</arg>
<arg>20</arg>
<doc>Waits until element specified with `locator` appears on current page.</doc>
<status status="PASS" start="2025-04-07T12:43:01.577729" elapsed="0.036097"/>
</kw>
<kw name="Click Element" owner="AppiumLibrary">
<msg time="2025-04-07T12:43:01.622328" level="INFO">Clicking element 'com.coveiot.android.boat:id/share_close_image'.</msg>
<msg time="2025-04-07T12:43:02.327389" level="INFO">criteria is com.coveiot.android.boat:id/share_close_image</msg>
<arg>${Close_ShareCard}</arg>
<doc>Click element identified by `locator`.</doc>
<status status="PASS" start="2025-04-07T12:43:01.614777" elapsed="0.712612"/>
</kw>
<kw name="Wait Until Page Contains Element" owner="AppiumLibrary">
<msg time="2025-04-07T12:43:02.419038" level="INFO">criteria is com.coveiot.android.boat:id/tvWeek</msg>
<arg>${Week_text}</arg>
<arg>20</arg>
<doc>Waits until element specified with `locator` appears on current page.</doc>
<status status="PASS" start="2025-04-07T12:43:02.327389" elapsed="0.091649"/>
</kw>
<kw name="Click Element" owner="AppiumLibrary">
<msg time="2025-04-07T12:43:02.427389" level="INFO">Clicking element 'com.coveiot.android.boat:id/tvWeek'.</msg>
<msg time="2025-04-07T12:43:03.177262" level="INFO">criteria is com.coveiot.android.boat:id/tvWeek</msg>
<arg>${Week_text}</arg>
<doc>Click element identified by `locator`.</doc>
<status status="PASS" start="2025-04-07T12:43:02.419038" elapsed="0.758224"/>
</kw>
<kw name="Wait Until Page Contains Element" owner="AppiumLibrary">
<msg time="2025-04-07T12:43:05.595169" level="INFO">criteria is com.coveiot.android.boat:id/ibShareVitals
criteria is com.coveiot.android.boat:id/ibShareVitals
criteria is com.coveiot.android.boat:id/ibShareVitals
criteria is com.coveiot.android.boat:id/ibShareVitals
criteria is com.coveiot.android.boat:id/ibShareVitals
criteria is com.coveiot.android.boat:id/ibShareVitals
criteria is com.coveiot.android.boat:id/ibShareVitals
criteria is com.coveiot.android.boat:id/ibShareVitals</msg>
<arg>${Share_Icon}</arg>
<arg>20</arg>
<doc>Waits until element specified with `locator` appears on current page.</doc>
<status status="PASS" start="2025-04-07T12:43:03.178265" elapsed="2.416904"/>
</kw>
<kw name="Click Element" owner="AppiumLibrary">
<msg time="2025-04-07T12:43:05.602376" level="INFO">Clicking element 'com.coveiot.android.boat:id/ibShareVitals'.</msg>
<msg time="2025-04-07T12:43:05.736302" level="INFO">criteria is com.coveiot.android.boat:id/ibShareVitals</msg>
<arg>${Share_Icon}</arg>
<doc>Click element identified by `locator`.</doc>
<status status="PASS" start="2025-04-07T12:43:05.596369" elapsed="0.139933"/>
</kw>
<kw name="Sleep" owner="BuiltIn">
<msg time="2025-04-07T12:43:09.736653" level="INFO">Slept 4 seconds.</msg>
<arg>4</arg>
<doc>Pauses the test executed for the given time.</doc>
<status status="PASS" start="2025-04-07T12:43:05.736302" elapsed="4.000351"/>
</kw>
<kw name="Wait Until Page Contains Element" owner="AppiumLibrary">
<msg time="2025-04-07T12:43:09.788773" level="INFO">criteria is com.coveiot.android.boat:id/iv_app_logo</msg>
<arg>${Cove_logo}</arg>
<arg>20</arg>
<doc>Waits until element specified with `locator` appears on current page.</doc>
<status status="PASS" start="2025-04-07T12:43:09.736653" elapsed="0.052120"/>
</kw>
<kw name="Wait Until Page Contains Element" owner="AppiumLibrary">
<msg time="2025-04-07T12:43:09.826030" level="INFO">criteria is com.coveiot.android.boat:id/iv_powered_cove</msg>
<arg>${Powerd_by_covetext}</arg>
<arg>20</arg>
<doc>Waits until element specified with `locator` appears on current page.</doc>
<status status="PASS" start="2025-04-07T12:43:09.788773" elapsed="0.037257"/>
</kw>
<kw name="Wait Until Page Contains Element" owner="AppiumLibrary">
<msg time="2025-04-07T12:43:09.863047" level="INFO">criteria is com.coveiot.android.boat:id/disclaimer_info</msg>
<arg>${desclimer_text}</arg>
<arg>20</arg>
<doc>Waits until element specified with `locator` appears on current page.</doc>
<status status="PASS" start="2025-04-07T12:43:09.827316" elapsed="0.035731"/>
</kw>
<kw name="Wait Until Page Contains Element" owner="AppiumLibrary">
<msg time="2025-04-07T12:43:09.897948" level="INFO">criteria is com.coveiot.android.boat:id/share_button</msg>
<arg>${Share_button}</arg>
<arg>20</arg>
<doc>Waits until element specified with `locator` appears on current page.</doc>
<status status="PASS" start="2025-04-07T12:43:09.863047" elapsed="0.034901"/>
</kw>
<kw name="Wait Until Page Contains Element" owner="AppiumLibrary">
<msg time="2025-04-07T12:43:09.932832" level="INFO">criteria is com.coveiot.android.boat:id/share_close_image</msg>
<arg>${Close_ShareCard}</arg>
<arg>20</arg>
<doc>Waits until element specified with `locator` appears on current page.</doc>
<status status="PASS" start="2025-04-07T12:43:09.898954" elapsed="0.034992"/>
</kw>
<kw name="Click Element" owner="AppiumLibrary">
<msg time="2025-04-07T12:43:09.942742" level="INFO">Clicking element 'com.coveiot.android.boat:id/share_close_image'.</msg>
<msg time="2025-04-07T12:43:10.663750" level="INFO">criteria is com.coveiot.android.boat:id/share_close_image</msg>
<arg>${Close_ShareCard}</arg>
<doc>Click element identified by `locator`.</doc>
<status status="PASS" start="2025-04-07T12:43:09.933946" elapsed="0.729804"/>
</kw>
<kw name="Wait Until Page Contains Element" owner="AppiumLibrary">
<msg time="2025-04-07T12:43:10.750908" level="INFO">criteria is com.coveiot.android.boat:id/tvMonth</msg>
<arg>${Month_text}</arg>
<arg>20</arg>
<doc>Waits until element specified with `locator` appears on current page.</doc>
<status status="PASS" start="2025-04-07T12:43:10.663750" elapsed="0.087158"/>
</kw>
<kw name="Click Element" owner="AppiumLibrary">
<msg time="2025-04-07T12:43:10.758057" level="INFO">Clicking element 'com.coveiot.android.boat:id/tvMonth'.</msg>
<msg time="2025-04-07T12:43:10.885710" level="INFO">criteria is com.coveiot.android.boat:id/tvMonth</msg>
<arg>${Month_text}</arg>
<doc>Click element identified by `locator`.</doc>
<status status="PASS" start="2025-04-07T12:43:10.752025" elapsed="0.133685"/>
</kw>
<kw name="Wait Until Page Contains Element" owner="AppiumLibrary">
<msg time="2025-04-07T12:43:13.361098" level="INFO">criteria is com.coveiot.android.boat:id/ibShareVitals
criteria is com.coveiot.android.boat:id/ibShareVitals
criteria is com.coveiot.android.boat:id/ibShareVitals
criteria is com.coveiot.android.boat:id/ibShareVitals
criteria is com.coveiot.android.boat:id/ibShareVitals
criteria is com.coveiot.android.boat:id/ibShareVitals
criteria is com.coveiot.android.boat:id/ibShareVitals
criteria is com.coveiot.android.boat:id/ibShareVitals
criteria is com.coveiot.android.boat:id/ibShareVitals</msg>
<arg>${Share_Icon}</arg>
<arg>20</arg>
<doc>Waits until element specified with `locator` appears on current page.</doc>
<status status="PASS" start="2025-04-07T12:43:10.885710" elapsed="2.475388"/>
</kw>
<kw name="Click Element" owner="AppiumLibrary">
<msg time="2025-04-07T12:43:13.367753" level="INFO">Clicking element 'com.coveiot.android.boat:id/ibShareVitals'.</msg>
<msg time="2025-04-07T12:43:13.677099" level="INFO">criteria is com.coveiot.android.boat:id/ibShareVitals</msg>
<arg>${Share_Icon}</arg>
<doc>Click element identified by `locator`.</doc>
<status status="PASS" start="2025-04-07T12:43:13.362103" elapsed="0.314996"/>
</kw>
<kw name="Sleep" owner="BuiltIn">
<msg time="2025-04-07T12:43:17.678258" level="INFO">Slept 4 seconds.</msg>
<arg>4</arg>
<doc>Pauses the test executed for the given time.</doc>
<status status="PASS" start="2025-04-07T12:43:13.677099" elapsed="4.001159"/>
</kw>
<kw name="Wait Until Page Contains Element" owner="AppiumLibrary">
<msg time="2025-04-07T12:43:17.718660" level="INFO">criteria is com.coveiot.android.boat:id/iv_app_logo</msg>
<arg>${Cove_logo}</arg>
<arg>20</arg>
<doc>Waits until element specified with `locator` appears on current page.</doc>
<status status="PASS" start="2025-04-07T12:43:17.678258" elapsed="0.040402"/>
</kw>
<kw name="Wait Until Page Contains Element" owner="AppiumLibrary">
<msg time="2025-04-07T12:43:17.746718" level="INFO">criteria is com.coveiot.android.boat:id/iv_powered_cove</msg>
<arg>${Powerd_by_covetext}</arg>
<arg>20</arg>
<doc>Waits until element specified with `locator` appears on current page.</doc>
<status status="PASS" start="2025-04-07T12:43:17.718660" elapsed="0.028058"/>
</kw>
<kw name="Wait Until Page Contains Element" owner="AppiumLibrary">
<msg time="2025-04-07T12:43:17.777665" level="INFO">criteria is com.coveiot.android.boat:id/disclaimer_info</msg>
<arg>${desclimer_text}</arg>
<arg>20</arg>
<doc>Waits until element specified with `locator` appears on current page.</doc>
<status status="PASS" start="2025-04-07T12:43:17.746718" elapsed="0.031402"/>
</kw>
<kw name="Wait Until Page Contains Element" owner="AppiumLibrary">
<msg time="2025-04-07T12:43:17.812511" level="INFO">criteria is com.coveiot.android.boat:id/share_button</msg>
<arg>${Share_button}</arg>
<arg>20</arg>
<doc>Waits until element specified with `locator` appears on current page.</doc>
<status status="PASS" start="2025-04-07T12:43:17.778120" elapsed="0.034391"/>
</kw>
<kw name="Wait Until Page Contains Element" owner="AppiumLibrary">
<msg time="2025-04-07T12:43:17.846074" level="INFO">criteria is com.coveiot.android.boat:id/share_close_image</msg>
<arg>${Close_ShareCard}</arg>
<arg>20</arg>
<doc>Waits until element specified with `locator` appears on current page.</doc>
<status status="PASS" start="2025-04-07T12:43:17.812511" elapsed="0.033563"/>
</kw>
<kw name="Click Element" owner="AppiumLibrary">
<msg time="2025-04-07T12:43:17.853303" level="INFO">Clicking element 'com.coveiot.android.boat:id/share_close_image'.</msg>
<msg time="2025-04-07T12:43:18.980509" level="INFO">criteria is com.coveiot.android.boat:id/share_close_image</msg>
<arg>${Close_ShareCard}</arg>
<doc>Click element identified by `locator`.</doc>
<status status="PASS" start="2025-04-07T12:43:17.846074" elapsed="1.134435"/>
</kw>
<status status="PASS" start="2025-04-07T12:42:53.269839" elapsed="25.710670"/>
</kw>
<status status="PASS" start="2025-04-07T12:40:57.140851" elapsed="141.839658"/>
</test>
<status status="PASS" start="2025-04-07T12:40:56.932607" elapsed="142.049408"/>
</suite>
<status status="PASS" start="2025-04-07T12:40:56.931603" elapsed="142.050412"/>
</suite>
<status status="PASS" start="2025-04-07T12:40:56.901502" elapsed="142.082014"/>
</suite>
<statistics>
<total>
<stat pass="1" fail="0" skip="0">All Tests</stat>
</total>
<tag>
</tag>
<suite>
<stat pass="1" fail="0" skip="0" id="s1" name="Robot-Automation">Robot-Automation</stat>
<stat pass="1" fail="0" skip="0" id="s1-s1" name="QA Testcases">Robot-Automation.QA Testcases</stat>
<stat pass="1" fail="0" skip="0" id="s1-s1-s1" name="Test Practice">Robot-Automation.QA Testcases.Test Practice</stat>
</suite>
</statistics>
<errors>
</errors>
</robot>
